[12:09:03.184] Global cache location '/home/munyiri/.cache/typescript/4.8', safe file path '/home/munyiri/.emacs.d/.cache/lsp/npm/typescript/lib/node_modules/typescript/lib/typingSafeList.json', types map path /home/munyiri/.emacs.d/.cache/lsp/npm/typescript/lib/node_modules/typescript/lib/typesMap.json
[12:09:03.286] Processing cache location '/home/munyiri/.cache/typescript/4.8'
[12:09:03.287] Trying to find '/home/munyiri/.cache/typescript/4.8/package.json'...
[12:09:04.938] Loaded content of '/home/munyiri/.cache/typescript/4.8/package.json': {"private":true,"dependencies":{"types-registry":"^0.1.638"},"devDependencies":{"@types/babel__core":"^7.20.0","@types/babel__preset-env":"^7.9.2","@types/bluebird":"^3.5.38","@types/bootstrap":"^5.2.6","@types/ckeditor__ckeditor5-build-classic":"^29.0.1","@types/d":"^1.0.1","@types/eslint":"^8.21.3","@types/fs-extra":"^11.0.1","@types/jest":"^29.5.0","@types/js-cookie":"^3.0.2","@types/mocha":"^10.0.1","@types/mz":"^2.7.4","@types/node":"^18.13.0","@types/prettier":"^2.7.2","@types/q":"^1.5.5","@types/react":"^18.0.31","@types/react-bootstrap":"^0.32.32","@types/react-cookies":"^0.1.0","@types/react-datetime-picker":"^3.4.1","@types/react-dom":"^18.0.11","@types/react-google-recaptcha":"^2.1.5","@types/react-native":"^0.71.5","@types/react-native-calendars":"^1.1264.3","@types/react-native-dotenv":"^0.2.0","@types/react-native-loading-spinner-overlay":"^0.5.3","@types/react-native-push-notification":"^8.1.1","@types/react-native-share":"^3.3.3","@types/react-native-signature-capture":"^0.4.2","@types/react-native-vector-icons":"^6.4.13","@types/react-redux":"^7.1.25","@types/react-router":"^5.1.20","@types/react-router-dom":"^5.3.3","@types/react-test-renderer":"^18.0.0","@types/react-transition-group":"^4.4.5","@types/redux-mock-store":"^1.0.3","@types/request":"^2.48.8","@types/rsvp":"^4.0.4","@types/shortid":"^0.0.29","@types/testing-library__jest-dom":"^5.14.5","@types/when":"^2.4.34"}}
[12:09:04.938] Loaded content of '/home/munyiri/.cache/typescript/4.8/package-lock.json'
[12:09:05.062] Adding entry into typings cache: 'babel__core' => '/home/munyiri/.cache/typescript/4.8/node_modules/@types/babel__core/index.d.ts'
[12:09:05.229] Adding entry into typings cache: 'babel__preset-env' => '/home/munyiri/.cache/typescript/4.8/node_modules/@types/babel__preset-env/index.d.ts'
[12:09:05.261] Adding entry into typings cache: 'bluebird' => '/home/munyiri/.cache/typescript/4.8/node_modules/@types/bluebird/index.d.ts'
[12:09:05.645] Adding entry into typings cache: 'bootstrap' => '/home/munyiri/.cache/typescript/4.8/node_modules/@types/bootstrap/index.d.ts'
[12:09:05.667] Adding entry into typings cache: 'ckeditor__ckeditor5-build-classic' => '/home/munyiri/.cache/typescript/4.8/node_modules/@types/ckeditor__ckeditor5-build-classic/index.d.ts'
[12:09:05.700] Adding entry into typings cache: 'd' => '/home/munyiri/.cache/typescript/4.8/node_modules/@types/d/index.d.ts'
[12:09:05.795] Adding entry into typings cache: 'eslint' => '/home/munyiri/.cache/typescript/4.8/node_modules/@types/eslint/index.d.ts'
[12:09:05.820] Adding entry into typings cache: 'fs-extra' => '/home/munyiri/.cache/typescript/4.8/node_modules/@types/fs-extra/index.d.ts'
[12:09:05.835] Adding entry into typings cache: 'jest' => '/home/munyiri/.cache/typescript/4.8/node_modules/@types/jest/index.d.ts'
[12:09:05.864] Adding entry into typings cache: 'js-cookie' => '/home/munyiri/.cache/typescript/4.8/node_modules/@types/js-cookie/index.d.ts'
[12:09:05.906] Adding entry into typings cache: 'mocha' => '/home/munyiri/.cache/typescript/4.8/node_modules/@types/mocha/index.d.ts'
[12:09:05.919] Adding entry into typings cache: 'mz' => '/home/munyiri/.cache/typescript/4.8/node_modules/@types/mz/index.d.ts'
[12:09:05.973] Adding entry into typings cache: 'node' => '/home/munyiri/.cache/typescript/4.8/node_modules/@types/node/ts4.8/index.d.ts'
[12:09:06.036] Adding entry into typings cache: 'prettier' => '/home/munyiri/.cache/typescript/4.8/node_modules/@types/prettier/index.d.ts'
[12:09:06.066] Adding entry into typings cache: 'q' => '/home/munyiri/.cache/typescript/4.8/node_modules/@types/q/index.d.ts'
[12:09:06.228] Adding entry into typings cache: 'react' => '/home/munyiri/.cache/typescript/4.8/node_modules/@types/react/index.d.ts'
[12:09:06.259] Adding entry into typings cache: 'react-bootstrap' => '/home/munyiri/.cache/typescript/4.8/node_modules/@types/react-bootstrap/index.d.ts'
[12:09:06.310] Adding entry into typings cache: 'react-cookies' => '/home/munyiri/.cache/typescript/4.8/node_modules/@types/react-cookies/index.d.ts'
[12:09:06.332] Adding entry into typings cache: 'react-datetime-picker' => '/home/munyiri/.cache/typescript/4.8/node_modules/@types/react-datetime-picker/index.d.ts'
[12:09:06.367] Adding entry into typings cache: 'react-dom' => '/home/munyiri/.cache/typescript/4.8/node_modules/@types/react-dom/index.d.ts'
[12:09:06.394] Adding entry into typings cache: 'react-google-recaptcha' => '/home/munyiri/.cache/typescript/4.8/node_modules/@types/react-google-recaptcha/index.d.ts'
[12:09:06.458] Adding entry into typings cache: 'react-native' => '/home/munyiri/.cache/typescript/4.8/node_modules/@types/react-native/index.d.ts'
[12:09:06.522] Adding entry into typings cache: 'react-native-calendars' => '/home/munyiri/.cache/typescript/4.8/node_modules/@types/react-native-calendars/index.d.ts'
[12:09:06.573] Adding entry into typings cache: 'react-native-dotenv' => '/home/munyiri/.cache/typescript/4.8/node_modules/@types/react-native-dotenv/index.d.ts'
[12:09:06.575] Adding entry into typings cache: 'react-native-loading-spinner-overlay' => '/home/munyiri/.cache/typescript/4.8/node_modules/@types/react-native-loading-spinner-overlay/index.d.ts'
[12:09:06.577] Adding entry into typings cache: 'react-native-push-notification' => '/home/munyiri/.cache/typescript/4.8/node_modules/@types/react-native-push-notification/index.d.ts'
[12:09:06.579] Adding entry into typings cache: 'react-native-share' => '/home/munyiri/.cache/typescript/4.8/node_modules/@types/react-native-share/index.d.ts'
[12:09:06.581] Adding entry into typings cache: 'react-native-signature-capture' => '/home/munyiri/.cache/typescript/4.8/node_modules/@types/react-native-signature-capture/index.d.ts'
[12:09:06.585] Adding entry into typings cache: 'react-native-vector-icons' => '/home/munyiri/.cache/typescript/4.8/node_modules/@types/react-native-vector-icons/index.d.ts'
[12:09:06.628] Adding entry into typings cache: 'react-redux' => '/home/munyiri/.cache/typescript/4.8/node_modules/@types/react-redux/index.d.ts'
[12:09:06.662] Adding entry into typings cache: 'react-router' => '/home/munyiri/.cache/typescript/4.8/node_modules/@types/react-router/index.d.ts'
[12:09:06.693] Adding entry into typings cache: 'react-router-dom' => '/home/munyiri/.cache/typescript/4.8/node_modules/@types/react-router-dom/index.d.ts'
[12:09:06.700] Adding entry into typings cache: 'react-test-renderer' => '/home/munyiri/.cache/typescript/4.8/node_modules/@types/react-test-renderer/index.d.ts'
[12:09:06.735] Adding entry into typings cache: 'react-transition-group' => '/home/munyiri/.cache/typescript/4.8/node_modules/@types/react-transition-group/index.d.ts'
[12:09:06.793] Adding entry into typings cache: 'redux-mock-store' => '/home/munyiri/.cache/typescript/4.8/node_modules/@types/redux-mock-store/index.d.ts'
[12:09:06.798] Adding entry into typings cache: 'request' => '/home/munyiri/.cache/typescript/4.8/node_modules/@types/request/index.d.ts'
[12:09:06.857] Adding entry into typings cache: 'rsvp' => '/home/munyiri/.cache/typescript/4.8/node_modules/@types/rsvp/index.d.ts'
[12:09:06.870] Adding entry into typings cache: 'shortid' => '/home/munyiri/.cache/typescript/4.8/node_modules/@types/shortid/index.d.ts'
[12:09:06.961] Adding entry into typings cache: 'testing-library__jest-dom' => '/home/munyiri/.cache/typescript/4.8/node_modules/@types/testing-library__jest-dom/index.d.ts'
[12:09:06.964] Adding entry into typings cache: 'when' => '/home/munyiri/.cache/typescript/4.8/node_modules/@types/when/index.d.ts'
[12:09:06.964] Finished processing cache location '/home/munyiri/.cache/typescript/4.8'
[12:09:06.965] Process id: 12300
[12:09:06.965] NPM location: "/usr/bin/npm" (explicit '--npmLocation' not  provided)
[12:09:06.965] validateDefaultNpmLocation: true
[12:09:06.965] Npm config file: /home/munyiri/.cache/typescript/4.8/package.json
[12:09:06.965] Updating types-registry npm package...
[12:09:06.965] Exec: "/usr/bin/npm" install --ignore-scripts types-registry@latest
[12:09:27.728]     Succeeded. stdout:
    
    up to date, audited 175 packages in 6s

5 packages are looking for funding
  run `npm fund` for details

found 0 vulnerabilities

[12:09:27.729] Updated types-registry npm package
[12:09:58.071] Got install request {"projectName":"/dev/null/inferredProject1*","fileNames":["/home/munyiri/.emacs.d/.cache/lsp/npm/typescript/lib/node_modules/typescript/lib/lib.es5.d.ts","/home/munyiri/.emacs.d/.cache/lsp/npm/typescript/lib/node_modules/typescript/lib/lib.es2015.d.ts","/home/munyiri/.emacs.d/.cache/lsp/npm/typescript/lib/node_modules/typescript/lib/lib.es2016.d.ts","/home/munyiri/.emacs.d/.cache/lsp/npm/typescript/lib/node_modules/typescript/lib/lib.dom.d.ts","/home/munyiri/.emacs.d/.cache/lsp/npm/typescript/lib/node_modules/typescript/lib/lib.dom.iterable.d.ts","/home/munyiri/.emacs.d/.cache/lsp/npm/typescript/lib/node_modules/typescript/lib/lib.webworker.importscripts.d.ts","/home/munyiri/.emacs.d/.cache/lsp/npm/typescript/lib/node_modules/typescript/lib/lib.scripthost.d.ts","/home/munyiri/.emacs.d/.cache/lsp/npm/typescript/lib/node_modules/typescript/lib/lib.es2015.core.d.ts","/home/munyiri/.emacs.d/.cache/lsp/npm/typescript/lib/node_modules/typescript/lib/lib.es2015.collection.d.ts","/home/munyiri/.emacs.d/.cache/lsp/npm/typescript/lib/node_modules/typescript/lib/lib.es2015.generator.d.ts","/home/munyiri/.emacs.d/.cache/lsp/npm/typescript/lib/node_modules/typescript/lib/lib.es2015.iterable.d.ts","/home/munyiri/.emacs.d/.cache/lsp/npm/typescript/lib/node_modules/typescript/lib/lib.es2015.promise.d.ts","/home/munyiri/.emacs.d/.cache/lsp/npm/typescript/lib/node_modules/typescript/lib/lib.es2015.proxy.d.ts","/home/munyiri/.emacs.d/.cache/lsp/npm/typescript/lib/node_modules/typescript/lib/lib.es2015.reflect.d.ts","/home/munyiri/.emacs.d/.cache/lsp/npm/typescript/lib/node_modules/typescript/lib/lib.es2015.symbol.d.ts","/home/munyiri/.emacs.d/.cache/lsp/npm/typescript/lib/node_modules/typescript/lib/lib.es2015.symbol.wellknown.d.ts","/home/munyiri/.emacs.d/.cache/lsp/npm/typescript/lib/node_modules/typescript/lib/lib.es2016.array.include.d.ts","/home/munyiri/.emacs.d/.cache/lsp/npm/typescript/lib/node_modules/typescript/lib/lib.es2016.full.d.ts","/home/munyiri/HouseShare/src/components/Home.js"],"compilerOptions":{"module":1,"target":3,"jsx":1,"allowJs":true,"allowSyntheticDefaultImports":true,"allowNonTsExtensions":true,"noEmitForJsFiles":true,"maxNodeModuleJsDepth":2},"typeAcquisition":{"enable":true,"include":[],"exclude":[]},"unresolvedImports":[],"projectRootPath":"/home/munyiri/HouseShare","kind":"discover"}
[12:09:58.159] Loaded safelist from types map file '/home/munyiri/.emacs.d/.cache/lsp/npm/typescript/lib/node_modules/typescript/lib/typesMap.json'
[12:09:58.159] Explicitly included types: []
[12:09:58.199] Typing names in '/home/munyiri/HouseShare/package.json' dependencies: ["@react-native-community/geolocation","@reduxjs/toolkit","expo","expo-splash-screen","expo-status-bar","react","react-native","react-native-open-maps","react-redux","@babel/core","@types/react-redux"]
[12:09:58.199] Searching for typing names in /home/munyiri/HouseShare/node_modules; all files: ["/home/munyiri/HouseShare/node_modules/@react-native-community/geolocation/package.json","/home/munyiri/HouseShare/node_modules/@reduxjs/toolkit/package.json","/home/munyiri/HouseShare/node_modules/expo/package.json","/home/munyiri/HouseShare/node_modules/expo-splash-screen/package.json","/home/munyiri/HouseShare/node_modules/expo-status-bar/package.json","/home/munyiri/HouseShare/node_modules/react/package.json","/home/munyiri/HouseShare/node_modules/react-native/package.json","/home/munyiri/HouseShare/node_modules/react-native-open-maps/package.json","/home/munyiri/HouseShare/node_modules/react-redux/package.json","/home/munyiri/HouseShare/node_modules/@babel/core/package.json","/home/munyiri/HouseShare/node_modules/@types/react-redux/package.json"]
[12:09:58.217]     Package '@react-native-community/geolocation' provides its own types.
[12:09:58.220]     Package '@reduxjs/toolkit' provides its own types.
[12:09:58.224]     Package 'expo' provides its own types.
[12:09:58.225]     Package 'expo-splash-screen' provides its own types.
[12:09:58.226]     Package 'expo-status-bar' provides its own types.
[12:09:58.246]     Package 'react-native' provides its own types but they are missing.
[12:09:58.285]     Package 'react-redux' provides its own types.
[12:09:58.310]     Package '@types/react-redux' provides its own types.
[12:09:58.311]     Found package names: ["react","react-native-open-maps","@babel/core"]
[12:09:58.311] Inferred typings from unresolved imports: []
[12:09:58.311] Result: {"cachedTypingPaths":["/home/munyiri/HouseShare/node_modules/@react-native-community/geolocation/lib/typescript/index.d.ts","/home/munyiri/HouseShare/node_modules/@reduxjs/toolkit/dist/index.d.ts","/home/munyiri/HouseShare/node_modules/expo/build/Expo.d.ts","/home/munyiri/HouseShare/node_modules/expo-splash-screen/build/index.d.ts","/home/munyiri/HouseShare/node_modules/expo-status-bar/build/StatusBar.d.ts","/home/munyiri/.cache/typescript/4.8/node_modules/@types/react/index.d.ts","/home/munyiri/.cache/typescript/4.8/node_modules/@types/react-native/index.d.ts","/home/munyiri/HouseShare/node_modules/react-redux/es/index.d.ts","/home/munyiri/HouseShare/node_modules/@types/react-redux/index.d.ts"],"newTypingNames":["react-native-open-maps","@babel/core"],"filesToWatch":["/home/munyiri/HouseShare/src/components/bower_components","/home/munyiri/HouseShare/src/components/node_modules","/home/munyiri/HouseShare/bower_components","/home/munyiri/HouseShare/package.json","/home/munyiri/HouseShare/node_modules"]}
[12:09:58.312] Finished typings discovery: {"cachedTypingPaths":["/home/munyiri/HouseShare/node_modules/@react-native-community/geolocation/lib/typescript/index.d.ts","/home/munyiri/HouseShare/node_modules/@reduxjs/toolkit/dist/index.d.ts","/home/munyiri/HouseShare/node_modules/expo/build/Expo.d.ts","/home/munyiri/HouseShare/node_modules/expo-splash-screen/build/index.d.ts","/home/munyiri/HouseShare/node_modules/expo-status-bar/build/StatusBar.d.ts","/home/munyiri/.cache/typescript/4.8/node_modules/@types/react/index.d.ts","/home/munyiri/.cache/typescript/4.8/node_modules/@types/react-native/index.d.ts","/home/munyiri/HouseShare/node_modules/react-redux/es/index.d.ts","/home/munyiri/HouseShare/node_modules/@types/react-redux/index.d.ts"],"newTypingNames":["react-native-open-maps","@babel/core"],"filesToWatch":["/home/munyiri/HouseShare/src/components/bower_components","/home/munyiri/HouseShare/src/components/node_modules","/home/munyiri/HouseShare/bower_components","/home/munyiri/HouseShare/package.json","/home/munyiri/HouseShare/node_modules"]}
[12:09:58.312] DirectoryWatcher:: Added:: WatchInfo: /home/munyiri/HouseShare/src
[12:09:58.312] DirectoryWatcher:: Added:: WatchInfo: /home/munyiri/HouseShare/src 1 undefined Project: /dev/null/inferredProject1* watcher already invoked: false
[12:09:58.314] Elapsed:: 2.1539799999445677ms DirectoryWatcher:: Added:: WatchInfo: /home/munyiri/HouseShare/src 1 undefined Project: /dev/null/inferredProject1* watcher already invoked: false
[12:09:58.315] DirectoryWatcher:: Added:: WatchInfo: /home/munyiri/HouseShare/bower_components
[12:09:58.315] DirectoryWatcher:: Added:: WatchInfo: /home/munyiri/HouseShare/bower_components 1 undefined Project: /dev/null/inferredProject1* watcher already invoked: false
[12:09:58.315] Elapsed:: 0.7447369992733002ms DirectoryWatcher:: Added:: WatchInfo: /home/munyiri/HouseShare/bower_components 1 undefined Project: /dev/null/inferredProject1* watcher already invoked: false
[12:09:58.315] FileWatcher:: Added:: WatchInfo: /home/munyiri/HouseShare/package.json
[12:09:58.316] FileWatcher:: Added:: WatchInfo: /home/munyiri/HouseShare/package.json 2000 undefined Project: /dev/null/inferredProject1* watcher already invoked: false
[12:09:58.316] DirectoryWatcher:: Added:: WatchInfo: /home/munyiri/HouseShare/node_modules
[12:09:58.316] DirectoryWatcher:: Added:: WatchInfo: /home/munyiri/HouseShare/node_modules 1 undefined Project: /dev/null/inferredProject1* watcher already invoked: false
[12:09:58.779] Elapsed:: 462.92791000008583ms DirectoryWatcher:: Added:: WatchInfo: /home/munyiri/HouseShare/node_modules 1 undefined Project: /dev/null/inferredProject1* watcher already invoked: false
[12:09:58.779] Installing typings ["react-native-open-maps","@babel/core"]
[12:09:58.780] 'react-native-open-maps':: Entry for package 'react-native-open-maps' does not exist in local types registry - skipping...
[12:09:58.780] '@babel/core':: 'babel__core' already has an up-to-date typing - skipping...
[12:09:58.780] All typings are known to be missing or invalid - no need to install more typings
[12:09:58.780] Sending response:
    {"projectName":"/dev/null/inferredProject1*","typeAcquisition":{"enable":true,"include":[],"exclude":[]},"compilerOptions":{"module":1,"target":3,"jsx":1,"allowJs":true,"allowSyntheticDefaultImports":true,"allowNonTsExtensions":true,"noEmitForJsFiles":true,"maxNodeModuleJsDepth":2},"typings":["/home/munyiri/HouseShare/node_modules/@react-native-community/geolocation/lib/typescript/index.d.ts","/home/munyiri/HouseShare/node_modules/@reduxjs/toolkit/dist/index.d.ts","/home/munyiri/HouseShare/node_modules/expo/build/Expo.d.ts","/home/munyiri/HouseShare/node_modules/expo-splash-screen/build/index.d.ts","/home/munyiri/HouseShare/node_modules/expo-status-bar/build/StatusBar.d.ts","/home/munyiri/.cache/typescript/4.8/node_modules/@types/react/index.d.ts","/home/munyiri/.cache/typescript/4.8/node_modules/@types/react-native/index.d.ts","/home/munyiri/HouseShare/node_modules/react-redux/es/index.d.ts","/home/munyiri/HouseShare/node_modules/@types/react-redux/index.d.ts"],"unresolvedImports":[],"kind":"action::set"}
[12:09:58.782] Response has been sent.
