[06:03:47.432] Global cache location '/home/munyiri/.cache/typescript/4.8', safe file path '/home/munyiri/.emacs.d/.cache/lsp/npm/typescript/lib/node_modules/typescript/lib/typingSafeList.json', types map path /home/munyiri/.emacs.d/.cache/lsp/npm/typescript/lib/node_modules/typescript/lib/typesMap.json
[06:03:47.434] Processing cache location '/home/munyiri/.cache/typescript/4.8'
[06:03:47.434] Trying to find '/home/munyiri/.cache/typescript/4.8/package.json'...
[06:03:47.438] Loaded content of '/home/munyiri/.cache/typescript/4.8/package.json': {"private":true,"dependencies":{"types-registry":"^0.1.636"},"devDependencies":{"@types/babel__core":"^7.20.0","@types/babel__preset-env":"^7.9.2","@types/bluebird":"^3.5.38","@types/bootstrap":"^5.2.6","@types/ckeditor__ckeditor5-build-classic":"^29.0.1","@types/d":"^1.0.1","@types/eslint":"^8.21.3","@types/fs-extra":"^11.0.1","@types/jest":"^29.5.0","@types/js-cookie":"^3.0.2","@types/mocha":"^10.0.1","@types/mz":"^2.7.4","@types/node":"^18.13.0","@types/q":"^1.5.5","@types/react":"^18.0.28","@types/react-bootstrap":"^0.32.32","@types/react-cookies":"^0.1.0","@types/react-datetime-picker":"^3.4.1","@types/react-dom":"^18.0.11","@types/react-google-recaptcha":"^2.1.5","@types/react-native":"^0.71.3","@types/react-native-calendars":"^1.1264.3","@types/react-native-dotenv":"^0.2.0","@types/react-native-loading-spinner-overlay":"^0.5.3","@types/react-native-push-notification":"^8.1.1","@types/react-native-share":"^3.3.3","@types/react-native-signature-capture":"^0.4.2","@types/react-native-vector-icons":"^6.4.13","@types/react-redux":"^7.1.25","@types/react-router":"^5.1.20","@types/react-router-dom":"^5.3.3","@types/react-test-renderer":"^18.0.0","@types/react-transition-group":"^4.4.5","@types/redux-mock-store":"^1.0.3","@types/request":"^2.48.8","@types/rsvp":"^4.0.4","@types/shortid":"^0.0.29","@types/testing-library__jest-dom":"^5.14.5","@types/when":"^2.4.34"}}
[06:03:47.439] Loaded content of '/home/munyiri/.cache/typescript/4.8/package-lock.json'
[06:03:47.459] Adding entry into typings cache: 'babel__core' => '/home/munyiri/.cache/typescript/4.8/node_modules/@types/babel__core/index.d.ts'
[06:03:47.462] Adding entry into typings cache: 'babel__preset-env' => '/home/munyiri/.cache/typescript/4.8/node_modules/@types/babel__preset-env/index.d.ts'
[06:03:47.464] Adding entry into typings cache: 'bluebird' => '/home/munyiri/.cache/typescript/4.8/node_modules/@types/bluebird/index.d.ts'
[06:03:47.467] Adding entry into typings cache: 'bootstrap' => '/home/munyiri/.cache/typescript/4.8/node_modules/@types/bootstrap/index.d.ts'
[06:03:47.470] Adding entry into typings cache: 'ckeditor__ckeditor5-build-classic' => '/home/munyiri/.cache/typescript/4.8/node_modules/@types/ckeditor__ckeditor5-build-classic/index.d.ts'
[06:03:47.472] Adding entry into typings cache: 'd' => '/home/munyiri/.cache/typescript/4.8/node_modules/@types/d/index.d.ts'
[06:03:47.474] Adding entry into typings cache: 'eslint' => '/home/munyiri/.cache/typescript/4.8/node_modules/@types/eslint/index.d.ts'
[06:03:47.478] Adding entry into typings cache: 'fs-extra' => '/home/munyiri/.cache/typescript/4.8/node_modules/@types/fs-extra/index.d.ts'
[06:03:47.486] Adding entry into typings cache: 'jest' => '/home/munyiri/.cache/typescript/4.8/node_modules/@types/jest/index.d.ts'
[06:03:47.489] Adding entry into typings cache: 'js-cookie' => '/home/munyiri/.cache/typescript/4.8/node_modules/@types/js-cookie/index.d.ts'
[06:03:47.492] Adding entry into typings cache: 'mocha' => '/home/munyiri/.cache/typescript/4.8/node_modules/@types/mocha/index.d.ts'
[06:03:47.494] Adding entry into typings cache: 'mz' => '/home/munyiri/.cache/typescript/4.8/node_modules/@types/mz/index.d.ts'
[06:03:47.501] Adding entry into typings cache: 'node' => '/home/munyiri/.cache/typescript/4.8/node_modules/@types/node/ts4.8/index.d.ts'
[06:03:47.503] Adding entry into typings cache: 'q' => '/home/munyiri/.cache/typescript/4.8/node_modules/@types/q/index.d.ts'
[06:03:47.509] Adding entry into typings cache: 'react' => '/home/munyiri/.cache/typescript/4.8/node_modules/@types/react/index.d.ts'
[06:03:47.512] Adding entry into typings cache: 'react-bootstrap' => '/home/munyiri/.cache/typescript/4.8/node_modules/@types/react-bootstrap/index.d.ts'
[06:03:47.514] Adding entry into typings cache: 'react-cookies' => '/home/munyiri/.cache/typescript/4.8/node_modules/@types/react-cookies/index.d.ts'
[06:03:47.515] Adding entry into typings cache: 'react-datetime-picker' => '/home/munyiri/.cache/typescript/4.8/node_modules/@types/react-datetime-picker/index.d.ts'
[06:03:47.517] Adding entry into typings cache: 'react-dom' => '/home/munyiri/.cache/typescript/4.8/node_modules/@types/react-dom/index.d.ts'
[06:03:47.519] Adding entry into typings cache: 'react-google-recaptcha' => '/home/munyiri/.cache/typescript/4.8/node_modules/@types/react-google-recaptcha/index.d.ts'
[06:03:47.525] Adding entry into typings cache: 'react-native' => '/home/munyiri/.cache/typescript/4.8/node_modules/@types/react-native/index.d.ts'
[06:03:47.527] Adding entry into typings cache: 'react-native-calendars' => '/home/munyiri/.cache/typescript/4.8/node_modules/@types/react-native-calendars/index.d.ts'
[06:03:47.530] Adding entry into typings cache: 'react-native-dotenv' => '/home/munyiri/.cache/typescript/4.8/node_modules/@types/react-native-dotenv/index.d.ts'
[06:03:47.531] Adding entry into typings cache: 'react-native-loading-spinner-overlay' => '/home/munyiri/.cache/typescript/4.8/node_modules/@types/react-native-loading-spinner-overlay/index.d.ts'
[06:03:47.533] Adding entry into typings cache: 'react-native-push-notification' => '/home/munyiri/.cache/typescript/4.8/node_modules/@types/react-native-push-notification/index.d.ts'
[06:03:47.535] Adding entry into typings cache: 'react-native-share' => '/home/munyiri/.cache/typescript/4.8/node_modules/@types/react-native-share/index.d.ts'
[06:03:47.537] Adding entry into typings cache: 'react-native-signature-capture' => '/home/munyiri/.cache/typescript/4.8/node_modules/@types/react-native-signature-capture/index.d.ts'
[06:03:47.538] Adding entry into typings cache: 'react-native-vector-icons' => '/home/munyiri/.cache/typescript/4.8/node_modules/@types/react-native-vector-icons/index.d.ts'
[06:03:47.547] Adding entry into typings cache: 'react-redux' => '/home/munyiri/.cache/typescript/4.8/node_modules/@types/react-redux/index.d.ts'
[06:03:47.551] Adding entry into typings cache: 'react-router' => '/home/munyiri/.cache/typescript/4.8/node_modules/@types/react-router/index.d.ts'
[06:03:47.552] Adding entry into typings cache: 'react-router-dom' => '/home/munyiri/.cache/typescript/4.8/node_modules/@types/react-router-dom/index.d.ts'
[06:03:47.554] Adding entry into typings cache: 'react-test-renderer' => '/home/munyiri/.cache/typescript/4.8/node_modules/@types/react-test-renderer/index.d.ts'
[06:03:47.556] Adding entry into typings cache: 'react-transition-group' => '/home/munyiri/.cache/typescript/4.8/node_modules/@types/react-transition-group/index.d.ts'
[06:03:47.559] Adding entry into typings cache: 'redux-mock-store' => '/home/munyiri/.cache/typescript/4.8/node_modules/@types/redux-mock-store/index.d.ts'
[06:03:47.561] Adding entry into typings cache: 'request' => '/home/munyiri/.cache/typescript/4.8/node_modules/@types/request/index.d.ts'
[06:03:47.562] Adding entry into typings cache: 'rsvp' => '/home/munyiri/.cache/typescript/4.8/node_modules/@types/rsvp/index.d.ts'
[06:03:47.563] Adding entry into typings cache: 'shortid' => '/home/munyiri/.cache/typescript/4.8/node_modules/@types/shortid/index.d.ts'
[06:03:47.573] Adding entry into typings cache: 'testing-library__jest-dom' => '/home/munyiri/.cache/typescript/4.8/node_modules/@types/testing-library__jest-dom/index.d.ts'
[06:03:47.574] Adding entry into typings cache: 'when' => '/home/munyiri/.cache/typescript/4.8/node_modules/@types/when/index.d.ts'
[06:03:47.574] Finished processing cache location '/home/munyiri/.cache/typescript/4.8'
[06:03:47.574] Process id: 12967
[06:03:47.574] NPM location: "/usr/bin/npm" (explicit '--npmLocation' not  provided)
[06:03:47.575] validateDefaultNpmLocation: true
[06:03:47.575] Npm config file: /home/munyiri/.cache/typescript/4.8/package.json
[06:03:47.575] Updating types-registry npm package...
[06:03:47.575] Exec: "/usr/bin/npm" install --ignore-scripts types-registry@latest
[06:03:49.654]     Succeeded. stdout:
    
    up to date, audited 174 packages in 2s

5 packages are looking for funding
  run `npm fund` for details

found 0 vulnerabilities

[06:03:49.654] Updated types-registry npm package
[06:03:50.820] Got install request {"projectName":"/dev/null/inferredProject1*","fileNames":["/home/munyiri/.emacs.d/.cache/lsp/npm/typescript/lib/node_modules/typescript/lib/lib.es5.d.ts","/home/munyiri/.emacs.d/.cache/lsp/npm/typescript/lib/node_modules/typescript/lib/lib.es2015.d.ts","/home/munyiri/.emacs.d/.cache/lsp/npm/typescript/lib/node_modules/typescript/lib/lib.es2016.d.ts","/home/munyiri/.emacs.d/.cache/lsp/npm/typescript/lib/node_modules/typescript/lib/lib.dom.d.ts","/home/munyiri/.emacs.d/.cache/lsp/npm/typescript/lib/node_modules/typescript/lib/lib.dom.iterable.d.ts","/home/munyiri/.emacs.d/.cache/lsp/npm/typescript/lib/node_modules/typescript/lib/lib.webworker.importscripts.d.ts","/home/munyiri/.emacs.d/.cache/lsp/npm/typescript/lib/node_modules/typescript/lib/lib.scripthost.d.ts","/home/munyiri/.emacs.d/.cache/lsp/npm/typescript/lib/node_modules/typescript/lib/lib.es2015.core.d.ts","/home/munyiri/.emacs.d/.cache/lsp/npm/typescript/lib/node_modules/typescript/lib/lib.es2015.collection.d.ts","/home/munyiri/.emacs.d/.cache/lsp/npm/typescript/lib/node_modules/typescript/lib/lib.es2015.generator.d.ts","/home/munyiri/.emacs.d/.cache/lsp/npm/typescript/lib/node_modules/typescript/lib/lib.es2015.iterable.d.ts","/home/munyiri/.emacs.d/.cache/lsp/npm/typescript/lib/node_modules/typescript/lib/lib.es2015.promise.d.ts","/home/munyiri/.emacs.d/.cache/lsp/npm/typescript/lib/node_modules/typescript/lib/lib.es2015.proxy.d.ts","/home/munyiri/.emacs.d/.cache/lsp/npm/typescript/lib/node_modules/typescript/lib/lib.es2015.reflect.d.ts","/home/munyiri/.emacs.d/.cache/lsp/npm/typescript/lib/node_modules/typescript/lib/lib.es2015.symbol.d.ts","/home/munyiri/.emacs.d/.cache/lsp/npm/typescript/lib/node_modules/typescript/lib/lib.es2015.symbol.wellknown.d.ts","/home/munyiri/.emacs.d/.cache/lsp/npm/typescript/lib/node_modules/typescript/lib/lib.es2016.array.include.d.ts","/home/munyiri/.emacs.d/.cache/lsp/npm/typescript/lib/node_modules/typescript/lib/lib.es2016.full.d.ts","/home/munyiri/HouseShare/App.js"],"compilerOptions":{"module":1,"target":3,"jsx":1,"allowJs":true,"allowSyntheticDefaultImports":true,"allowNonTsExtensions":true,"noEmitForJsFiles":true,"maxNodeModuleJsDepth":2},"typeAcquisition":{"enable":true,"include":[],"exclude":[]},"unresolvedImports":[],"projectRootPath":"/home/munyiri/HouseShare","kind":"discover"}
[06:03:50.867] Loaded safelist from types map file '/home/munyiri/.emacs.d/.cache/lsp/npm/typescript/lib/node_modules/typescript/lib/typesMap.json'
[06:03:50.868] Explicitly included types: []
[06:03:50.869] Typing names in '/home/munyiri/HouseShare/package.json' dependencies: ["expo","expo-splash-screen","expo-status-bar","react","react-native","@babel/core"]
[06:03:50.870] Searching for typing names in /home/munyiri/HouseShare/node_modules; all files: ["/home/munyiri/HouseShare/node_modules/expo/package.json","/home/munyiri/HouseShare/node_modules/expo-splash-screen/package.json","/home/munyiri/HouseShare/node_modules/expo-status-bar/package.json","/home/munyiri/HouseShare/node_modules/react/package.json","/home/munyiri/HouseShare/node_modules/react-native/package.json","/home/munyiri/HouseShare/node_modules/@babel/core/package.json"]
[06:03:50.872]     Package 'expo' provides its own types.
[06:03:50.873]     Package 'expo-splash-screen' provides its own types.
[06:03:50.875]     Package 'expo-status-bar' provides its own types.
[06:03:50.881]     Package 'react-native' provides its own types but they are missing.
[06:03:50.883]     Found package names: ["react","@babel/core"]
[06:03:50.884] Inferred typings from unresolved imports: []
[06:03:50.885] Result: {"cachedTypingPaths":["/home/munyiri/HouseShare/node_modules/expo/build/Expo.d.ts","/home/munyiri/HouseShare/node_modules/expo-splash-screen/build/index.d.ts","/home/munyiri/HouseShare/node_modules/expo-status-bar/build/StatusBar.d.ts","/home/munyiri/.cache/typescript/4.8/node_modules/@types/react/index.d.ts","/home/munyiri/.cache/typescript/4.8/node_modules/@types/react-native/index.d.ts"],"newTypingNames":["@babel/core"],"filesToWatch":["/home/munyiri/HouseShare/bower_components","/home/munyiri/HouseShare/package.json","/home/munyiri/HouseShare/node_modules"]}
[06:03:50.885] Finished typings discovery: {"cachedTypingPaths":["/home/munyiri/HouseShare/node_modules/expo/build/Expo.d.ts","/home/munyiri/HouseShare/node_modules/expo-splash-screen/build/index.d.ts","/home/munyiri/HouseShare/node_modules/expo-status-bar/build/StatusBar.d.ts","/home/munyiri/.cache/typescript/4.8/node_modules/@types/react/index.d.ts","/home/munyiri/.cache/typescript/4.8/node_modules/@types/react-native/index.d.ts"],"newTypingNames":["@babel/core"],"filesToWatch":["/home/munyiri/HouseShare/bower_components","/home/munyiri/HouseShare/package.json","/home/munyiri/HouseShare/node_modules"]}
[06:03:50.886] DirectoryWatcher:: Added:: WatchInfo: /home/munyiri/HouseShare/bower_components
[06:03:50.887] DirectoryWatcher:: Added:: WatchInfo: /home/munyiri/HouseShare/bower_components 1 undefined Project: /dev/null/inferredProject1* watcher already invoked: false
[06:03:50.889] Elapsed:: 2.282396998256445ms DirectoryWatcher:: Added:: WatchInfo: /home/munyiri/HouseShare/bower_components 1 undefined Project: /dev/null/inferredProject1* watcher already invoked: false
[06:03:50.890] FileWatcher:: Added:: WatchInfo: /home/munyiri/HouseShare/package.json
[06:03:50.890] FileWatcher:: Added:: WatchInfo: /home/munyiri/HouseShare/package.json 2000 undefined Project: /dev/null/inferredProject1* watcher already invoked: false
[06:03:50.890] DirectoryWatcher:: Added:: WatchInfo: /home/munyiri/HouseShare/node_modules
[06:03:50.890] DirectoryWatcher:: Added:: WatchInfo: /home/munyiri/HouseShare/node_modules 1 undefined Project: /dev/null/inferredProject1* watcher already invoked: false
[06:03:51.313] Elapsed:: 423.0133569985628ms DirectoryWatcher:: Added:: WatchInfo: /home/munyiri/HouseShare/node_modules 1 undefined Project: /dev/null/inferredProject1* watcher already invoked: false
[06:03:51.313] Installing typings ["@babel/core"]
[06:03:51.314] '@babel/core':: 'babel__core' already has an up-to-date typing - skipping...
[06:03:51.314] All typings are known to be missing or invalid - no need to install more typings
[06:03:51.314] Sending response:
    {"projectName":"/dev/null/inferredProject1*","typeAcquisition":{"enable":true,"include":[],"exclude":[]},"compilerOptions":{"module":1,"target":3,"jsx":1,"allowJs":true,"allowSyntheticDefaultImports":true,"allowNonTsExtensions":true,"noEmitForJsFiles":true,"maxNodeModuleJsDepth":2},"typings":["/home/munyiri/HouseShare/node_modules/expo/build/Expo.d.ts","/home/munyiri/HouseShare/node_modules/expo-splash-screen/build/index.d.ts","/home/munyiri/HouseShare/node_modules/expo-status-bar/build/StatusBar.d.ts","/home/munyiri/.cache/typescript/4.8/node_modules/@types/react/index.d.ts","/home/munyiri/.cache/typescript/4.8/node_modules/@types/react-native/index.d.ts"],"unresolvedImports":[],"kind":"action::set"}
[06:03:51.314] Response has been sent.
[06:03:52.042] Got install request {"projectName":"/dev/null/inferredProject1*","fileNames":["/home/munyiri/.emacs.d/.cache/lsp/npm/typescript/lib/node_modules/typescript/lib/lib.es5.d.ts","/home/munyiri/.emacs.d/.cache/lsp/npm/typescript/lib/node_modules/typescript/lib/lib.es2015.d.ts","/home/munyiri/.emacs.d/.cache/lsp/npm/typescript/lib/node_modules/typescript/lib/lib.es2016.d.ts","/home/munyiri/.emacs.d/.cache/lsp/npm/typescript/lib/node_modules/typescript/lib/lib.dom.d.ts","/home/munyiri/.emacs.d/.cache/lsp/npm/typescript/lib/node_modules/typescript/lib/lib.dom.iterable.d.ts","/home/munyiri/.emacs.d/.cache/lsp/npm/typescript/lib/node_modules/typescript/lib/lib.webworker.importscripts.d.ts","/home/munyiri/.emacs.d/.cache/lsp/npm/typescript/lib/node_modules/typescript/lib/lib.scripthost.d.ts","/home/munyiri/.emacs.d/.cache/lsp/npm/typescript/lib/node_modules/typescript/lib/lib.es2015.core.d.ts","/home/munyiri/.emacs.d/.cache/lsp/npm/typescript/lib/node_modules/typescript/lib/lib.es2015.collection.d.ts","/home/munyiri/.emacs.d/.cache/lsp/npm/typescript/lib/node_modules/typescript/lib/lib.es2015.generator.d.ts","/home/munyiri/.emacs.d/.cache/lsp/npm/typescript/lib/node_modules/typescript/lib/lib.es2015.iterable.d.ts","/home/munyiri/.emacs.d/.cache/lsp/npm/typescript/lib/node_modules/typescript/lib/lib.es2015.promise.d.ts","/home/munyiri/.emacs.d/.cache/lsp/npm/typescript/lib/node_modules/typescript/lib/lib.es2015.proxy.d.ts","/home/munyiri/.emacs.d/.cache/lsp/npm/typescript/lib/node_modules/typescript/lib/lib.es2015.reflect.d.ts","/home/munyiri/.emacs.d/.cache/lsp/npm/typescript/lib/node_modules/typescript/lib/lib.es2015.symbol.d.ts","/home/munyiri/.emacs.d/.cache/lsp/npm/typescript/lib/node_modules/typescript/lib/lib.es2015.symbol.wellknown.d.ts","/home/munyiri/.emacs.d/.cache/lsp/npm/typescript/lib/node_modules/typescript/lib/lib.es2016.array.include.d.ts","/home/munyiri/.emacs.d/.cache/lsp/npm/typescript/lib/node_modules/typescript/lib/lib.es2016.full.d.ts","/home/munyiri/.cache/typescript/4.8/node_modules/@types/react/global.d.ts","/home/munyiri/.cache/typescript/4.8/node_modules/@types/react/index.d.ts","/home/munyiri/HouseShare/App.js","/home/munyiri/.cache/typescript/4.8/node_modules/@types/react-native/modules/BatchedBridge.d.ts","/home/munyiri/.cache/typescript/4.8/node_modules/@types/react-native/modules/Codegen.d.ts","/home/munyiri/.cache/typescript/4.8/node_modules/@types/react-native/modules/Devtools.d.ts","/home/munyiri/.cache/typescript/4.8/node_modules/@types/react-native/modules/globals.d.ts","/home/munyiri/.cache/typescript/4.8/node_modules/@types/react-native/modules/LaunchScreen.d.ts","/home/munyiri/.cache/typescript/4.8/node_modules/@types/react-native/index.d.ts","/home/munyiri/HouseShare/node_modules/expo-splash-screen/build/index.d.ts","/home/munyiri/HouseShare/node_modules/expo-status-bar/build/StatusBar.d.ts","/home/munyiri/HouseShare/node_modules/expo/build/Expo.d.ts"],"compilerOptions":{"module":1,"target":3,"jsx":1,"allowJs":true,"allowSyntheticDefaultImports":true,"allowNonTsExtensions":true,"noEmitForJsFiles":true,"maxNodeModuleJsDepth":2},"typeAcquisition":{"enable":true,"include":[],"exclude":[]},"unresolvedImports":["react-native"],"projectRootPath":"/home/munyiri/HouseShare","kind":"discover"}
[06:03:52.042] Explicitly included types: []
[06:03:52.043] Typing names in '/home/munyiri/HouseShare/package.json' dependencies: ["expo","expo-splash-screen","expo-status-bar","react","react-native","@babel/core"]
[06:03:52.043] Searching for typing names in /home/munyiri/HouseShare/node_modules; all files: ["/home/munyiri/HouseShare/node_modules/expo/package.json","/home/munyiri/HouseShare/node_modules/expo-splash-screen/package.json","/home/munyiri/HouseShare/node_modules/expo-status-bar/package.json","/home/munyiri/HouseShare/node_modules/react/package.json","/home/munyiri/HouseShare/node_modules/react-native/package.json","/home/munyiri/HouseShare/node_modules/@babel/core/package.json"]
[06:03:52.048]     Package 'expo' provides its own types.
[06:03:52.050]     Package 'expo-splash-screen' provides its own types.
[06:03:52.050]     Package 'expo-status-bar' provides its own types.
[06:03:52.067]     Package 'react-native' provides its own types but they are missing.
[06:03:52.074]     Found package names: ["react","@babel/core"]
[06:03:52.075] Inferred typings from unresolved imports: ["react-native"]
[06:03:52.075] Result: {"cachedTypingPaths":["/home/munyiri/HouseShare/node_modules/expo/build/Expo.d.ts","/home/munyiri/HouseShare/node_modules/expo-splash-screen/build/index.d.ts","/home/munyiri/HouseShare/node_modules/expo-status-bar/build/StatusBar.d.ts","/home/munyiri/.cache/typescript/4.8/node_modules/@types/react/index.d.ts","/home/munyiri/.cache/typescript/4.8/node_modules/@types/react-native/index.d.ts"],"newTypingNames":["@babel/core"],"filesToWatch":["/home/munyiri/HouseShare/bower_components","/home/munyiri/HouseShare/package.json","/home/munyiri/HouseShare/node_modules"]}
[06:03:52.076] Finished typings discovery: {"cachedTypingPaths":["/home/munyiri/HouseShare/node_modules/expo/build/Expo.d.ts","/home/munyiri/HouseShare/node_modules/expo-splash-screen/build/index.d.ts","/home/munyiri/HouseShare/node_modules/expo-status-bar/build/StatusBar.d.ts","/home/munyiri/.cache/typescript/4.8/node_modules/@types/react/index.d.ts","/home/munyiri/.cache/typescript/4.8/node_modules/@types/react-native/index.d.ts"],"newTypingNames":["@babel/core"],"filesToWatch":["/home/munyiri/HouseShare/bower_components","/home/munyiri/HouseShare/package.json","/home/munyiri/HouseShare/node_modules"]}
[06:03:52.077] Installing typings ["@babel/core"]
[06:03:52.078] '@babel/core':: 'babel__core' already has an up-to-date typing - skipping...
[06:03:52.078] All typings are known to be missing or invalid - no need to install more typings
[06:03:52.079] Sending response:
    {"projectName":"/dev/null/inferredProject1*","typeAcquisition":{"enable":true,"include":[],"exclude":[]},"compilerOptions":{"module":1,"target":3,"jsx":1,"allowJs":true,"allowSyntheticDefaultImports":true,"allowNonTsExtensions":true,"noEmitForJsFiles":true,"maxNodeModuleJsDepth":2},"typings":["/home/munyiri/HouseShare/node_modules/expo/build/Expo.d.ts","/home/munyiri/HouseShare/node_modules/expo-splash-screen/build/index.d.ts","/home/munyiri/HouseShare/node_modules/expo-status-bar/build/StatusBar.d.ts","/home/munyiri/.cache/typescript/4.8/node_modules/@types/react/index.d.ts","/home/munyiri/.cache/typescript/4.8/node_modules/@types/react-native/index.d.ts"],"unresolvedImports":["react-native"],"kind":"action::set"}
[06:03:52.079] Response has been sent.
