[14:28:46.051] Global cache location '/home/munyiri/.cache/typescript/4.8', safe file path '/home/munyiri/.emacs.d/.cache/lsp/npm/typescript/lib/node_modules/typescript/lib/typingSafeList.json', types map path /home/munyiri/.emacs.d/.cache/lsp/npm/typescript/lib/node_modules/typescript/lib/typesMap.json
[14:28:46.052] Processing cache location '/home/munyiri/.cache/typescript/4.8'
[14:28:46.052] Trying to find '/home/munyiri/.cache/typescript/4.8/package.json'...
[14:28:46.056] Loaded content of '/home/munyiri/.cache/typescript/4.8/package.json': {"private":true,"dependencies":{"types-registry":"^0.1.637"},"devDependencies":{"@types/babel__core":"^7.20.0","@types/babel__preset-env":"^7.9.2","@types/bluebird":"^3.5.38","@types/bootstrap":"^5.2.6","@types/ckeditor__ckeditor5-build-classic":"^29.0.1","@types/d":"^1.0.1","@types/eslint":"^8.21.3","@types/fs-extra":"^11.0.1","@types/jest":"^29.5.0","@types/js-cookie":"^3.0.2","@types/mocha":"^10.0.1","@types/mz":"^2.7.4","@types/node":"^18.13.0","@types/q":"^1.5.5","@types/react":"^18.0.29","@types/react-bootstrap":"^0.32.32","@types/react-cookies":"^0.1.0","@types/react-datetime-picker":"^3.4.1","@types/react-dom":"^18.0.11","@types/react-google-recaptcha":"^2.1.5","@types/react-native":"^0.71.5","@types/react-native-calendars":"^1.1264.3","@types/react-native-dotenv":"^0.2.0","@types/react-native-loading-spinner-overlay":"^0.5.3","@types/react-native-push-notification":"^8.1.1","@types/react-native-share":"^3.3.3","@types/react-native-signature-capture":"^0.4.2","@types/react-native-vector-icons":"^6.4.13","@types/react-redux":"^7.1.25","@types/react-router":"^5.1.20","@types/react-router-dom":"^5.3.3","@types/react-test-renderer":"^18.0.0","@types/react-transition-group":"^4.4.5","@types/redux-mock-store":"^1.0.3","@types/request":"^2.48.8","@types/rsvp":"^4.0.4","@types/shortid":"^0.0.29","@types/testing-library__jest-dom":"^5.14.5","@types/when":"^2.4.34"}}
[14:28:46.056] Loaded content of '/home/munyiri/.cache/typescript/4.8/package-lock.json'
[14:28:46.075] Adding entry into typings cache: 'babel__core' => '/home/munyiri/.cache/typescript/4.8/node_modules/@types/babel__core/index.d.ts'
[14:28:46.078] Adding entry into typings cache: 'babel__preset-env' => '/home/munyiri/.cache/typescript/4.8/node_modules/@types/babel__preset-env/index.d.ts'
[14:28:46.079] Adding entry into typings cache: 'bluebird' => '/home/munyiri/.cache/typescript/4.8/node_modules/@types/bluebird/index.d.ts'
[14:28:46.082] Adding entry into typings cache: 'bootstrap' => '/home/munyiri/.cache/typescript/4.8/node_modules/@types/bootstrap/index.d.ts'
[14:28:46.085] Adding entry into typings cache: 'ckeditor__ckeditor5-build-classic' => '/home/munyiri/.cache/typescript/4.8/node_modules/@types/ckeditor__ckeditor5-build-classic/index.d.ts'
[14:28:46.088] Adding entry into typings cache: 'd' => '/home/munyiri/.cache/typescript/4.8/node_modules/@types/d/index.d.ts'
[14:28:46.091] Adding entry into typings cache: 'eslint' => '/home/munyiri/.cache/typescript/4.8/node_modules/@types/eslint/index.d.ts'
[14:28:46.095] Adding entry into typings cache: 'fs-extra' => '/home/munyiri/.cache/typescript/4.8/node_modules/@types/fs-extra/index.d.ts'
[14:28:46.111] Adding entry into typings cache: 'jest' => '/home/munyiri/.cache/typescript/4.8/node_modules/@types/jest/index.d.ts'
[14:28:46.114] Adding entry into typings cache: 'js-cookie' => '/home/munyiri/.cache/typescript/4.8/node_modules/@types/js-cookie/index.d.ts'
[14:28:46.117] Adding entry into typings cache: 'mocha' => '/home/munyiri/.cache/typescript/4.8/node_modules/@types/mocha/index.d.ts'
[14:28:46.120] Adding entry into typings cache: 'mz' => '/home/munyiri/.cache/typescript/4.8/node_modules/@types/mz/index.d.ts'
[14:28:46.127] Adding entry into typings cache: 'node' => '/home/munyiri/.cache/typescript/4.8/node_modules/@types/node/ts4.8/index.d.ts'
[14:28:46.132] Adding entry into typings cache: 'q' => '/home/munyiri/.cache/typescript/4.8/node_modules/@types/q/index.d.ts'
[14:28:46.138] Adding entry into typings cache: 'react' => '/home/munyiri/.cache/typescript/4.8/node_modules/@types/react/index.d.ts'
[14:28:46.141] Adding entry into typings cache: 'react-bootstrap' => '/home/munyiri/.cache/typescript/4.8/node_modules/@types/react-bootstrap/index.d.ts'
[14:28:46.144] Adding entry into typings cache: 'react-cookies' => '/home/munyiri/.cache/typescript/4.8/node_modules/@types/react-cookies/index.d.ts'
[14:28:46.146] Adding entry into typings cache: 'react-datetime-picker' => '/home/munyiri/.cache/typescript/4.8/node_modules/@types/react-datetime-picker/index.d.ts'
[14:28:46.151] Adding entry into typings cache: 'react-dom' => '/home/munyiri/.cache/typescript/4.8/node_modules/@types/react-dom/index.d.ts'
[14:28:46.156] Adding entry into typings cache: 'react-google-recaptcha' => '/home/munyiri/.cache/typescript/4.8/node_modules/@types/react-google-recaptcha/index.d.ts'
[14:28:46.163] Adding entry into typings cache: 'react-native' => '/home/munyiri/.cache/typescript/4.8/node_modules/@types/react-native/index.d.ts'
[14:28:46.166] Adding entry into typings cache: 'react-native-calendars' => '/home/munyiri/.cache/typescript/4.8/node_modules/@types/react-native-calendars/index.d.ts'
[14:28:46.168] Adding entry into typings cache: 'react-native-dotenv' => '/home/munyiri/.cache/typescript/4.8/node_modules/@types/react-native-dotenv/index.d.ts'
[14:28:46.170] Adding entry into typings cache: 'react-native-loading-spinner-overlay' => '/home/munyiri/.cache/typescript/4.8/node_modules/@types/react-native-loading-spinner-overlay/index.d.ts'
[14:28:46.174] Adding entry into typings cache: 'react-native-push-notification' => '/home/munyiri/.cache/typescript/4.8/node_modules/@types/react-native-push-notification/index.d.ts'
[14:28:46.176] Adding entry into typings cache: 'react-native-share' => '/home/munyiri/.cache/typescript/4.8/node_modules/@types/react-native-share/index.d.ts'
[14:28:46.178] Adding entry into typings cache: 'react-native-signature-capture' => '/home/munyiri/.cache/typescript/4.8/node_modules/@types/react-native-signature-capture/index.d.ts'
[14:28:46.179] Adding entry into typings cache: 'react-native-vector-icons' => '/home/munyiri/.cache/typescript/4.8/node_modules/@types/react-native-vector-icons/index.d.ts'
[14:28:46.185] Adding entry into typings cache: 'react-redux' => '/home/munyiri/.cache/typescript/4.8/node_modules/@types/react-redux/index.d.ts'
[14:28:46.189] Adding entry into typings cache: 'react-router' => '/home/munyiri/.cache/typescript/4.8/node_modules/@types/react-router/index.d.ts'
[14:28:46.191] Adding entry into typings cache: 'react-router-dom' => '/home/munyiri/.cache/typescript/4.8/node_modules/@types/react-router-dom/index.d.ts'
[14:28:46.192] Adding entry into typings cache: 'react-test-renderer' => '/home/munyiri/.cache/typescript/4.8/node_modules/@types/react-test-renderer/index.d.ts'
[14:28:46.193] Adding entry into typings cache: 'react-transition-group' => '/home/munyiri/.cache/typescript/4.8/node_modules/@types/react-transition-group/index.d.ts'
[14:28:46.197] Adding entry into typings cache: 'redux-mock-store' => '/home/munyiri/.cache/typescript/4.8/node_modules/@types/redux-mock-store/index.d.ts'
[14:28:46.199] Adding entry into typings cache: 'request' => '/home/munyiri/.cache/typescript/4.8/node_modules/@types/request/index.d.ts'
[14:28:46.200] Adding entry into typings cache: 'rsvp' => '/home/munyiri/.cache/typescript/4.8/node_modules/@types/rsvp/index.d.ts'
[14:28:46.202] Adding entry into typings cache: 'shortid' => '/home/munyiri/.cache/typescript/4.8/node_modules/@types/shortid/index.d.ts'
[14:28:46.215] Adding entry into typings cache: 'testing-library__jest-dom' => '/home/munyiri/.cache/typescript/4.8/node_modules/@types/testing-library__jest-dom/index.d.ts'
[14:28:46.217] Adding entry into typings cache: 'when' => '/home/munyiri/.cache/typescript/4.8/node_modules/@types/when/index.d.ts'
[14:28:46.218] Finished processing cache location '/home/munyiri/.cache/typescript/4.8'
[14:28:46.220] Process id: 11226
[14:28:46.220] NPM location: "/usr/bin/npm" (explicit '--npmLocation' not  provided)
[14:28:46.220] validateDefaultNpmLocation: true
[14:28:46.221] Npm config file: /home/munyiri/.cache/typescript/4.8/package.json
[14:28:46.221] Updating types-registry npm package...
[14:28:46.221] Exec: "/usr/bin/npm" install --ignore-scripts types-registry@latest
[14:28:48.502]     Succeeded. stdout:
    
    up to date, audited 174 packages in 2s

5 packages are looking for funding
  run `npm fund` for details

found 0 vulnerabilities

[14:28:48.502] Updated types-registry npm package
[14:28:49.979] Got install request {"projectName":"/dev/null/inferredProject1*","fileNames":["/home/munyiri/.emacs.d/.cache/lsp/npm/typescript/lib/node_modules/typescript/lib/lib.es5.d.ts","/home/munyiri/.emacs.d/.cache/lsp/npm/typescript/lib/node_modules/typescript/lib/lib.es2015.d.ts","/home/munyiri/.emacs.d/.cache/lsp/npm/typescript/lib/node_modules/typescript/lib/lib.es2016.d.ts","/home/munyiri/.emacs.d/.cache/lsp/npm/typescript/lib/node_modules/typescript/lib/lib.dom.d.ts","/home/munyiri/.emacs.d/.cache/lsp/npm/typescript/lib/node_modules/typescript/lib/lib.dom.iterable.d.ts","/home/munyiri/.emacs.d/.cache/lsp/npm/typescript/lib/node_modules/typescript/lib/lib.webworker.importscripts.d.ts","/home/munyiri/.emacs.d/.cache/lsp/npm/typescript/lib/node_modules/typescript/lib/lib.scripthost.d.ts","/home/munyiri/.emacs.d/.cache/lsp/npm/typescript/lib/node_modules/typescript/lib/lib.es2015.core.d.ts","/home/munyiri/.emacs.d/.cache/lsp/npm/typescript/lib/node_modules/typescript/lib/lib.es2015.collection.d.ts","/home/munyiri/.emacs.d/.cache/lsp/npm/typescript/lib/node_modules/typescript/lib/lib.es2015.generator.d.ts","/home/munyiri/.emacs.d/.cache/lsp/npm/typescript/lib/node_modules/typescript/lib/lib.es2015.iterable.d.ts","/home/munyiri/.emacs.d/.cache/lsp/npm/typescript/lib/node_modules/typescript/lib/lib.es2015.promise.d.ts","/home/munyiri/.emacs.d/.cache/lsp/npm/typescript/lib/node_modules/typescript/lib/lib.es2015.proxy.d.ts","/home/munyiri/.emacs.d/.cache/lsp/npm/typescript/lib/node_modules/typescript/lib/lib.es2015.reflect.d.ts","/home/munyiri/.emacs.d/.cache/lsp/npm/typescript/lib/node_modules/typescript/lib/lib.es2015.symbol.d.ts","/home/munyiri/.emacs.d/.cache/lsp/npm/typescript/lib/node_modules/typescript/lib/lib.es2015.symbol.wellknown.d.ts","/home/munyiri/.emacs.d/.cache/lsp/npm/typescript/lib/node_modules/typescript/lib/lib.es2016.array.include.d.ts","/home/munyiri/.emacs.d/.cache/lsp/npm/typescript/lib/node_modules/typescript/lib/lib.es2016.full.d.ts","/home/munyiri/HouseShare/src/store/name.js"],"compilerOptions":{"module":1,"target":3,"jsx":1,"allowJs":true,"allowSyntheticDefaultImports":true,"allowNonTsExtensions":true,"noEmitForJsFiles":true,"maxNodeModuleJsDepth":2},"typeAcquisition":{"enable":true,"include":[],"exclude":[]},"unresolvedImports":[],"projectRootPath":"/home/munyiri/HouseShare","kind":"discover"}
[14:28:50.030] Loaded safelist from types map file '/home/munyiri/.emacs.d/.cache/lsp/npm/typescript/lib/node_modules/typescript/lib/typesMap.json'
[14:28:50.031] Explicitly included types: []
[14:28:50.034] Typing names in '/home/munyiri/HouseShare/package.json' dependencies: ["@reduxjs/toolkit","expo","expo-splash-screen","expo-status-bar","react","react-native","react-redux","@babel/core","@types/react-redux"]
[14:28:50.034] Searching for typing names in /home/munyiri/HouseShare/node_modules; all files: ["/home/munyiri/HouseShare/node_modules/@reduxjs/toolkit/package.json","/home/munyiri/HouseShare/node_modules/expo/package.json","/home/munyiri/HouseShare/node_modules/expo-splash-screen/package.json","/home/munyiri/HouseShare/node_modules/expo-status-bar/package.json","/home/munyiri/HouseShare/node_modules/react/package.json","/home/munyiri/HouseShare/node_modules/react-native/package.json","/home/munyiri/HouseShare/node_modules/react-redux/package.json","/home/munyiri/HouseShare/node_modules/@babel/core/package.json","/home/munyiri/HouseShare/node_modules/@types/react-redux/package.json"]
[14:28:50.045]     Package '@reduxjs/toolkit' provides its own types.
[14:28:50.047]     Package 'expo' provides its own types.
[14:28:50.048]     Package 'expo-splash-screen' provides its own types.
[14:28:50.049]     Package 'expo-status-bar' provides its own types.
[14:28:50.059]     Package 'react-native' provides its own types but they are missing.
[14:28:50.064]     Package 'react-redux' provides its own types.
[14:28:50.075]     Package '@types/react-redux' provides its own types.
[14:28:50.076]     Found package names: ["react","@babel/core"]
[14:28:50.076] Inferred typings from unresolved imports: []
[14:28:50.077] Result: {"cachedTypingPaths":["/home/munyiri/HouseShare/node_modules/@reduxjs/toolkit/dist/index.d.ts","/home/munyiri/HouseShare/node_modules/expo/build/Expo.d.ts","/home/munyiri/HouseShare/node_modules/expo-splash-screen/build/index.d.ts","/home/munyiri/HouseShare/node_modules/expo-status-bar/build/StatusBar.d.ts","/home/munyiri/.cache/typescript/4.8/node_modules/@types/react/index.d.ts","/home/munyiri/.cache/typescript/4.8/node_modules/@types/react-native/index.d.ts","/home/munyiri/HouseShare/node_modules/react-redux/es/index.d.ts","/home/munyiri/HouseShare/node_modules/@types/react-redux/index.d.ts"],"newTypingNames":["@babel/core"],"filesToWatch":["/home/munyiri/HouseShare/src/store/bower_components","/home/munyiri/HouseShare/src/store/node_modules","/home/munyiri/HouseShare/bower_components","/home/munyiri/HouseShare/package.json","/home/munyiri/HouseShare/node_modules"]}
[14:28:50.077] Finished typings discovery: {"cachedTypingPaths":["/home/munyiri/HouseShare/node_modules/@reduxjs/toolkit/dist/index.d.ts","/home/munyiri/HouseShare/node_modules/expo/build/Expo.d.ts","/home/munyiri/HouseShare/node_modules/expo-splash-screen/build/index.d.ts","/home/munyiri/HouseShare/node_modules/expo-status-bar/build/StatusBar.d.ts","/home/munyiri/.cache/typescript/4.8/node_modules/@types/react/index.d.ts","/home/munyiri/.cache/typescript/4.8/node_modules/@types/react-native/index.d.ts","/home/munyiri/HouseShare/node_modules/react-redux/es/index.d.ts","/home/munyiri/HouseShare/node_modules/@types/react-redux/index.d.ts"],"newTypingNames":["@babel/core"],"filesToWatch":["/home/munyiri/HouseShare/src/store/bower_components","/home/munyiri/HouseShare/src/store/node_modules","/home/munyiri/HouseShare/bower_components","/home/munyiri/HouseShare/package.json","/home/munyiri/HouseShare/node_modules"]}
[14:28:50.078] DirectoryWatcher:: Added:: WatchInfo: /home/munyiri/HouseShare/src
[14:28:50.078] DirectoryWatcher:: Added:: WatchInfo: /home/munyiri/HouseShare/src 1 undefined Project: /dev/null/inferredProject1* watcher already invoked: false
[14:28:50.082] Elapsed:: 3.164835998788476ms DirectoryWatcher:: Added:: WatchInfo: /home/munyiri/HouseShare/src 1 undefined Project: /dev/null/inferredProject1* watcher already invoked: false
[14:28:50.082] DirectoryWatcher:: Added:: WatchInfo: /home/munyiri/HouseShare/bower_components
[14:28:50.083] DirectoryWatcher:: Added:: WatchInfo: /home/munyiri/HouseShare/bower_components 1 undefined Project: /dev/null/inferredProject1* watcher already invoked: false
[14:28:50.084] Elapsed:: 1.363704999908805ms DirectoryWatcher:: Added:: WatchInfo: /home/munyiri/HouseShare/bower_components 1 undefined Project: /dev/null/inferredProject1* watcher already invoked: false
[14:28:50.084] FileWatcher:: Added:: WatchInfo: /home/munyiri/HouseShare/package.json
[14:28:50.085] FileWatcher:: Added:: WatchInfo: /home/munyiri/HouseShare/package.json 2000 undefined Project: /dev/null/inferredProject1* watcher already invoked: false
[14:28:50.085] DirectoryWatcher:: Added:: WatchInfo: /home/munyiri/HouseShare/node_modules
[14:28:50.085] DirectoryWatcher:: Added:: WatchInfo: /home/munyiri/HouseShare/node_modules 1 undefined Project: /dev/null/inferredProject1* watcher already invoked: false
[14:28:50.473] Elapsed:: 388.3661729991436ms DirectoryWatcher:: Added:: WatchInfo: /home/munyiri/HouseShare/node_modules 1 undefined Project: /dev/null/inferredProject1* watcher already invoked: false
[14:28:50.474] Installing typings ["@babel/core"]
[14:28:50.474] '@babel/core':: 'babel__core' already has an up-to-date typing - skipping...
[14:28:50.474] All typings are known to be missing or invalid - no need to install more typings
[14:28:50.475] Sending response:
    {"projectName":"/dev/null/inferredProject1*","typeAcquisition":{"enable":true,"include":[],"exclude":[]},"compilerOptions":{"module":1,"target":3,"jsx":1,"allowJs":true,"allowSyntheticDefaultImports":true,"allowNonTsExtensions":true,"noEmitForJsFiles":true,"maxNodeModuleJsDepth":2},"typings":["/home/munyiri/HouseShare/node_modules/@reduxjs/toolkit/dist/index.d.ts","/home/munyiri/HouseShare/node_modules/expo/build/Expo.d.ts","/home/munyiri/HouseShare/node_modules/expo-splash-screen/build/index.d.ts","/home/munyiri/HouseShare/node_modules/expo-status-bar/build/StatusBar.d.ts","/home/munyiri/.cache/typescript/4.8/node_modules/@types/react/index.d.ts","/home/munyiri/.cache/typescript/4.8/node_modules/@types/react-native/index.d.ts","/home/munyiri/HouseShare/node_modules/react-redux/es/index.d.ts","/home/munyiri/HouseShare/node_modules/@types/react-redux/index.d.ts"],"unresolvedImports":[],"kind":"action::set"}
[14:28:50.476] Response has been sent.
[14:28:51.575] Got install request {"projectName":"/dev/null/inferredProject1*","fileNames":["/home/munyiri/.emacs.d/.cache/lsp/npm/typescript/lib/node_modules/typescript/lib/lib.es5.d.ts","/home/munyiri/.emacs.d/.cache/lsp/npm/typescript/lib/node_modules/typescript/lib/lib.es2015.d.ts","/home/munyiri/.emacs.d/.cache/lsp/npm/typescript/lib/node_modules/typescript/lib/lib.es2016.d.ts","/home/munyiri/.emacs.d/.cache/lsp/npm/typescript/lib/node_modules/typescript/lib/lib.dom.d.ts","/home/munyiri/.emacs.d/.cache/lsp/npm/typescript/lib/node_modules/typescript/lib/lib.dom.iterable.d.ts","/home/munyiri/.emacs.d/.cache/lsp/npm/typescript/lib/node_modules/typescript/lib/lib.webworker.importscripts.d.ts","/home/munyiri/.emacs.d/.cache/lsp/npm/typescript/lib/node_modules/typescript/lib/lib.scripthost.d.ts","/home/munyiri/.emacs.d/.cache/lsp/npm/typescript/lib/node_modules/typescript/lib/lib.es2015.core.d.ts","/home/munyiri/.emacs.d/.cache/lsp/npm/typescript/lib/node_modules/typescript/lib/lib.es2015.collection.d.ts","/home/munyiri/.emacs.d/.cache/lsp/npm/typescript/lib/node_modules/typescript/lib/lib.es2015.generator.d.ts","/home/munyiri/.emacs.d/.cache/lsp/npm/typescript/lib/node_modules/typescript/lib/lib.es2015.iterable.d.ts","/home/munyiri/.emacs.d/.cache/lsp/npm/typescript/lib/node_modules/typescript/lib/lib.es2015.promise.d.ts","/home/munyiri/.emacs.d/.cache/lsp/npm/typescript/lib/node_modules/typescript/lib/lib.es2015.proxy.d.ts","/home/munyiri/.emacs.d/.cache/lsp/npm/typescript/lib/node_modules/typescript/lib/lib.es2015.reflect.d.ts","/home/munyiri/.emacs.d/.cache/lsp/npm/typescript/lib/node_modules/typescript/lib/lib.es2015.symbol.d.ts","/home/munyiri/.emacs.d/.cache/lsp/npm/typescript/lib/node_modules/typescript/lib/lib.es2015.symbol.wellknown.d.ts","/home/munyiri/.emacs.d/.cache/lsp/npm/typescript/lib/node_modules/typescript/lib/lib.es2016.array.include.d.ts","/home/munyiri/.emacs.d/.cache/lsp/npm/typescript/lib/node_modules/typescript/lib/lib.es2016.full.d.ts","/home/munyiri/HouseShare/src/store/name.js","/home/munyiri/.cache/typescript/4.8/node_modules/@types/react-native/modules/BatchedBridge.d.ts","/home/munyiri/.cache/typescript/4.8/node_modules/@types/react-native/modules/Codegen.d.ts","/home/munyiri/.cache/typescript/4.8/node_modules/@types/react-native/modules/Devtools.d.ts","/home/munyiri/.cache/typescript/4.8/node_modules/@types/react-native/modules/globals.d.ts","/home/munyiri/.cache/typescript/4.8/node_modules/@types/react-native/modules/LaunchScreen.d.ts","/home/munyiri/.cache/typescript/4.8/node_modules/@types/react/global.d.ts","/home/munyiri/.cache/typescript/4.8/node_modules/@types/react/index.d.ts","/home/munyiri/.cache/typescript/4.8/node_modules/@types/react-native/index.d.ts","/home/munyiri/HouseShare/node_modules/@reduxjs/toolkit/dist/index.d.ts","/home/munyiri/HouseShare/node_modules/@types/react-redux/index.d.ts","/home/munyiri/HouseShare/node_modules/expo-splash-screen/build/index.d.ts","/home/munyiri/HouseShare/node_modules/expo-status-bar/build/StatusBar.d.ts","/home/munyiri/HouseShare/node_modules/expo/build/Expo.d.ts","/home/munyiri/HouseShare/node_modules/react-redux/es/index.d.ts"],"compilerOptions":{"module":1,"target":3,"jsx":1,"allowJs":true,"allowSyntheticDefaultImports":true,"allowNonTsExtensions":true,"noEmitForJsFiles":true,"maxNodeModuleJsDepth":2},"typeAcquisition":{"enable":true,"include":[],"exclude":[]},"unresolvedImports":["react-native"],"projectRootPath":"/home/munyiri/HouseShare","kind":"discover"}
[14:28:51.575] Explicitly included types: []
[14:28:51.576] Typing names in '/home/munyiri/HouseShare/package.json' dependencies: ["@reduxjs/toolkit","expo","expo-splash-screen","expo-status-bar","react","react-native","react-redux","@babel/core","@types/react-redux"]
[14:28:51.576] Searching for typing names in /home/munyiri/HouseShare/node_modules; all files: ["/home/munyiri/HouseShare/node_modules/@reduxjs/toolkit/package.json","/home/munyiri/HouseShare/node_modules/expo/package.json","/home/munyiri/HouseShare/node_modules/expo-splash-screen/package.json","/home/munyiri/HouseShare/node_modules/expo-status-bar/package.json","/home/munyiri/HouseShare/node_modules/react/package.json","/home/munyiri/HouseShare/node_modules/react-native/package.json","/home/munyiri/HouseShare/node_modules/react-redux/package.json","/home/munyiri/HouseShare/node_modules/@babel/core/package.json","/home/munyiri/HouseShare/node_modules/@types/react-redux/package.json"]
[14:28:51.590]     Package '@reduxjs/toolkit' provides its own types.
[14:28:51.593]     Package 'expo' provides its own types.
[14:28:51.594]     Package 'expo-splash-screen' provides its own types.
[14:28:51.595]     Package 'expo-status-bar' provides its own types.
[14:28:51.608]     Package 'react-native' provides its own types but they are missing.
[14:28:51.612]     Package 'react-redux' provides its own types.
[14:28:51.627]     Package '@types/react-redux' provides its own types.
[14:28:51.627]     Found package names: ["react","@babel/core"]
[14:28:51.627] Inferred typings from unresolved imports: ["react-native"]
[14:28:51.627] Result: {"cachedTypingPaths":["/home/munyiri/HouseShare/node_modules/@reduxjs/toolkit/dist/index.d.ts","/home/munyiri/HouseShare/node_modules/expo/build/Expo.d.ts","/home/munyiri/HouseShare/node_modules/expo-splash-screen/build/index.d.ts","/home/munyiri/HouseShare/node_modules/expo-status-bar/build/StatusBar.d.ts","/home/munyiri/.cache/typescript/4.8/node_modules/@types/react/index.d.ts","/home/munyiri/.cache/typescript/4.8/node_modules/@types/react-native/index.d.ts","/home/munyiri/HouseShare/node_modules/react-redux/es/index.d.ts","/home/munyiri/HouseShare/node_modules/@types/react-redux/index.d.ts"],"newTypingNames":["@babel/core"],"filesToWatch":["/home/munyiri/HouseShare/src/store/bower_components","/home/munyiri/HouseShare/src/store/node_modules","/home/munyiri/HouseShare/bower_components","/home/munyiri/HouseShare/package.json","/home/munyiri/HouseShare/node_modules"]}
[14:28:51.627] Finished typings discovery: {"cachedTypingPaths":["/home/munyiri/HouseShare/node_modules/@reduxjs/toolkit/dist/index.d.ts","/home/munyiri/HouseShare/node_modules/expo/build/Expo.d.ts","/home/munyiri/HouseShare/node_modules/expo-splash-screen/build/index.d.ts","/home/munyiri/HouseShare/node_modules/expo-status-bar/build/StatusBar.d.ts","/home/munyiri/.cache/typescript/4.8/node_modules/@types/react/index.d.ts","/home/munyiri/.cache/typescript/4.8/node_modules/@types/react-native/index.d.ts","/home/munyiri/HouseShare/node_modules/react-redux/es/index.d.ts","/home/munyiri/HouseShare/node_modules/@types/react-redux/index.d.ts"],"newTypingNames":["@babel/core"],"filesToWatch":["/home/munyiri/HouseShare/src/store/bower_components","/home/munyiri/HouseShare/src/store/node_modules","/home/munyiri/HouseShare/bower_components","/home/munyiri/HouseShare/package.json","/home/munyiri/HouseShare/node_modules"]}
[14:28:51.628] Installing typings ["@babel/core"]
[14:28:51.628] '@babel/core':: 'babel__core' already has an up-to-date typing - skipping...
[14:28:51.628] All typings are known to be missing or invalid - no need to install more typings
[14:28:51.628] Sending response:
    {"projectName":"/dev/null/inferredProject1*","typeAcquisition":{"enable":true,"include":[],"exclude":[]},"compilerOptions":{"module":1,"target":3,"jsx":1,"allowJs":true,"allowSyntheticDefaultImports":true,"allowNonTsExtensions":true,"noEmitForJsFiles":true,"maxNodeModuleJsDepth":2},"typings":["/home/munyiri/HouseShare/node_modules/@reduxjs/toolkit/dist/index.d.ts","/home/munyiri/HouseShare/node_modules/expo/build/Expo.d.ts","/home/munyiri/HouseShare/node_modules/expo-splash-screen/build/index.d.ts","/home/munyiri/HouseShare/node_modules/expo-status-bar/build/StatusBar.d.ts","/home/munyiri/.cache/typescript/4.8/node_modules/@types/react/index.d.ts","/home/munyiri/.cache/typescript/4.8/node_modules/@types/react-native/index.d.ts","/home/munyiri/HouseShare/node_modules/react-redux/es/index.d.ts","/home/munyiri/HouseShare/node_modules/@types/react-redux/index.d.ts"],"unresolvedImports":["react-native"],"kind":"action::set"}
[14:28:51.628] Response has been sent.
[14:29:06.564] sysLog:: onTimerToUpdateChildWatches:: 1
[14:29:06.566] sysLog:: invokingWatchers:: Elapsed:: 1.2774600014090538ms:: 0
[14:29:06.568] DirectoryWatcher:: Triggered with /home/munyiri/HouseShare/src/store/#name.js# 0:: WatchInfo: /home/munyiri/HouseShare/src 1 undefined Project: /dev/null/inferredProject1* watcher already invoked: false
[14:29:06.569] Elapsed:: 0.37522600032389164ms DirectoryWatcher:: Triggered with /home/munyiri/HouseShare/src/store/#name.js# 0:: WatchInfo: /home/munyiri/HouseShare/src 1 undefined Project: /dev/null/inferredProject1* watcher already invoked: false
[14:29:06.569] sysLog:: Elapsed:: 3.7368860002607107ms:: onTimerToUpdateChildWatches:: 0 undefined
[14:29:15.020] sysLog:: onTimerToUpdateChildWatches:: 1
[14:29:15.020] sysLog:: invokingWatchers:: Elapsed:: 0.11522000096738338ms:: 0
[14:29:15.020] DirectoryWatcher:: Triggered with /home/munyiri/HouseShare/src/store/name.js 0:: WatchInfo: /home/munyiri/HouseShare/src 1 undefined Project: /dev/null/inferredProject1* watcher already invoked: false
[14:29:15.020] Elapsed:: 0.016145000234246254ms DirectoryWatcher:: Triggered with /home/munyiri/HouseShare/src/store/name.js 0:: WatchInfo: /home/munyiri/HouseShare/src 1 undefined Project: /dev/null/inferredProject1* watcher already invoked: false
[14:29:15.020] DirectoryWatcher:: Triggered with /home/munyiri/HouseShare/src/store/name.js~ 1:: WatchInfo: /home/munyiri/HouseShare/src 1 undefined Project: /dev/null/inferredProject1* watcher already invoked: false
[14:29:15.020] Elapsed:: 0.012441998347640038ms DirectoryWatcher:: Triggered with /home/munyiri/HouseShare/src/store/name.js~ 1:: WatchInfo: /home/munyiri/HouseShare/src 1 undefined Project: /dev/null/inferredProject1* watcher already invoked: false
[14:29:15.021] DirectoryWatcher:: Triggered with /home/munyiri/HouseShare/src/store/name.js 2:: WatchInfo: /home/munyiri/HouseShare/src 1 undefined Project: /dev/null/inferredProject1* watcher already invoked: false
[14:29:15.021] Elapsed:: 0.011166999116539955ms DirectoryWatcher:: Triggered with /home/munyiri/HouseShare/src/store/name.js 2:: WatchInfo: /home/munyiri/HouseShare/src 1 undefined Project: /dev/null/inferredProject1* watcher already invoked: false
[14:29:15.021] DirectoryWatcher:: Triggered with /home/munyiri/HouseShare/src/store/name.js 3:: WatchInfo: /home/munyiri/HouseShare/src 1 undefined Project: /dev/null/inferredProject1* watcher already invoked: false
[14:29:15.021] Elapsed:: 0.0057050008326768875ms DirectoryWatcher:: Triggered with /home/munyiri/HouseShare/src/store/name.js 3:: WatchInfo: /home/munyiri/HouseShare/src 1 undefined Project: /dev/null/inferredProject1* watcher already invoked: false
[14:29:15.021] DirectoryWatcher:: Triggered with /home/munyiri/HouseShare/src/store/#name.js# 4:: WatchInfo: /home/munyiri/HouseShare/src 1 undefined Project: /dev/null/inferredProject1* watcher already invoked: false
[14:29:15.021] Elapsed:: 0.00457100011408329ms DirectoryWatcher:: Triggered with /home/munyiri/HouseShare/src/store/#name.js# 4:: WatchInfo: /home/munyiri/HouseShare/src 1 undefined Project: /dev/null/inferredProject1* watcher already invoked: false
[14:29:15.021] sysLog:: Elapsed:: 0.6679150015115738ms:: onTimerToUpdateChildWatches:: 0 undefined
[14:31:47.980] sysLog:: onTimerToUpdateChildWatches:: 1
[14:31:47.981] sysLog:: invokingWatchers:: Elapsed:: 0.448318000882864ms:: 0
[14:31:47.981] DirectoryWatcher:: Triggered with /home/munyiri/HouseShare/src/store/#name.js# 0:: WatchInfo: /home/munyiri/HouseShare/src 1 undefined Project: /dev/null/inferredProject1* watcher already invoked: false
[14:31:47.981] Elapsed:: 0.04855399951338768ms DirectoryWatcher:: Triggered with /home/munyiri/HouseShare/src/store/#name.js# 0:: WatchInfo: /home/munyiri/HouseShare/src 1 undefined Project: /dev/null/inferredProject1* watcher already invoked: false
[14:31:47.982] sysLog:: Elapsed:: 1.8116410002112389ms:: onTimerToUpdateChildWatches:: 0 undefined
[14:32:09.992] sysLog:: onTimerToUpdateChildWatches:: 1
[14:32:09.992] sysLog:: invokingWatchers:: Elapsed:: 0.13786600157618523ms:: 0
[14:32:09.992] DirectoryWatcher:: Triggered with /home/munyiri/HouseShare/src/store/#name.js# 0:: WatchInfo: /home/munyiri/HouseShare/src 1 undefined Project: /dev/null/inferredProject1* watcher already invoked: false
[14:32:09.992] Elapsed:: 0.029078999534249306ms DirectoryWatcher:: Triggered with /home/munyiri/HouseShare/src/store/#name.js# 0:: WatchInfo: /home/munyiri/HouseShare/src 1 undefined Project: /dev/null/inferredProject1* watcher already invoked: false
[14:32:09.992] sysLog:: Elapsed:: 0.5332350004464388ms:: onTimerToUpdateChildWatches:: 0 undefined
[14:36:13.288] Got install request {"projectName":"/dev/null/inferredProject1*","fileNames":["/home/munyiri/.emacs.d/.cache/lsp/npm/typescript/lib/node_modules/typescript/lib/lib.es5.d.ts","/home/munyiri/.emacs.d/.cache/lsp/npm/typescript/lib/node_modules/typescript/lib/lib.es2015.d.ts","/home/munyiri/.emacs.d/.cache/lsp/npm/typescript/lib/node_modules/typescript/lib/lib.es2016.d.ts","/home/munyiri/.emacs.d/.cache/lsp/npm/typescript/lib/node_modules/typescript/lib/lib.dom.d.ts","/home/munyiri/.emacs.d/.cache/lsp/npm/typescript/lib/node_modules/typescript/lib/lib.dom.iterable.d.ts","/home/munyiri/.emacs.d/.cache/lsp/npm/typescript/lib/node_modules/typescript/lib/lib.webworker.importscripts.d.ts","/home/munyiri/.emacs.d/.cache/lsp/npm/typescript/lib/node_modules/typescript/lib/lib.scripthost.d.ts","/home/munyiri/.emacs.d/.cache/lsp/npm/typescript/lib/node_modules/typescript/lib/lib.es2015.core.d.ts","/home/munyiri/.emacs.d/.cache/lsp/npm/typescript/lib/node_modules/typescript/lib/lib.es2015.collection.d.ts","/home/munyiri/.emacs.d/.cache/lsp/npm/typescript/lib/node_modules/typescript/lib/lib.es2015.generator.d.ts","/home/munyiri/.emacs.d/.cache/lsp/npm/typescript/lib/node_modules/typescript/lib/lib.es2015.iterable.d.ts","/home/munyiri/.emacs.d/.cache/lsp/npm/typescript/lib/node_modules/typescript/lib/lib.es2015.promise.d.ts","/home/munyiri/.emacs.d/.cache/lsp/npm/typescript/lib/node_modules/typescript/lib/lib.es2015.proxy.d.ts","/home/munyiri/.emacs.d/.cache/lsp/npm/typescript/lib/node_modules/typescript/lib/lib.es2015.reflect.d.ts","/home/munyiri/.emacs.d/.cache/lsp/npm/typescript/lib/node_modules/typescript/lib/lib.es2015.symbol.d.ts","/home/munyiri/.emacs.d/.cache/lsp/npm/typescript/lib/node_modules/typescript/lib/lib.es2015.symbol.wellknown.d.ts","/home/munyiri/.emacs.d/.cache/lsp/npm/typescript/lib/node_modules/typescript/lib/lib.es2016.array.include.d.ts","/home/munyiri/.emacs.d/.cache/lsp/npm/typescript/lib/node_modules/typescript/lib/lib.es2016.full.d.ts","/home/munyiri/HouseShare/node_modules/@reduxjs/toolkit/dist/index.d.ts","/home/munyiri/HouseShare/src/store/name.js","/home/munyiri/HouseShare/src/store/store.js","/home/munyiri/.cache/typescript/4.8/node_modules/@types/react-native/modules/BatchedBridge.d.ts","/home/munyiri/.cache/typescript/4.8/node_modules/@types/react-native/modules/Codegen.d.ts","/home/munyiri/.cache/typescript/4.8/node_modules/@types/react-native/modules/Devtools.d.ts","/home/munyiri/.cache/typescript/4.8/node_modules/@types/react-native/modules/globals.d.ts","/home/munyiri/.cache/typescript/4.8/node_modules/@types/react-native/modules/LaunchScreen.d.ts","/home/munyiri/.cache/typescript/4.8/node_modules/@types/react/global.d.ts","/home/munyiri/.cache/typescript/4.8/node_modules/@types/react/index.d.ts","/home/munyiri/.cache/typescript/4.8/node_modules/@types/react-native/index.d.ts","/home/munyiri/HouseShare/node_modules/@types/react-redux/index.d.ts","/home/munyiri/HouseShare/node_modules/expo-splash-screen/build/index.d.ts","/home/munyiri/HouseShare/node_modules/expo-status-bar/build/StatusBar.d.ts","/home/munyiri/HouseShare/node_modules/expo/build/Expo.d.ts","/home/munyiri/HouseShare/node_modules/react-redux/es/index.d.ts"],"compilerOptions":{"module":1,"target":3,"jsx":1,"allowJs":true,"allowSyntheticDefaultImports":true,"allowNonTsExtensions":true,"noEmitForJsFiles":true,"maxNodeModuleJsDepth":2},"typeAcquisition":{"enable":true,"include":[],"exclude":[]},"unresolvedImports":["react-native"],"projectRootPath":"/home/munyiri/HouseShare","kind":"discover"}
[14:36:13.289] Explicitly included types: []
[14:36:13.292] Typing names in '/home/munyiri/HouseShare/package.json' dependencies: ["@reduxjs/toolkit","expo","expo-splash-screen","expo-status-bar","react","react-native","react-redux","@babel/core","@types/react-redux"]
[14:36:13.292] Searching for typing names in /home/munyiri/HouseShare/node_modules; all files: ["/home/munyiri/HouseShare/node_modules/@reduxjs/toolkit/package.json","/home/munyiri/HouseShare/node_modules/expo/package.json","/home/munyiri/HouseShare/node_modules/expo-splash-screen/package.json","/home/munyiri/HouseShare/node_modules/expo-status-bar/package.json","/home/munyiri/HouseShare/node_modules/react/package.json","/home/munyiri/HouseShare/node_modules/react-native/package.json","/home/munyiri/HouseShare/node_modules/react-redux/package.json","/home/munyiri/HouseShare/node_modules/@babel/core/package.json","/home/munyiri/HouseShare/node_modules/@types/react-redux/package.json"]
[14:36:13.296]     Package '@reduxjs/toolkit' provides its own types.
[14:36:13.298]     Package 'expo' provides its own types.
[14:36:13.299]     Package 'expo-splash-screen' provides its own types.
[14:36:13.301]     Package 'expo-status-bar' provides its own types.
[14:36:13.312]     Package 'react-native' provides its own types but they are missing.
[14:36:13.317]     Package 'react-redux' provides its own types.
[14:36:13.323]     Package '@types/react-redux' provides its own types.
[14:36:13.323]     Found package names: ["react","@babel/core"]
[14:36:13.323] Inferred typings from file names: ["storejs"]
[14:36:13.323] Inferred typings from unresolved imports: ["react-native"]
[14:36:13.323] Result: {"cachedTypingPaths":["/home/munyiri/HouseShare/node_modules/@reduxjs/toolkit/dist/index.d.ts","/home/munyiri/HouseShare/node_modules/expo/build/Expo.d.ts","/home/munyiri/HouseShare/node_modules/expo-splash-screen/build/index.d.ts","/home/munyiri/HouseShare/node_modules/expo-status-bar/build/StatusBar.d.ts","/home/munyiri/.cache/typescript/4.8/node_modules/@types/react/index.d.ts","/home/munyiri/.cache/typescript/4.8/node_modules/@types/react-native/index.d.ts","/home/munyiri/HouseShare/node_modules/react-redux/es/index.d.ts","/home/munyiri/HouseShare/node_modules/@types/react-redux/index.d.ts"],"newTypingNames":["@babel/core","storejs"],"filesToWatch":["/home/munyiri/HouseShare/src/store/bower_components","/home/munyiri/HouseShare/src/store/node_modules","/home/munyiri/HouseShare/bower_components","/home/munyiri/HouseShare/package.json","/home/munyiri/HouseShare/node_modules"]}
[14:36:13.323] Finished typings discovery: {"cachedTypingPaths":["/home/munyiri/HouseShare/node_modules/@reduxjs/toolkit/dist/index.d.ts","/home/munyiri/HouseShare/node_modules/expo/build/Expo.d.ts","/home/munyiri/HouseShare/node_modules/expo-splash-screen/build/index.d.ts","/home/munyiri/HouseShare/node_modules/expo-status-bar/build/StatusBar.d.ts","/home/munyiri/.cache/typescript/4.8/node_modules/@types/react/index.d.ts","/home/munyiri/.cache/typescript/4.8/node_modules/@types/react-native/index.d.ts","/home/munyiri/HouseShare/node_modules/react-redux/es/index.d.ts","/home/munyiri/HouseShare/node_modules/@types/react-redux/index.d.ts"],"newTypingNames":["@babel/core","storejs"],"filesToWatch":["/home/munyiri/HouseShare/src/store/bower_components","/home/munyiri/HouseShare/src/store/node_modules","/home/munyiri/HouseShare/bower_components","/home/munyiri/HouseShare/package.json","/home/munyiri/HouseShare/node_modules"]}
[14:36:13.324] Installing typings ["@babel/core","storejs"]
[14:36:13.324] '@babel/core':: 'babel__core' already has an up-to-date typing - skipping...
[14:36:13.324] 'storejs':: Entry for package 'storejs' does not exist in local types registry - skipping...
[14:36:13.324] All typings are known to be missing or invalid - no need to install more typings
[14:36:13.324] Sending response:
    {"projectName":"/dev/null/inferredProject1*","typeAcquisition":{"enable":true,"include":[],"exclude":[]},"compilerOptions":{"module":1,"target":3,"jsx":1,"allowJs":true,"allowSyntheticDefaultImports":true,"allowNonTsExtensions":true,"noEmitForJsFiles":true,"maxNodeModuleJsDepth":2},"typings":["/home/munyiri/HouseShare/node_modules/@reduxjs/toolkit/dist/index.d.ts","/home/munyiri/HouseShare/node_modules/expo/build/Expo.d.ts","/home/munyiri/HouseShare/node_modules/expo-splash-screen/build/index.d.ts","/home/munyiri/HouseShare/node_modules/expo-status-bar/build/StatusBar.d.ts","/home/munyiri/.cache/typescript/4.8/node_modules/@types/react/index.d.ts","/home/munyiri/.cache/typescript/4.8/node_modules/@types/react-native/index.d.ts","/home/munyiri/HouseShare/node_modules/react-redux/es/index.d.ts","/home/munyiri/HouseShare/node_modules/@types/react-redux/index.d.ts"],"unresolvedImports":["react-native"],"kind":"action::set"}
[14:36:13.324] Response has been sent.
[14:36:13.969] sysLog:: onTimerToUpdateChildWatches:: 1
[14:36:13.970] sysLog:: invokingWatchers:: Elapsed:: 0.5875770002603531ms:: 0
[14:36:13.971] DirectoryWatcher:: Triggered with /home/munyiri/HouseShare/src/store/store.js 0:: WatchInfo: /home/munyiri/HouseShare/src 1 undefined Project: /dev/null/inferredProject1* watcher already invoked: false
[14:36:13.971] Elapsed:: 0.049817999824881554ms DirectoryWatcher:: Triggered with /home/munyiri/HouseShare/src/store/store.js 0:: WatchInfo: /home/munyiri/HouseShare/src 1 undefined Project: /dev/null/inferredProject1* watcher already invoked: false
[14:36:13.971] sysLog:: Elapsed:: 2.0886080004274845ms:: onTimerToUpdateChildWatches:: 0 undefined
[14:36:30.356] sysLog:: onTimerToUpdateChildWatches:: 1
[14:36:30.356] sysLog:: invokingWatchers:: Elapsed:: 0.12160000018775463ms:: 0
[14:36:30.356] DirectoryWatcher:: Triggered with /home/munyiri/HouseShare/src/store/store.js 0:: WatchInfo: /home/munyiri/HouseShare/src 1 undefined Project: /dev/null/inferredProject1* watcher already invoked: false
[14:36:30.356] Elapsed:: 0.011641999706625938ms DirectoryWatcher:: Triggered with /home/munyiri/HouseShare/src/store/store.js 0:: WatchInfo: /home/munyiri/HouseShare/src 1 undefined Project: /dev/null/inferredProject1* watcher already invoked: false
[14:36:30.356] DirectoryWatcher:: Triggered with /home/munyiri/HouseShare/src/store/store.js~ 1:: WatchInfo: /home/munyiri/HouseShare/src 1 undefined Project: /dev/null/inferredProject1* watcher already invoked: false
[14:36:30.356] Elapsed:: 0.006022000685334206ms DirectoryWatcher:: Triggered with /home/munyiri/HouseShare/src/store/store.js~ 1:: WatchInfo: /home/munyiri/HouseShare/src 1 undefined Project: /dev/null/inferredProject1* watcher already invoked: false
[14:36:30.356] DirectoryWatcher:: Triggered with /home/munyiri/HouseShare/src/store/store.js 2:: WatchInfo: /home/munyiri/HouseShare/src 1 undefined Project: /dev/null/inferredProject1* watcher already invoked: false
[14:36:30.356] Elapsed:: 0.006068998947739601ms DirectoryWatcher:: Triggered with /home/munyiri/HouseShare/src/store/store.js 2:: WatchInfo: /home/munyiri/HouseShare/src 1 undefined Project: /dev/null/inferredProject1* watcher already invoked: false
[14:36:30.356] DirectoryWatcher:: Triggered with /home/munyiri/HouseShare/src/store/store.js 3:: WatchInfo: /home/munyiri/HouseShare/src 1 undefined Project: /dev/null/inferredProject1* watcher already invoked: false
[14:36:30.356] Elapsed:: 0.005310999229550362ms DirectoryWatcher:: Triggered with /home/munyiri/HouseShare/src/store/store.js 3:: WatchInfo: /home/munyiri/HouseShare/src 1 undefined Project: /dev/null/inferredProject1* watcher already invoked: false
[14:36:30.357] sysLog:: Elapsed:: 0.5811039991676807ms:: onTimerToUpdateChildWatches:: 0 undefined
