[09:30:36.186] Global cache location '/home/munyiri/.cache/typescript/4.8', safe file path '/home/munyiri/.emacs.d/.cache/lsp/npm/typescript/lib/node_modules/typescript/lib/typingSafeList.json', types map path /home/munyiri/.emacs.d/.cache/lsp/npm/typescript/lib/node_modules/typescript/lib/typesMap.json
[09:30:36.220] Processing cache location '/home/munyiri/.cache/typescript/4.8'
[09:30:36.220] Trying to find '/home/munyiri/.cache/typescript/4.8/package.json'...
[09:30:36.405] Loaded content of '/home/munyiri/.cache/typescript/4.8/package.json': {"private":true,"dependencies":{"types-registry":"^0.1.637"},"devDependencies":{"@types/babel__core":"^7.20.0","@types/babel__preset-env":"^7.9.2","@types/bluebird":"^3.5.38","@types/bootstrap":"^5.2.6","@types/ckeditor__ckeditor5-build-classic":"^29.0.1","@types/d":"^1.0.1","@types/eslint":"^8.21.3","@types/fs-extra":"^11.0.1","@types/jest":"^29.5.0","@types/js-cookie":"^3.0.2","@types/mocha":"^10.0.1","@types/mz":"^2.7.4","@types/node":"^18.13.0","@types/q":"^1.5.5","@types/react":"^18.0.29","@types/react-bootstrap":"^0.32.32","@types/react-cookies":"^0.1.0","@types/react-datetime-picker":"^3.4.1","@types/react-dom":"^18.0.11","@types/react-google-recaptcha":"^2.1.5","@types/react-native":"^0.71.5","@types/react-native-calendars":"^1.1264.3","@types/react-native-dotenv":"^0.2.0","@types/react-native-loading-spinner-overlay":"^0.5.3","@types/react-native-push-notification":"^8.1.1","@types/react-native-share":"^3.3.3","@types/react-native-signature-capture":"^0.4.2","@types/react-native-vector-icons":"^6.4.13","@types/react-redux":"^7.1.25","@types/react-router":"^5.1.20","@types/react-router-dom":"^5.3.3","@types/react-test-renderer":"^18.0.0","@types/react-transition-group":"^4.4.5","@types/redux-mock-store":"^1.0.3","@types/request":"^2.48.8","@types/rsvp":"^4.0.4","@types/shortid":"^0.0.29","@types/testing-library__jest-dom":"^5.14.5","@types/when":"^2.4.34"}}
[09:30:36.405] Loaded content of '/home/munyiri/.cache/typescript/4.8/package-lock.json'
[09:30:36.634] Adding entry into typings cache: 'babel__core' => '/home/munyiri/.cache/typescript/4.8/node_modules/@types/babel__core/index.d.ts'
[09:30:36.787] Adding entry into typings cache: 'babel__preset-env' => '/home/munyiri/.cache/typescript/4.8/node_modules/@types/babel__preset-env/index.d.ts'
[09:30:36.970] Adding entry into typings cache: 'bluebird' => '/home/munyiri/.cache/typescript/4.8/node_modules/@types/bluebird/index.d.ts'
[09:30:37.127] Adding entry into typings cache: 'bootstrap' => '/home/munyiri/.cache/typescript/4.8/node_modules/@types/bootstrap/index.d.ts'
[09:30:37.357] Adding entry into typings cache: 'ckeditor__ckeditor5-build-classic' => '/home/munyiri/.cache/typescript/4.8/node_modules/@types/ckeditor__ckeditor5-build-classic/index.d.ts'
[09:30:37.395] Adding entry into typings cache: 'd' => '/home/munyiri/.cache/typescript/4.8/node_modules/@types/d/index.d.ts'
[09:30:37.548] Adding entry into typings cache: 'eslint' => '/home/munyiri/.cache/typescript/4.8/node_modules/@types/eslint/index.d.ts'
[09:30:37.595] Adding entry into typings cache: 'fs-extra' => '/home/munyiri/.cache/typescript/4.8/node_modules/@types/fs-extra/index.d.ts'
[09:30:37.609] Adding entry into typings cache: 'jest' => '/home/munyiri/.cache/typescript/4.8/node_modules/@types/jest/index.d.ts'
[09:30:37.676] Adding entry into typings cache: 'js-cookie' => '/home/munyiri/.cache/typescript/4.8/node_modules/@types/js-cookie/index.d.ts'
[09:30:37.745] Adding entry into typings cache: 'mocha' => '/home/munyiri/.cache/typescript/4.8/node_modules/@types/mocha/index.d.ts'
[09:30:37.762] Adding entry into typings cache: 'mz' => '/home/munyiri/.cache/typescript/4.8/node_modules/@types/mz/index.d.ts'
[09:30:37.785] Adding entry into typings cache: 'node' => '/home/munyiri/.cache/typescript/4.8/node_modules/@types/node/ts4.8/index.d.ts'
[09:30:37.825] Adding entry into typings cache: 'q' => '/home/munyiri/.cache/typescript/4.8/node_modules/@types/q/index.d.ts'
[09:30:37.963] Adding entry into typings cache: 'react' => '/home/munyiri/.cache/typescript/4.8/node_modules/@types/react/index.d.ts'
[09:30:38.038] Adding entry into typings cache: 'react-bootstrap' => '/home/munyiri/.cache/typescript/4.8/node_modules/@types/react-bootstrap/index.d.ts'
[09:30:38.143] Adding entry into typings cache: 'react-cookies' => '/home/munyiri/.cache/typescript/4.8/node_modules/@types/react-cookies/index.d.ts'
[09:30:38.370] Adding entry into typings cache: 'react-datetime-picker' => '/home/munyiri/.cache/typescript/4.8/node_modules/@types/react-datetime-picker/index.d.ts'
[09:30:38.465] Adding entry into typings cache: 'react-dom' => '/home/munyiri/.cache/typescript/4.8/node_modules/@types/react-dom/index.d.ts'
[09:30:38.622] Adding entry into typings cache: 'react-google-recaptcha' => '/home/munyiri/.cache/typescript/4.8/node_modules/@types/react-google-recaptcha/index.d.ts'
[09:30:38.789] Adding entry into typings cache: 'react-native' => '/home/munyiri/.cache/typescript/4.8/node_modules/@types/react-native/index.d.ts'
[09:30:38.908] Adding entry into typings cache: 'react-native-calendars' => '/home/munyiri/.cache/typescript/4.8/node_modules/@types/react-native-calendars/index.d.ts'
[09:30:38.929] Adding entry into typings cache: 'react-native-dotenv' => '/home/munyiri/.cache/typescript/4.8/node_modules/@types/react-native-dotenv/index.d.ts'
[09:30:38.936] Adding entry into typings cache: 'react-native-loading-spinner-overlay' => '/home/munyiri/.cache/typescript/4.8/node_modules/@types/react-native-loading-spinner-overlay/index.d.ts'
[09:30:38.947] Adding entry into typings cache: 'react-native-push-notification' => '/home/munyiri/.cache/typescript/4.8/node_modules/@types/react-native-push-notification/index.d.ts'
[09:30:38.956] Adding entry into typings cache: 'react-native-share' => '/home/munyiri/.cache/typescript/4.8/node_modules/@types/react-native-share/index.d.ts'
[09:30:38.964] Adding entry into typings cache: 'react-native-signature-capture' => '/home/munyiri/.cache/typescript/4.8/node_modules/@types/react-native-signature-capture/index.d.ts'
[09:30:39.029] Adding entry into typings cache: 'react-native-vector-icons' => '/home/munyiri/.cache/typescript/4.8/node_modules/@types/react-native-vector-icons/index.d.ts'
[09:30:39.269] Adding entry into typings cache: 'react-redux' => '/home/munyiri/.cache/typescript/4.8/node_modules/@types/react-redux/index.d.ts'
[09:30:39.353] Adding entry into typings cache: 'react-router' => '/home/munyiri/.cache/typescript/4.8/node_modules/@types/react-router/index.d.ts'
[09:30:39.545] Adding entry into typings cache: 'react-router-dom' => '/home/munyiri/.cache/typescript/4.8/node_modules/@types/react-router-dom/index.d.ts'
[09:30:39.627] Adding entry into typings cache: 'react-test-renderer' => '/home/munyiri/.cache/typescript/4.8/node_modules/@types/react-test-renderer/index.d.ts'
[09:30:39.732] Adding entry into typings cache: 'react-transition-group' => '/home/munyiri/.cache/typescript/4.8/node_modules/@types/react-transition-group/index.d.ts'
[09:30:39.838] Adding entry into typings cache: 'redux-mock-store' => '/home/munyiri/.cache/typescript/4.8/node_modules/@types/redux-mock-store/index.d.ts'
[09:30:39.852] Adding entry into typings cache: 'request' => '/home/munyiri/.cache/typescript/4.8/node_modules/@types/request/index.d.ts'
[09:30:39.942] Adding entry into typings cache: 'rsvp' => '/home/munyiri/.cache/typescript/4.8/node_modules/@types/rsvp/index.d.ts'
[09:30:39.950] Adding entry into typings cache: 'shortid' => '/home/munyiri/.cache/typescript/4.8/node_modules/@types/shortid/index.d.ts'
[09:30:40.107] Adding entry into typings cache: 'testing-library__jest-dom' => '/home/munyiri/.cache/typescript/4.8/node_modules/@types/testing-library__jest-dom/index.d.ts'
[09:30:40.211] Adding entry into typings cache: 'when' => '/home/munyiri/.cache/typescript/4.8/node_modules/@types/when/index.d.ts'
[09:30:40.212] Finished processing cache location '/home/munyiri/.cache/typescript/4.8'
[09:30:40.213] Process id: 28641
[09:30:40.214] NPM location: "/usr/bin/npm" (explicit '--npmLocation' not  provided)
[09:30:40.214] validateDefaultNpmLocation: true
[09:30:40.215] Npm config file: /home/munyiri/.cache/typescript/4.8/package.json
[09:30:40.215] Updating types-registry npm package...
[09:30:40.216] Exec: "/usr/bin/npm" install --ignore-scripts types-registry@latest
[09:31:06.615]     Succeeded. stdout:
    
    up to date, audited 174 packages in 13s

5 packages are looking for funding
  run `npm fund` for details

found 0 vulnerabilities

[09:31:06.976] Updated types-registry npm package
[09:32:21.103] Got install request {"projectName":"/dev/null/inferredProject1*","fileNames":["/home/munyiri/.emacs.d/.cache/lsp/npm/typescript/lib/node_modules/typescript/lib/lib.es5.d.ts","/home/munyiri/.emacs.d/.cache/lsp/npm/typescript/lib/node_modules/typescript/lib/lib.es2015.d.ts","/home/munyiri/.emacs.d/.cache/lsp/npm/typescript/lib/node_modules/typescript/lib/lib.es2016.d.ts","/home/munyiri/.emacs.d/.cache/lsp/npm/typescript/lib/node_modules/typescript/lib/lib.dom.d.ts","/home/munyiri/.emacs.d/.cache/lsp/npm/typescript/lib/node_modules/typescript/lib/lib.dom.iterable.d.ts","/home/munyiri/.emacs.d/.cache/lsp/npm/typescript/lib/node_modules/typescript/lib/lib.webworker.importscripts.d.ts","/home/munyiri/.emacs.d/.cache/lsp/npm/typescript/lib/node_modules/typescript/lib/lib.scripthost.d.ts","/home/munyiri/.emacs.d/.cache/lsp/npm/typescript/lib/node_modules/typescript/lib/lib.es2015.core.d.ts","/home/munyiri/.emacs.d/.cache/lsp/npm/typescript/lib/node_modules/typescript/lib/lib.es2015.collection.d.ts","/home/munyiri/.emacs.d/.cache/lsp/npm/typescript/lib/node_modules/typescript/lib/lib.es2015.generator.d.ts","/home/munyiri/.emacs.d/.cache/lsp/npm/typescript/lib/node_modules/typescript/lib/lib.es2015.iterable.d.ts","/home/munyiri/.emacs.d/.cache/lsp/npm/typescript/lib/node_modules/typescript/lib/lib.es2015.promise.d.ts","/home/munyiri/.emacs.d/.cache/lsp/npm/typescript/lib/node_modules/typescript/lib/lib.es2015.proxy.d.ts","/home/munyiri/.emacs.d/.cache/lsp/npm/typescript/lib/node_modules/typescript/lib/lib.es2015.reflect.d.ts","/home/munyiri/.emacs.d/.cache/lsp/npm/typescript/lib/node_modules/typescript/lib/lib.es2015.symbol.d.ts","/home/munyiri/.emacs.d/.cache/lsp/npm/typescript/lib/node_modules/typescript/lib/lib.es2015.symbol.wellknown.d.ts","/home/munyiri/.emacs.d/.cache/lsp/npm/typescript/lib/node_modules/typescript/lib/lib.es2016.array.include.d.ts","/home/munyiri/.emacs.d/.cache/lsp/npm/typescript/lib/node_modules/typescript/lib/lib.es2016.full.d.ts","/home/munyiri/HouseShare/src/redux/name.js","/home/munyiri/HouseShare/src/redux/store.js","/home/munyiri/HouseShare/src/components/Home.js","/home/munyiri/HouseShare/App.js","/home/munyiri/HouseShare/index.js"],"compilerOptions":{"module":1,"target":3,"jsx":1,"allowJs":true,"allowSyntheticDefaultImports":true,"allowNonTsExtensions":true,"noEmitForJsFiles":true,"maxNodeModuleJsDepth":2},"typeAcquisition":{"enable":true,"include":[],"exclude":[]},"unresolvedImports":["react-native"],"projectRootPath":"/home/munyiri/HouseShare","kind":"discover"}
[09:32:21.153] Loaded safelist from types map file '/home/munyiri/.emacs.d/.cache/lsp/npm/typescript/lib/node_modules/typescript/lib/typesMap.json'
[09:32:21.154] Explicitly included types: []
[09:32:21.158] Typing names in '/home/munyiri/HouseShare/package.json' dependencies: ["@react-native-community/geolocation","@reduxjs/toolkit","expo","expo-splash-screen","expo-status-bar","react","react-native","react-redux","@babel/core","@types/react-redux"]
[09:32:21.159] Searching for typing names in /home/munyiri/HouseShare/node_modules; all files: ["/home/munyiri/HouseShare/node_modules/@react-native-community/geolocation/package.json","/home/munyiri/HouseShare/node_modules/@reduxjs/toolkit/package.json","/home/munyiri/HouseShare/node_modules/expo/package.json","/home/munyiri/HouseShare/node_modules/expo-splash-screen/package.json","/home/munyiri/HouseShare/node_modules/expo-status-bar/package.json","/home/munyiri/HouseShare/node_modules/react/package.json","/home/munyiri/HouseShare/node_modules/react-native/package.json","/home/munyiri/HouseShare/node_modules/react-redux/package.json","/home/munyiri/HouseShare/node_modules/@babel/core/package.json","/home/munyiri/HouseShare/node_modules/@types/react-redux/package.json"]
[09:32:21.164]     Package '@react-native-community/geolocation' provides its own types.
[09:32:21.167]     Package '@reduxjs/toolkit' provides its own types.
[09:32:21.203]     Package 'expo' provides its own types.
[09:32:21.204]     Package 'expo-splash-screen' provides its own types.
[09:32:21.205]     Package 'expo-status-bar' provides its own types.
[09:32:21.232]     Package 'react-native' provides its own types but they are missing.
[09:32:21.237]     Package 'react-redux' provides its own types.
[09:32:21.264]     Package '@types/react-redux' provides its own types.
[09:32:21.265]     Found package names: ["react","@babel/core"]
[09:32:21.267] Inferred typings from file names: ["storejs"]
[09:32:21.267] Inferred typings from unresolved imports: ["react-native"]
[09:32:21.269] Result: {"cachedTypingPaths":["/home/munyiri/HouseShare/node_modules/@react-native-community/geolocation/lib/typescript/index.d.ts","/home/munyiri/HouseShare/node_modules/@reduxjs/toolkit/dist/index.d.ts","/home/munyiri/HouseShare/node_modules/expo/build/Expo.d.ts","/home/munyiri/HouseShare/node_modules/expo-splash-screen/build/index.d.ts","/home/munyiri/HouseShare/node_modules/expo-status-bar/build/StatusBar.d.ts","/home/munyiri/.cache/typescript/4.8/node_modules/@types/react/index.d.ts","/home/munyiri/.cache/typescript/4.8/node_modules/@types/react-native/index.d.ts","/home/munyiri/HouseShare/node_modules/react-redux/es/index.d.ts","/home/munyiri/HouseShare/node_modules/@types/react-redux/index.d.ts"],"newTypingNames":["@babel/core","storejs"],"filesToWatch":["/home/munyiri/HouseShare/src/redux/bower_components","/home/munyiri/HouseShare/src/redux/node_modules","/home/munyiri/HouseShare/src/components/bower_components","/home/munyiri/HouseShare/src/components/node_modules","/home/munyiri/HouseShare/bower_components","/home/munyiri/HouseShare/package.json","/home/munyiri/HouseShare/node_modules"]}
[09:32:21.271] Finished typings discovery: {"cachedTypingPaths":["/home/munyiri/HouseShare/node_modules/@react-native-community/geolocation/lib/typescript/index.d.ts","/home/munyiri/HouseShare/node_modules/@reduxjs/toolkit/dist/index.d.ts","/home/munyiri/HouseShare/node_modules/expo/build/Expo.d.ts","/home/munyiri/HouseShare/node_modules/expo-splash-screen/build/index.d.ts","/home/munyiri/HouseShare/node_modules/expo-status-bar/build/StatusBar.d.ts","/home/munyiri/.cache/typescript/4.8/node_modules/@types/react/index.d.ts","/home/munyiri/.cache/typescript/4.8/node_modules/@types/react-native/index.d.ts","/home/munyiri/HouseShare/node_modules/react-redux/es/index.d.ts","/home/munyiri/HouseShare/node_modules/@types/react-redux/index.d.ts"],"newTypingNames":["@babel/core","storejs"],"filesToWatch":["/home/munyiri/HouseShare/src/redux/bower_components","/home/munyiri/HouseShare/src/redux/node_modules","/home/munyiri/HouseShare/src/components/bower_components","/home/munyiri/HouseShare/src/components/node_modules","/home/munyiri/HouseShare/bower_components","/home/munyiri/HouseShare/package.json","/home/munyiri/HouseShare/node_modules"]}
[09:32:21.272] DirectoryWatcher:: Added:: WatchInfo: /home/munyiri/HouseShare/src
[09:32:21.274] DirectoryWatcher:: Added:: WatchInfo: /home/munyiri/HouseShare/src 1 undefined Project: /dev/null/inferredProject1* watcher already invoked: false
[09:32:21.288] Elapsed:: 12.973119005560875ms DirectoryWatcher:: Added:: WatchInfo: /home/munyiri/HouseShare/src 1 undefined Project: /dev/null/inferredProject1* watcher already invoked: false
[09:32:21.289] DirectoryWatcher:: Added:: WatchInfo: /home/munyiri/HouseShare/bower_components
[09:32:21.290] DirectoryWatcher:: Added:: WatchInfo: /home/munyiri/HouseShare/bower_components 1 undefined Project: /dev/null/inferredProject1* watcher already invoked: false
[09:32:21.300] Elapsed:: 9.880536995828152ms DirectoryWatcher:: Added:: WatchInfo: /home/munyiri/HouseShare/bower_components 1 undefined Project: /dev/null/inferredProject1* watcher already invoked: false
[09:32:21.300] FileWatcher:: Added:: WatchInfo: /home/munyiri/HouseShare/package.json
[09:32:21.300] FileWatcher:: Added:: WatchInfo: /home/munyiri/HouseShare/package.json 2000 undefined Project: /dev/null/inferredProject1* watcher already invoked: false
[09:32:21.301] DirectoryWatcher:: Added:: WatchInfo: /home/munyiri/HouseShare/node_modules
[09:32:21.301] DirectoryWatcher:: Added:: WatchInfo: /home/munyiri/HouseShare/node_modules 1 undefined Project: /dev/null/inferredProject1* watcher already invoked: false
[09:32:31.193] Elapsed:: 9892.281661003828ms DirectoryWatcher:: Added:: WatchInfo: /home/munyiri/HouseShare/node_modules 1 undefined Project: /dev/null/inferredProject1* watcher already invoked: false
[09:32:31.193] Installing typings ["@babel/core","storejs"]
[09:32:31.194] '@babel/core':: 'babel__core' already has an up-to-date typing - skipping...
[09:32:31.194] 'storejs':: Entry for package 'storejs' does not exist in local types registry - skipping...
[09:32:31.194] All typings are known to be missing or invalid - no need to install more typings
[09:32:31.194] Sending response:
    {"projectName":"/dev/null/inferredProject1*","typeAcquisition":{"enable":true,"include":[],"exclude":[]},"compilerOptions":{"module":1,"target":3,"jsx":1,"allowJs":true,"allowSyntheticDefaultImports":true,"allowNonTsExtensions":true,"noEmitForJsFiles":true,"maxNodeModuleJsDepth":2},"typings":["/home/munyiri/HouseShare/node_modules/@react-native-community/geolocation/lib/typescript/index.d.ts","/home/munyiri/HouseShare/node_modules/@reduxjs/toolkit/dist/index.d.ts","/home/munyiri/HouseShare/node_modules/expo/build/Expo.d.ts","/home/munyiri/HouseShare/node_modules/expo-splash-screen/build/index.d.ts","/home/munyiri/HouseShare/node_modules/expo-status-bar/build/StatusBar.d.ts","/home/munyiri/.cache/typescript/4.8/node_modules/@types/react/index.d.ts","/home/munyiri/.cache/typescript/4.8/node_modules/@types/react-native/index.d.ts","/home/munyiri/HouseShare/node_modules/react-redux/es/index.d.ts","/home/munyiri/HouseShare/node_modules/@types/react-redux/index.d.ts"],"unresolvedImports":["react-native"],"kind":"action::set"}
[09:32:31.195] Response has been sent.
[09:32:32.416] Got install request {"projectName":"/dev/null/inferredProject1*","fileNames":["/home/munyiri/.emacs.d/.cache/lsp/npm/typescript/lib/node_modules/typescript/lib/lib.es5.d.ts","/home/munyiri/.emacs.d/.cache/lsp/npm/typescript/lib/node_modules/typescript/lib/lib.es2015.d.ts","/home/munyiri/.emacs.d/.cache/lsp/npm/typescript/lib/node_modules/typescript/lib/lib.es2016.d.ts","/home/munyiri/.emacs.d/.cache/lsp/npm/typescript/lib/node_modules/typescript/lib/lib.dom.d.ts","/home/munyiri/.emacs.d/.cache/lsp/npm/typescript/lib/node_modules/typescript/lib/lib.dom.iterable.d.ts","/home/munyiri/.emacs.d/.cache/lsp/npm/typescript/lib/node_modules/typescript/lib/lib.webworker.importscripts.d.ts","/home/munyiri/.emacs.d/.cache/lsp/npm/typescript/lib/node_modules/typescript/lib/lib.scripthost.d.ts","/home/munyiri/.emacs.d/.cache/lsp/npm/typescript/lib/node_modules/typescript/lib/lib.es2015.core.d.ts","/home/munyiri/.emacs.d/.cache/lsp/npm/typescript/lib/node_modules/typescript/lib/lib.es2015.collection.d.ts","/home/munyiri/.emacs.d/.cache/lsp/npm/typescript/lib/node_modules/typescript/lib/lib.es2015.generator.d.ts","/home/munyiri/.emacs.d/.cache/lsp/npm/typescript/lib/node_modules/typescript/lib/lib.es2015.iterable.d.ts","/home/munyiri/.emacs.d/.cache/lsp/npm/typescript/lib/node_modules/typescript/lib/lib.es2015.promise.d.ts","/home/munyiri/.emacs.d/.cache/lsp/npm/typescript/lib/node_modules/typescript/lib/lib.es2015.proxy.d.ts","/home/munyiri/.emacs.d/.cache/lsp/npm/typescript/lib/node_modules/typescript/lib/lib.es2015.reflect.d.ts","/home/munyiri/.emacs.d/.cache/lsp/npm/typescript/lib/node_modules/typescript/lib/lib.es2015.symbol.d.ts","/home/munyiri/.emacs.d/.cache/lsp/npm/typescript/lib/node_modules/typescript/lib/lib.es2015.symbol.wellknown.d.ts","/home/munyiri/.emacs.d/.cache/lsp/npm/typescript/lib/node_modules/typescript/lib/lib.es2016.array.include.d.ts","/home/munyiri/.emacs.d/.cache/lsp/npm/typescript/lib/node_modules/typescript/lib/lib.es2016.full.d.ts","/home/munyiri/HouseShare/node_modules/expo/build/Expo.d.ts","/home/munyiri/.cache/typescript/4.8/node_modules/@types/react/global.d.ts","/home/munyiri/.cache/typescript/4.8/node_modules/@types/react/index.d.ts","/home/munyiri/HouseShare/node_modules/react-redux/es/index.d.ts","/home/munyiri/HouseShare/node_modules/@reduxjs/toolkit/dist/index.d.ts","/home/munyiri/HouseShare/src/redux/name.js","/home/munyiri/HouseShare/src/redux/store.js","/home/munyiri/HouseShare/node_modules/@react-native-community/geolocation/lib/typescript/index.d.ts","/home/munyiri/HouseShare/src/components/Home.js","/home/munyiri/HouseShare/App.js","/home/munyiri/HouseShare/index.js","/home/munyiri/.cache/typescript/4.8/node_modules/@types/react-native/modules/BatchedBridge.d.ts","/home/munyiri/.cache/typescript/4.8/node_modules/@types/react-native/modules/Codegen.d.ts","/home/munyiri/.cache/typescript/4.8/node_modules/@types/react-native/modules/Devtools.d.ts","/home/munyiri/.cache/typescript/4.8/node_modules/@types/react-native/modules/globals.d.ts","/home/munyiri/.cache/typescript/4.8/node_modules/@types/react-native/modules/LaunchScreen.d.ts","/home/munyiri/.cache/typescript/4.8/node_modules/@types/react-native/index.d.ts","/home/munyiri/HouseShare/node_modules/@types/react-redux/index.d.ts","/home/munyiri/HouseShare/node_modules/expo-splash-screen/build/index.d.ts","/home/munyiri/HouseShare/node_modules/expo-status-bar/build/StatusBar.d.ts"],"compilerOptions":{"module":1,"target":3,"jsx":1,"allowJs":true,"allowSyntheticDefaultImports":true,"allowNonTsExtensions":true,"noEmitForJsFiles":true,"maxNodeModuleJsDepth":2},"typeAcquisition":{"enable":true,"include":[],"exclude":[]},"unresolvedImports":["react-native"],"projectRootPath":"/home/munyiri/HouseShare","kind":"discover"}
[09:32:32.416] Explicitly included types: []
[09:32:32.417] Typing names in '/home/munyiri/HouseShare/package.json' dependencies: ["@react-native-community/geolocation","@reduxjs/toolkit","expo","expo-splash-screen","expo-status-bar","react","react-native","react-redux","@babel/core","@types/react-redux"]
[09:32:32.417] Searching for typing names in /home/munyiri/HouseShare/node_modules; all files: ["/home/munyiri/HouseShare/node_modules/@react-native-community/geolocation/package.json","/home/munyiri/HouseShare/node_modules/@reduxjs/toolkit/package.json","/home/munyiri/HouseShare/node_modules/expo/package.json","/home/munyiri/HouseShare/node_modules/expo-splash-screen/package.json","/home/munyiri/HouseShare/node_modules/expo-status-bar/package.json","/home/munyiri/HouseShare/node_modules/react/package.json","/home/munyiri/HouseShare/node_modules/react-native/package.json","/home/munyiri/HouseShare/node_modules/react-redux/package.json","/home/munyiri/HouseShare/node_modules/@babel/core/package.json","/home/munyiri/HouseShare/node_modules/@types/react-redux/package.json"]
[09:32:32.420]     Package '@react-native-community/geolocation' provides its own types.
[09:32:32.422]     Package '@reduxjs/toolkit' provides its own types.
[09:32:32.423]     Package 'expo' provides its own types.
[09:32:32.425]     Package 'expo-splash-screen' provides its own types.
[09:32:32.426]     Package 'expo-status-bar' provides its own types.
[09:32:32.433]     Package 'react-native' provides its own types but they are missing.
[09:32:32.435]     Package 'react-redux' provides its own types.
[09:32:32.441]     Package '@types/react-redux' provides its own types.
[09:32:32.441]     Found package names: ["react","@babel/core"]
[09:32:32.441] Inferred typings from file names: ["storejs"]
[09:32:32.442] Inferred typings from unresolved imports: ["react-native"]
[09:32:32.442] Result: {"cachedTypingPaths":["/home/munyiri/HouseShare/node_modules/@react-native-community/geolocation/lib/typescript/index.d.ts","/home/munyiri/HouseShare/node_modules/@reduxjs/toolkit/dist/index.d.ts","/home/munyiri/HouseShare/node_modules/expo/build/Expo.d.ts","/home/munyiri/HouseShare/node_modules/expo-splash-screen/build/index.d.ts","/home/munyiri/HouseShare/node_modules/expo-status-bar/build/StatusBar.d.ts","/home/munyiri/.cache/typescript/4.8/node_modules/@types/react/index.d.ts","/home/munyiri/.cache/typescript/4.8/node_modules/@types/react-native/index.d.ts","/home/munyiri/HouseShare/node_modules/react-redux/es/index.d.ts","/home/munyiri/HouseShare/node_modules/@types/react-redux/index.d.ts"],"newTypingNames":["@babel/core","storejs"],"filesToWatch":["/home/munyiri/HouseShare/src/redux/bower_components","/home/munyiri/HouseShare/src/redux/node_modules","/home/munyiri/HouseShare/src/components/bower_components","/home/munyiri/HouseShare/src/components/node_modules","/home/munyiri/HouseShare/bower_components","/home/munyiri/HouseShare/package.json","/home/munyiri/HouseShare/node_modules"]}
[09:32:32.442] Finished typings discovery: {"cachedTypingPaths":["/home/munyiri/HouseShare/node_modules/@react-native-community/geolocation/lib/typescript/index.d.ts","/home/munyiri/HouseShare/node_modules/@reduxjs/toolkit/dist/index.d.ts","/home/munyiri/HouseShare/node_modules/expo/build/Expo.d.ts","/home/munyiri/HouseShare/node_modules/expo-splash-screen/build/index.d.ts","/home/munyiri/HouseShare/node_modules/expo-status-bar/build/StatusBar.d.ts","/home/munyiri/.cache/typescript/4.8/node_modules/@types/react/index.d.ts","/home/munyiri/.cache/typescript/4.8/node_modules/@types/react-native/index.d.ts","/home/munyiri/HouseShare/node_modules/react-redux/es/index.d.ts","/home/munyiri/HouseShare/node_modules/@types/react-redux/index.d.ts"],"newTypingNames":["@babel/core","storejs"],"filesToWatch":["/home/munyiri/HouseShare/src/redux/bower_components","/home/munyiri/HouseShare/src/redux/node_modules","/home/munyiri/HouseShare/src/components/bower_components","/home/munyiri/HouseShare/src/components/node_modules","/home/munyiri/HouseShare/bower_components","/home/munyiri/HouseShare/package.json","/home/munyiri/HouseShare/node_modules"]}
[09:32:32.442] Installing typings ["@babel/core","storejs"]
[09:32:32.442] '@babel/core':: 'babel__core' already has an up-to-date typing - skipping...
[09:32:32.443] 'storejs':: Entry for package 'storejs' does not exist in local types registry - skipping...
[09:32:32.443] All typings are known to be missing or invalid - no need to install more typings
[09:32:32.443] Sending response:
    {"projectName":"/dev/null/inferredProject1*","typeAcquisition":{"enable":true,"include":[],"exclude":[]},"compilerOptions":{"module":1,"target":3,"jsx":1,"allowJs":true,"allowSyntheticDefaultImports":true,"allowNonTsExtensions":true,"noEmitForJsFiles":true,"maxNodeModuleJsDepth":2},"typings":["/home/munyiri/HouseShare/node_modules/@react-native-community/geolocation/lib/typescript/index.d.ts","/home/munyiri/HouseShare/node_modules/@reduxjs/toolkit/dist/index.d.ts","/home/munyiri/HouseShare/node_modules/expo/build/Expo.d.ts","/home/munyiri/HouseShare/node_modules/expo-splash-screen/build/index.d.ts","/home/munyiri/HouseShare/node_modules/expo-status-bar/build/StatusBar.d.ts","/home/munyiri/.cache/typescript/4.8/node_modules/@types/react/index.d.ts","/home/munyiri/.cache/typescript/4.8/node_modules/@types/react-native/index.d.ts","/home/munyiri/HouseShare/node_modules/react-redux/es/index.d.ts","/home/munyiri/HouseShare/node_modules/@types/react-redux/index.d.ts"],"unresolvedImports":["react-native"],"kind":"action::set"}
[09:32:32.443] Response has been sent.
[09:40:17.953] Got install request {"projectName":"/dev/null/inferredProject1*","fileNames":["/home/munyiri/.emacs.d/.cache/lsp/npm/typescript/lib/node_modules/typescript/lib/lib.es5.d.ts","/home/munyiri/.emacs.d/.cache/lsp/npm/typescript/lib/node_modules/typescript/lib/lib.es2015.d.ts","/home/munyiri/.emacs.d/.cache/lsp/npm/typescript/lib/node_modules/typescript/lib/lib.es2016.d.ts","/home/munyiri/.emacs.d/.cache/lsp/npm/typescript/lib/node_modules/typescript/lib/lib.dom.d.ts","/home/munyiri/.emacs.d/.cache/lsp/npm/typescript/lib/node_modules/typescript/lib/lib.dom.iterable.d.ts","/home/munyiri/.emacs.d/.cache/lsp/npm/typescript/lib/node_modules/typescript/lib/lib.webworker.importscripts.d.ts","/home/munyiri/.emacs.d/.cache/lsp/npm/typescript/lib/node_modules/typescript/lib/lib.scripthost.d.ts","/home/munyiri/.emacs.d/.cache/lsp/npm/typescript/lib/node_modules/typescript/lib/lib.es2015.core.d.ts","/home/munyiri/.emacs.d/.cache/lsp/npm/typescript/lib/node_modules/typescript/lib/lib.es2015.collection.d.ts","/home/munyiri/.emacs.d/.cache/lsp/npm/typescript/lib/node_modules/typescript/lib/lib.es2015.generator.d.ts","/home/munyiri/.emacs.d/.cache/lsp/npm/typescript/lib/node_modules/typescript/lib/lib.es2015.iterable.d.ts","/home/munyiri/.emacs.d/.cache/lsp/npm/typescript/lib/node_modules/typescript/lib/lib.es2015.promise.d.ts","/home/munyiri/.emacs.d/.cache/lsp/npm/typescript/lib/node_modules/typescript/lib/lib.es2015.proxy.d.ts","/home/munyiri/.emacs.d/.cache/lsp/npm/typescript/lib/node_modules/typescript/lib/lib.es2015.reflect.d.ts","/home/munyiri/.emacs.d/.cache/lsp/npm/typescript/lib/node_modules/typescript/lib/lib.es2015.symbol.d.ts","/home/munyiri/.emacs.d/.cache/lsp/npm/typescript/lib/node_modules/typescript/lib/lib.es2015.symbol.wellknown.d.ts","/home/munyiri/.emacs.d/.cache/lsp/npm/typescript/lib/node_modules/typescript/lib/lib.es2016.array.include.d.ts","/home/munyiri/.emacs.d/.cache/lsp/npm/typescript/lib/node_modules/typescript/lib/lib.es2016.full.d.ts","/home/munyiri/HouseShare/node_modules/expo/build/Expo.d.ts","/home/munyiri/.cache/typescript/4.8/node_modules/@types/react/global.d.ts","/home/munyiri/.cache/typescript/4.8/node_modules/@types/react/index.d.ts","/home/munyiri/HouseShare/node_modules/react-redux/es/index.d.ts","/home/munyiri/HouseShare/node_modules/@reduxjs/toolkit/dist/index.d.ts","/home/munyiri/HouseShare/src/redux/name.js","/home/munyiri/HouseShare/src/redux/store.js","/home/munyiri/HouseShare/node_modules/@react-native-community/geolocation/lib/typescript/index.d.ts","/home/munyiri/HouseShare/src/components/Home.js","/home/munyiri/HouseShare/App.js","/home/munyiri/HouseShare/index.js","/home/munyiri/HouseShare/src/components/Test.js","/home/munyiri/.cache/typescript/4.8/node_modules/@types/react-native/modules/BatchedBridge.d.ts","/home/munyiri/.cache/typescript/4.8/node_modules/@types/react-native/modules/Codegen.d.ts","/home/munyiri/.cache/typescript/4.8/node_modules/@types/react-native/modules/Devtools.d.ts","/home/munyiri/.cache/typescript/4.8/node_modules/@types/react-native/modules/globals.d.ts","/home/munyiri/.cache/typescript/4.8/node_modules/@types/react-native/modules/LaunchScreen.d.ts","/home/munyiri/.cache/typescript/4.8/node_modules/@types/react-native/index.d.ts","/home/munyiri/HouseShare/node_modules/@types/react-redux/index.d.ts","/home/munyiri/HouseShare/node_modules/expo-splash-screen/build/index.d.ts","/home/munyiri/HouseShare/node_modules/expo-status-bar/build/StatusBar.d.ts"],"compilerOptions":{"module":1,"target":3,"jsx":1,"allowJs":true,"allowSyntheticDefaultImports":true,"allowNonTsExtensions":true,"noEmitForJsFiles":true,"maxNodeModuleJsDepth":2},"typeAcquisition":{"enable":true,"include":[],"exclude":[]},"unresolvedImports":["react-native"],"projectRootPath":"/home/munyiri/HouseShare","kind":"discover"}
[09:40:17.953] Explicitly included types: []
[09:40:17.954] Typing names in '/home/munyiri/HouseShare/package.json' dependencies: ["@react-native-community/geolocation","@reduxjs/toolkit","expo","expo-splash-screen","expo-status-bar","react","react-native","react-redux","@babel/core","@types/react-redux"]
[09:40:17.954] Searching for typing names in /home/munyiri/HouseShare/node_modules; all files: ["/home/munyiri/HouseShare/node_modules/@react-native-community/geolocation/package.json","/home/munyiri/HouseShare/node_modules/@reduxjs/toolkit/package.json","/home/munyiri/HouseShare/node_modules/expo/package.json","/home/munyiri/HouseShare/node_modules/expo-splash-screen/package.json","/home/munyiri/HouseShare/node_modules/expo-status-bar/package.json","/home/munyiri/HouseShare/node_modules/react/package.json","/home/munyiri/HouseShare/node_modules/react-native/package.json","/home/munyiri/HouseShare/node_modules/react-redux/package.json","/home/munyiri/HouseShare/node_modules/@babel/core/package.json","/home/munyiri/HouseShare/node_modules/@types/react-redux/package.json"]
[09:40:17.964]     Package '@react-native-community/geolocation' provides its own types.
[09:40:17.970]     Package '@reduxjs/toolkit' provides its own types.
[09:40:17.991]     Package 'expo' provides its own types.
[09:40:18.011]     Package 'expo-splash-screen' provides its own types.
[09:40:18.026]     Package 'expo-status-bar' provides its own types.
[09:40:18.039]     Package 'react-native' provides its own types but they are missing.
[09:40:18.056]     Package 'react-redux' provides its own types.
[09:40:18.060]     Package '@types/react-redux' provides its own types.
[09:40:18.061]     Found package names: ["react","@babel/core"]
[09:40:18.061] Inferred typings from file names: ["storejs"]
[09:40:18.061] Inferred typings from unresolved imports: ["react-native"]
[09:40:18.061] Result: {"cachedTypingPaths":["/home/munyiri/HouseShare/node_modules/@react-native-community/geolocation/lib/typescript/index.d.ts","/home/munyiri/HouseShare/node_modules/@reduxjs/toolkit/dist/index.d.ts","/home/munyiri/HouseShare/node_modules/expo/build/Expo.d.ts","/home/munyiri/HouseShare/node_modules/expo-splash-screen/build/index.d.ts","/home/munyiri/HouseShare/node_modules/expo-status-bar/build/StatusBar.d.ts","/home/munyiri/.cache/typescript/4.8/node_modules/@types/react/index.d.ts","/home/munyiri/.cache/typescript/4.8/node_modules/@types/react-native/index.d.ts","/home/munyiri/HouseShare/node_modules/react-redux/es/index.d.ts","/home/munyiri/HouseShare/node_modules/@types/react-redux/index.d.ts"],"newTypingNames":["@babel/core","storejs"],"filesToWatch":["/home/munyiri/HouseShare/src/redux/bower_components","/home/munyiri/HouseShare/src/redux/node_modules","/home/munyiri/HouseShare/src/components/bower_components","/home/munyiri/HouseShare/src/components/node_modules","/home/munyiri/HouseShare/bower_components","/home/munyiri/HouseShare/package.json","/home/munyiri/HouseShare/node_modules"]}
[09:40:18.061] Finished typings discovery: {"cachedTypingPaths":["/home/munyiri/HouseShare/node_modules/@react-native-community/geolocation/lib/typescript/index.d.ts","/home/munyiri/HouseShare/node_modules/@reduxjs/toolkit/dist/index.d.ts","/home/munyiri/HouseShare/node_modules/expo/build/Expo.d.ts","/home/munyiri/HouseShare/node_modules/expo-splash-screen/build/index.d.ts","/home/munyiri/HouseShare/node_modules/expo-status-bar/build/StatusBar.d.ts","/home/munyiri/.cache/typescript/4.8/node_modules/@types/react/index.d.ts","/home/munyiri/.cache/typescript/4.8/node_modules/@types/react-native/index.d.ts","/home/munyiri/HouseShare/node_modules/react-redux/es/index.d.ts","/home/munyiri/HouseShare/node_modules/@types/react-redux/index.d.ts"],"newTypingNames":["@babel/core","storejs"],"filesToWatch":["/home/munyiri/HouseShare/src/redux/bower_components","/home/munyiri/HouseShare/src/redux/node_modules","/home/munyiri/HouseShare/src/components/bower_components","/home/munyiri/HouseShare/src/components/node_modules","/home/munyiri/HouseShare/bower_components","/home/munyiri/HouseShare/package.json","/home/munyiri/HouseShare/node_modules"]}
[09:40:18.061] Installing typings ["@babel/core","storejs"]
[09:40:18.061] '@babel/core':: 'babel__core' already has an up-to-date typing - skipping...
[09:40:18.061] 'storejs':: Entry for package 'storejs' does not exist in local types registry - skipping...
[09:40:18.061] All typings are known to be missing or invalid - no need to install more typings
[09:40:18.061] Sending response:
    {"projectName":"/dev/null/inferredProject1*","typeAcquisition":{"enable":true,"include":[],"exclude":[]},"compilerOptions":{"module":1,"target":3,"jsx":1,"allowJs":true,"allowSyntheticDefaultImports":true,"allowNonTsExtensions":true,"noEmitForJsFiles":true,"maxNodeModuleJsDepth":2},"typings":["/home/munyiri/HouseShare/node_modules/@react-native-community/geolocation/lib/typescript/index.d.ts","/home/munyiri/HouseShare/node_modules/@reduxjs/toolkit/dist/index.d.ts","/home/munyiri/HouseShare/node_modules/expo/build/Expo.d.ts","/home/munyiri/HouseShare/node_modules/expo-splash-screen/build/index.d.ts","/home/munyiri/HouseShare/node_modules/expo-status-bar/build/StatusBar.d.ts","/home/munyiri/.cache/typescript/4.8/node_modules/@types/react/index.d.ts","/home/munyiri/.cache/typescript/4.8/node_modules/@types/react-native/index.d.ts","/home/munyiri/HouseShare/node_modules/react-redux/es/index.d.ts","/home/munyiri/HouseShare/node_modules/@types/react-redux/index.d.ts"],"unresolvedImports":["react-native"],"kind":"action::set"}
[09:40:18.061] Response has been sent.
[09:40:18.407] sysLog:: onTimerToUpdateChildWatches:: 1
[09:40:18.408] sysLog:: invokingWatchers:: Elapsed:: 1.054356999695301ms:: 0
[09:40:18.410] DirectoryWatcher:: Triggered with /home/munyiri/HouseShare/src/components/Test.js 0:: WatchInfo: /home/munyiri/HouseShare/src 1 undefined Project: /dev/null/inferredProject1* watcher already invoked: false
[09:40:18.411] Elapsed:: 0.4095179960131645ms DirectoryWatcher:: Triggered with /home/munyiri/HouseShare/src/components/Test.js 0:: WatchInfo: /home/munyiri/HouseShare/src 1 undefined Project: /dev/null/inferredProject1* watcher already invoked: false
[09:40:18.411] sysLog:: Elapsed:: 3.6270560026168823ms:: onTimerToUpdateChildWatches:: 0 undefined
[09:40:35.103] sysLog:: onTimerToUpdateChildWatches:: 1
[09:40:35.104] sysLog:: invokingWatchers:: Elapsed:: 0.12466000020503998ms:: 0
[09:40:35.104] DirectoryWatcher:: Triggered with /home/munyiri/HouseShare/src/components/#Test.js# 0:: WatchInfo: /home/munyiri/HouseShare/src 1 undefined Project: /dev/null/inferredProject1* watcher already invoked: false
[09:40:35.104] Elapsed:: 0.014238998293876648ms DirectoryWatcher:: Triggered with /home/munyiri/HouseShare/src/components/#Test.js# 0:: WatchInfo: /home/munyiri/HouseShare/src 1 undefined Project: /dev/null/inferredProject1* watcher already invoked: false
[09:40:35.104] sysLog:: Elapsed:: 0.3182940036058426ms:: onTimerToUpdateChildWatches:: 0 undefined
[09:40:56.284] sysLog:: onTimerToUpdateChildWatches:: 1
[09:40:56.285] sysLog:: invokingWatchers:: Elapsed:: 0.3206989988684654ms:: 0
[09:40:56.286] DirectoryWatcher:: Triggered with /home/munyiri/HouseShare/src/components/Test.js 0:: WatchInfo: /home/munyiri/HouseShare/src 1 undefined Project: /dev/null/inferredProject1* watcher already invoked: false
[09:40:56.286] Elapsed:: 0.05130700021982193ms DirectoryWatcher:: Triggered with /home/munyiri/HouseShare/src/components/Test.js 0:: WatchInfo: /home/munyiri/HouseShare/src 1 undefined Project: /dev/null/inferredProject1* watcher already invoked: false
[09:40:56.286] DirectoryWatcher:: Triggered with /home/munyiri/HouseShare/src/components/Test.js~ 1:: WatchInfo: /home/munyiri/HouseShare/src 1 undefined Project: /dev/null/inferredProject1* watcher already invoked: false
[09:40:56.287] Elapsed:: 0.03932400047779083ms DirectoryWatcher:: Triggered with /home/munyiri/HouseShare/src/components/Test.js~ 1:: WatchInfo: /home/munyiri/HouseShare/src 1 undefined Project: /dev/null/inferredProject1* watcher already invoked: false
[09:40:56.287] DirectoryWatcher:: Triggered with /home/munyiri/HouseShare/src/components/Test.js 2:: WatchInfo: /home/munyiri/HouseShare/src 1 undefined Project: /dev/null/inferredProject1* watcher already invoked: false
[09:40:56.287] Elapsed:: 0.0395750030875206ms DirectoryWatcher:: Triggered with /home/munyiri/HouseShare/src/components/Test.js 2:: WatchInfo: /home/munyiri/HouseShare/src 1 undefined Project: /dev/null/inferredProject1* watcher already invoked: false
[09:40:56.287] DirectoryWatcher:: Triggered with /home/munyiri/HouseShare/src/components/Test.js 3:: WatchInfo: /home/munyiri/HouseShare/src 1 undefined Project: /dev/null/inferredProject1* watcher already invoked: false
[09:40:56.288] Elapsed:: 0.07040899991989136ms DirectoryWatcher:: Triggered with /home/munyiri/HouseShare/src/components/Test.js 3:: WatchInfo: /home/munyiri/HouseShare/src 1 undefined Project: /dev/null/inferredProject1* watcher already invoked: false
[09:40:56.288] DirectoryWatcher:: Triggered with /home/munyiri/HouseShare/src/components/#Test.js# 4:: WatchInfo: /home/munyiri/HouseShare/src 1 undefined Project: /dev/null/inferredProject1* watcher already invoked: false
[09:40:56.288] Elapsed:: 0.036855995655059814ms DirectoryWatcher:: Triggered with /home/munyiri/HouseShare/src/components/#Test.js# 4:: WatchInfo: /home/munyiri/HouseShare/src 1 undefined Project: /dev/null/inferredProject1* watcher already invoked: false
[09:40:56.289] sysLog:: Elapsed:: 4.250561997294426ms:: onTimerToUpdateChildWatches:: 0 undefined
[09:41:26.132] sysLog:: onTimerToUpdateChildWatches:: 1
[09:41:26.132] sysLog:: invokingWatchers:: Elapsed:: 0.08656500279903412ms:: 0
[09:41:26.133] DirectoryWatcher:: Triggered with /home/munyiri/HouseShare/src/components/#Test.js# 0:: WatchInfo: /home/munyiri/HouseShare/src 1 undefined Project: /dev/null/inferredProject1* watcher already invoked: false
[09:41:26.133] Elapsed:: 0.018905997276306152ms DirectoryWatcher:: Triggered with /home/munyiri/HouseShare/src/components/#Test.js# 0:: WatchInfo: /home/munyiri/HouseShare/src 1 undefined Project: /dev/null/inferredProject1* watcher already invoked: false
[09:41:26.133] sysLog:: Elapsed:: 0.2575389966368675ms:: onTimerToUpdateChildWatches:: 0 undefined
[09:41:35.767] sysLog:: onTimerToUpdateChildWatches:: 1
[09:41:35.768] sysLog:: invokingWatchers:: Elapsed:: 0.36709000170230865ms:: 0
[09:41:35.769] DirectoryWatcher:: Triggered with /home/munyiri/HouseShare/src/components/#Test.js# 0:: WatchInfo: /home/munyiri/HouseShare/src 1 undefined Project: /dev/null/inferredProject1* watcher already invoked: false
[09:41:35.769] Elapsed:: 0.039041996002197266ms DirectoryWatcher:: Triggered with /home/munyiri/HouseShare/src/components/#Test.js# 0:: WatchInfo: /home/munyiri/HouseShare/src 1 undefined Project: /dev/null/inferredProject1* watcher already invoked: false
[09:41:35.769] sysLog:: Elapsed:: 1.2266540005803108ms:: onTimerToUpdateChildWatches:: 0 undefined
[09:45:56.805] sysLog:: onTimerToUpdateChildWatches:: 1
[09:45:56.824] sysLog:: invokingWatchers:: Elapsed:: 0.44283099472522736ms:: 0
[09:45:56.825] DirectoryWatcher:: Triggered with /home/munyiri/HouseShare/src/components/#Home.js# 0:: WatchInfo: /home/munyiri/HouseShare/src 1 undefined Project: /dev/null/inferredProject1* watcher already invoked: false
[09:45:56.825] Elapsed:: 0.04151900112628937ms DirectoryWatcher:: Triggered with /home/munyiri/HouseShare/src/components/#Home.js# 0:: WatchInfo: /home/munyiri/HouseShare/src 1 undefined Project: /dev/null/inferredProject1* watcher already invoked: false
[09:45:56.825] sysLog:: Elapsed:: 1.2475559934973717ms:: onTimerToUpdateChildWatches:: 0 undefined
[09:45:58.910] sysLog:: onTimerToUpdateChildWatches:: 1
[09:45:58.912] sysLog:: invokingWatchers:: Elapsed:: 1.4978770017623901ms:: 0
[09:45:58.912] DirectoryWatcher:: Triggered with /home/munyiri/HouseShare/src/components/#Home.js# 0:: WatchInfo: /home/munyiri/HouseShare/src 1 undefined Project: /dev/null/inferredProject1* watcher already invoked: false
[09:45:58.913] Elapsed:: 0.04719000309705734ms DirectoryWatcher:: Triggered with /home/munyiri/HouseShare/src/components/#Home.js# 0:: WatchInfo: /home/munyiri/HouseShare/src 1 undefined Project: /dev/null/inferredProject1* watcher already invoked: false
[09:45:58.913] sysLog:: Elapsed:: 2.457206003367901ms:: onTimerToUpdateChildWatches:: 0 undefined
