[19:04:25.120] Global cache location '/home/munyiri/.cache/typescript/4.8', safe file path '/home/munyiri/.emacs.d/.cache/lsp/npm/typescript/lib/node_modules/typescript/lib/typingSafeList.json', types map path /home/munyiri/.emacs.d/.cache/lsp/npm/typescript/lib/node_modules/typescript/lib/typesMap.json
[19:04:25.233] Processing cache location '/home/munyiri/.cache/typescript/4.8'
[19:04:25.234] Trying to find '/home/munyiri/.cache/typescript/4.8/package.json'...
[19:04:25.669] Loaded content of '/home/munyiri/.cache/typescript/4.8/package.json': {"private":true,"dependencies":{"types-registry":"^0.1.637"},"devDependencies":{"@types/babel__core":"^7.20.0","@types/babel__preset-env":"^7.9.2","@types/bluebird":"^3.5.38","@types/bootstrap":"^5.2.6","@types/ckeditor__ckeditor5-build-classic":"^29.0.1","@types/d":"^1.0.1","@types/eslint":"^8.21.3","@types/fs-extra":"^11.0.1","@types/jest":"^29.5.0","@types/js-cookie":"^3.0.2","@types/mocha":"^10.0.1","@types/mz":"^2.7.4","@types/node":"^18.13.0","@types/q":"^1.5.5","@types/react":"^18.0.29","@types/react-bootstrap":"^0.32.32","@types/react-cookies":"^0.1.0","@types/react-datetime-picker":"^3.4.1","@types/react-dom":"^18.0.11","@types/react-google-recaptcha":"^2.1.5","@types/react-native":"^0.71.5","@types/react-native-calendars":"^1.1264.3","@types/react-native-dotenv":"^0.2.0","@types/react-native-loading-spinner-overlay":"^0.5.3","@types/react-native-push-notification":"^8.1.1","@types/react-native-share":"^3.3.3","@types/react-native-signature-capture":"^0.4.2","@types/react-native-vector-icons":"^6.4.13","@types/react-redux":"^7.1.25","@types/react-router":"^5.1.20","@types/react-router-dom":"^5.3.3","@types/react-test-renderer":"^18.0.0","@types/react-transition-group":"^4.4.5","@types/redux-mock-store":"^1.0.3","@types/request":"^2.48.8","@types/rsvp":"^4.0.4","@types/shortid":"^0.0.29","@types/testing-library__jest-dom":"^5.14.5","@types/when":"^2.4.34"}}
[19:04:25.670] Loaded content of '/home/munyiri/.cache/typescript/4.8/package-lock.json'
[19:04:26.215] Adding entry into typings cache: 'babel__core' => '/home/munyiri/.cache/typescript/4.8/node_modules/@types/babel__core/index.d.ts'
[19:04:26.414] Adding entry into typings cache: 'babel__preset-env' => '/home/munyiri/.cache/typescript/4.8/node_modules/@types/babel__preset-env/index.d.ts'
[19:04:26.509] Adding entry into typings cache: 'bluebird' => '/home/munyiri/.cache/typescript/4.8/node_modules/@types/bluebird/index.d.ts'
[19:04:26.776] Adding entry into typings cache: 'bootstrap' => '/home/munyiri/.cache/typescript/4.8/node_modules/@types/bootstrap/index.d.ts'
[19:04:26.910] Adding entry into typings cache: 'ckeditor__ckeditor5-build-classic' => '/home/munyiri/.cache/typescript/4.8/node_modules/@types/ckeditor__ckeditor5-build-classic/index.d.ts'
[19:04:27.056] Adding entry into typings cache: 'd' => '/home/munyiri/.cache/typescript/4.8/node_modules/@types/d/index.d.ts'
[19:04:27.408] Adding entry into typings cache: 'eslint' => '/home/munyiri/.cache/typescript/4.8/node_modules/@types/eslint/index.d.ts'
[19:04:27.536] Adding entry into typings cache: 'fs-extra' => '/home/munyiri/.cache/typescript/4.8/node_modules/@types/fs-extra/index.d.ts'
[19:04:27.582] Adding entry into typings cache: 'jest' => '/home/munyiri/.cache/typescript/4.8/node_modules/@types/jest/index.d.ts'
[19:04:27.889] Adding entry into typings cache: 'js-cookie' => '/home/munyiri/.cache/typescript/4.8/node_modules/@types/js-cookie/index.d.ts'
[19:04:27.921] Adding entry into typings cache: 'mocha' => '/home/munyiri/.cache/typescript/4.8/node_modules/@types/mocha/index.d.ts'
[19:04:27.930] Adding entry into typings cache: 'mz' => '/home/munyiri/.cache/typescript/4.8/node_modules/@types/mz/index.d.ts'
[19:04:28.024] Adding entry into typings cache: 'node' => '/home/munyiri/.cache/typescript/4.8/node_modules/@types/node/ts4.8/index.d.ts'
[19:04:28.071] Adding entry into typings cache: 'q' => '/home/munyiri/.cache/typescript/4.8/node_modules/@types/q/index.d.ts'
[19:04:28.272] Adding entry into typings cache: 'react' => '/home/munyiri/.cache/typescript/4.8/node_modules/@types/react/index.d.ts'
[19:04:28.369] Adding entry into typings cache: 'react-bootstrap' => '/home/munyiri/.cache/typescript/4.8/node_modules/@types/react-bootstrap/index.d.ts'
[19:04:28.534] Adding entry into typings cache: 'react-cookies' => '/home/munyiri/.cache/typescript/4.8/node_modules/@types/react-cookies/index.d.ts'
[19:04:28.739] Adding entry into typings cache: 'react-datetime-picker' => '/home/munyiri/.cache/typescript/4.8/node_modules/@types/react-datetime-picker/index.d.ts'
[19:04:28.797] Adding entry into typings cache: 'react-dom' => '/home/munyiri/.cache/typescript/4.8/node_modules/@types/react-dom/index.d.ts'
[19:04:28.855] Adding entry into typings cache: 'react-google-recaptcha' => '/home/munyiri/.cache/typescript/4.8/node_modules/@types/react-google-recaptcha/index.d.ts'
[19:04:29.103] Adding entry into typings cache: 'react-native' => '/home/munyiri/.cache/typescript/4.8/node_modules/@types/react-native/index.d.ts'
[19:04:29.161] Adding entry into typings cache: 'react-native-calendars' => '/home/munyiri/.cache/typescript/4.8/node_modules/@types/react-native-calendars/index.d.ts'
[19:04:29.190] Adding entry into typings cache: 'react-native-dotenv' => '/home/munyiri/.cache/typescript/4.8/node_modules/@types/react-native-dotenv/index.d.ts'
[19:04:29.191] Adding entry into typings cache: 'react-native-loading-spinner-overlay' => '/home/munyiri/.cache/typescript/4.8/node_modules/@types/react-native-loading-spinner-overlay/index.d.ts'
[19:04:29.194] Adding entry into typings cache: 'react-native-push-notification' => '/home/munyiri/.cache/typescript/4.8/node_modules/@types/react-native-push-notification/index.d.ts'
[19:04:29.232] Adding entry into typings cache: 'react-native-share' => '/home/munyiri/.cache/typescript/4.8/node_modules/@types/react-native-share/index.d.ts'
[19:04:29.234] Adding entry into typings cache: 'react-native-signature-capture' => '/home/munyiri/.cache/typescript/4.8/node_modules/@types/react-native-signature-capture/index.d.ts'
[19:04:29.274] Adding entry into typings cache: 'react-native-vector-icons' => '/home/munyiri/.cache/typescript/4.8/node_modules/@types/react-native-vector-icons/index.d.ts'
[19:04:29.443] Adding entry into typings cache: 'react-redux' => '/home/munyiri/.cache/typescript/4.8/node_modules/@types/react-redux/index.d.ts'
[19:04:29.523] Adding entry into typings cache: 'react-router' => '/home/munyiri/.cache/typescript/4.8/node_modules/@types/react-router/index.d.ts'
[19:04:29.637] Adding entry into typings cache: 'react-router-dom' => '/home/munyiri/.cache/typescript/4.8/node_modules/@types/react-router-dom/index.d.ts'
[19:04:29.644] Adding entry into typings cache: 'react-test-renderer' => '/home/munyiri/.cache/typescript/4.8/node_modules/@types/react-test-renderer/index.d.ts'
[19:04:29.779] Adding entry into typings cache: 'react-transition-group' => '/home/munyiri/.cache/typescript/4.8/node_modules/@types/react-transition-group/index.d.ts'
[19:04:29.838] Adding entry into typings cache: 'redux-mock-store' => '/home/munyiri/.cache/typescript/4.8/node_modules/@types/redux-mock-store/index.d.ts'
[19:04:29.851] Adding entry into typings cache: 'request' => '/home/munyiri/.cache/typescript/4.8/node_modules/@types/request/index.d.ts'
[19:04:29.899] Adding entry into typings cache: 'rsvp' => '/home/munyiri/.cache/typescript/4.8/node_modules/@types/rsvp/index.d.ts'
[19:04:29.904] Adding entry into typings cache: 'shortid' => '/home/munyiri/.cache/typescript/4.8/node_modules/@types/shortid/index.d.ts'
[19:04:30.026] Adding entry into typings cache: 'testing-library__jest-dom' => '/home/munyiri/.cache/typescript/4.8/node_modules/@types/testing-library__jest-dom/index.d.ts'
[19:04:30.031] Adding entry into typings cache: 'when' => '/home/munyiri/.cache/typescript/4.8/node_modules/@types/when/index.d.ts'
[19:04:30.031] Finished processing cache location '/home/munyiri/.cache/typescript/4.8'
[19:04:30.032] Process id: 27364
[19:04:30.032] NPM location: "/usr/bin/npm" (explicit '--npmLocation' not  provided)
[19:04:30.032] validateDefaultNpmLocation: true
[19:04:30.034] Npm config file: /home/munyiri/.cache/typescript/4.8/package.json
[19:04:30.034] Updating types-registry npm package...
[19:04:30.034] Exec: "/usr/bin/npm" install --ignore-scripts types-registry@latest
