[07:53:33.063] Global cache location '/home/munyiri/.cache/typescript/4.8', safe file path '/home/munyiri/.emacs.d/.cache/lsp/npm/typescript/lib/node_modules/typescript/lib/typingSafeList.json', types map path /home/munyiri/.emacs.d/.cache/lsp/npm/typescript/lib/node_modules/typescript/lib/typesMap.json
[07:53:33.064] Processing cache location '/home/munyiri/.cache/typescript/4.8'
[07:53:33.064] Trying to find '/home/munyiri/.cache/typescript/4.8/package.json'...
[07:53:33.132] Loaded content of '/home/munyiri/.cache/typescript/4.8/package.json': {"private":true,"dependencies":{"types-registry":"^0.1.637"},"devDependencies":{"@types/babel__core":"^7.20.0","@types/babel__preset-env":"^7.9.2","@types/bluebird":"^3.5.38","@types/bootstrap":"^5.2.6","@types/ckeditor__ckeditor5-build-classic":"^29.0.1","@types/d":"^1.0.1","@types/eslint":"^8.21.3","@types/fs-extra":"^11.0.1","@types/jest":"^29.5.0","@types/js-cookie":"^3.0.2","@types/mocha":"^10.0.1","@types/mz":"^2.7.4","@types/node":"^18.13.0","@types/prettier":"^2.7.2","@types/q":"^1.5.5","@types/react":"^18.0.29","@types/react-bootstrap":"^0.32.32","@types/react-cookies":"^0.1.0","@types/react-datetime-picker":"^3.4.1","@types/react-dom":"^18.0.11","@types/react-google-recaptcha":"^2.1.5","@types/react-native":"^0.71.5","@types/react-native-calendars":"^1.1264.3","@types/react-native-dotenv":"^0.2.0","@types/react-native-loading-spinner-overlay":"^0.5.3","@types/react-native-push-notification":"^8.1.1","@types/react-native-share":"^3.3.3","@types/react-native-signature-capture":"^0.4.2","@types/react-native-vector-icons":"^6.4.13","@types/react-redux":"^7.1.25","@types/react-router":"^5.1.20","@types/react-router-dom":"^5.3.3","@types/react-test-renderer":"^18.0.0","@types/react-transition-group":"^4.4.5","@types/redux-mock-store":"^1.0.3","@types/request":"^2.48.8","@types/rsvp":"^4.0.4","@types/shortid":"^0.0.29","@types/testing-library__jest-dom":"^5.14.5","@types/when":"^2.4.34"}}
[07:53:33.132] Loaded content of '/home/munyiri/.cache/typescript/4.8/package-lock.json'
[07:53:33.222] Adding entry into typings cache: 'babel__core' => '/home/munyiri/.cache/typescript/4.8/node_modules/@types/babel__core/index.d.ts'
[07:53:33.239] Adding entry into typings cache: 'babel__preset-env' => '/home/munyiri/.cache/typescript/4.8/node_modules/@types/babel__preset-env/index.d.ts'
[07:53:33.279] Adding entry into typings cache: 'bluebird' => '/home/munyiri/.cache/typescript/4.8/node_modules/@types/bluebird/index.d.ts'
[07:53:33.316] Adding entry into typings cache: 'bootstrap' => '/home/munyiri/.cache/typescript/4.8/node_modules/@types/bootstrap/index.d.ts'
[07:53:33.349] Adding entry into typings cache: 'ckeditor__ckeditor5-build-classic' => '/home/munyiri/.cache/typescript/4.8/node_modules/@types/ckeditor__ckeditor5-build-classic/index.d.ts'
[07:53:33.380] Adding entry into typings cache: 'd' => '/home/munyiri/.cache/typescript/4.8/node_modules/@types/d/index.d.ts'
[07:53:33.408] Adding entry into typings cache: 'eslint' => '/home/munyiri/.cache/typescript/4.8/node_modules/@types/eslint/index.d.ts'
[07:53:33.434] Adding entry into typings cache: 'fs-extra' => '/home/munyiri/.cache/typescript/4.8/node_modules/@types/fs-extra/index.d.ts'
[07:53:33.445] Adding entry into typings cache: 'jest' => '/home/munyiri/.cache/typescript/4.8/node_modules/@types/jest/index.d.ts'
[07:53:33.486] Adding entry into typings cache: 'js-cookie' => '/home/munyiri/.cache/typescript/4.8/node_modules/@types/js-cookie/index.d.ts'
[07:53:33.489] Adding entry into typings cache: 'mocha' => '/home/munyiri/.cache/typescript/4.8/node_modules/@types/mocha/index.d.ts'
[07:53:33.491] Adding entry into typings cache: 'mz' => '/home/munyiri/.cache/typescript/4.8/node_modules/@types/mz/index.d.ts'
[07:53:33.497] Adding entry into typings cache: 'node' => '/home/munyiri/.cache/typescript/4.8/node_modules/@types/node/ts4.8/index.d.ts'
[07:53:33.529] Adding entry into typings cache: 'prettier' => '/home/munyiri/.cache/typescript/4.8/node_modules/@types/prettier/index.d.ts'
[07:53:33.531] Adding entry into typings cache: 'q' => '/home/munyiri/.cache/typescript/4.8/node_modules/@types/q/index.d.ts'
[07:53:33.590] Adding entry into typings cache: 'react' => '/home/munyiri/.cache/typescript/4.8/node_modules/@types/react/index.d.ts'
[07:53:33.630] Adding entry into typings cache: 'react-bootstrap' => '/home/munyiri/.cache/typescript/4.8/node_modules/@types/react-bootstrap/index.d.ts'
[07:53:33.690] Adding entry into typings cache: 'react-cookies' => '/home/munyiri/.cache/typescript/4.8/node_modules/@types/react-cookies/index.d.ts'
[07:53:33.741] Adding entry into typings cache: 'react-datetime-picker' => '/home/munyiri/.cache/typescript/4.8/node_modules/@types/react-datetime-picker/index.d.ts'
[07:53:33.793] Adding entry into typings cache: 'react-dom' => '/home/munyiri/.cache/typescript/4.8/node_modules/@types/react-dom/index.d.ts'
[07:53:33.834] Adding entry into typings cache: 'react-google-recaptcha' => '/home/munyiri/.cache/typescript/4.8/node_modules/@types/react-google-recaptcha/index.d.ts'
[07:53:33.849] Adding entry into typings cache: 'react-native' => '/home/munyiri/.cache/typescript/4.8/node_modules/@types/react-native/index.d.ts'
[07:53:33.878] Adding entry into typings cache: 'react-native-calendars' => '/home/munyiri/.cache/typescript/4.8/node_modules/@types/react-native-calendars/index.d.ts'
[07:53:33.980] Adding entry into typings cache: 'react-native-dotenv' => '/home/munyiri/.cache/typescript/4.8/node_modules/@types/react-native-dotenv/index.d.ts'
[07:53:33.985] Adding entry into typings cache: 'react-native-loading-spinner-overlay' => '/home/munyiri/.cache/typescript/4.8/node_modules/@types/react-native-loading-spinner-overlay/index.d.ts'
[07:53:33.991] Adding entry into typings cache: 'react-native-push-notification' => '/home/munyiri/.cache/typescript/4.8/node_modules/@types/react-native-push-notification/index.d.ts'
[07:53:33.998] Adding entry into typings cache: 'react-native-share' => '/home/munyiri/.cache/typescript/4.8/node_modules/@types/react-native-share/index.d.ts'
[07:53:34.001] Adding entry into typings cache: 'react-native-signature-capture' => '/home/munyiri/.cache/typescript/4.8/node_modules/@types/react-native-signature-capture/index.d.ts'
[07:53:34.005] Adding entry into typings cache: 'react-native-vector-icons' => '/home/munyiri/.cache/typescript/4.8/node_modules/@types/react-native-vector-icons/index.d.ts'
[07:53:34.046] Adding entry into typings cache: 'react-redux' => '/home/munyiri/.cache/typescript/4.8/node_modules/@types/react-redux/index.d.ts'
[07:53:34.085] Adding entry into typings cache: 'react-router' => '/home/munyiri/.cache/typescript/4.8/node_modules/@types/react-router/index.d.ts'
[07:53:34.129] Adding entry into typings cache: 'react-router-dom' => '/home/munyiri/.cache/typescript/4.8/node_modules/@types/react-router-dom/index.d.ts'
[07:53:34.131] Adding entry into typings cache: 'react-test-renderer' => '/home/munyiri/.cache/typescript/4.8/node_modules/@types/react-test-renderer/index.d.ts'
[07:53:34.177] Adding entry into typings cache: 'react-transition-group' => '/home/munyiri/.cache/typescript/4.8/node_modules/@types/react-transition-group/index.d.ts'
[07:53:34.206] Adding entry into typings cache: 'redux-mock-store' => '/home/munyiri/.cache/typescript/4.8/node_modules/@types/redux-mock-store/index.d.ts'
[07:53:34.221] Adding entry into typings cache: 'request' => '/home/munyiri/.cache/typescript/4.8/node_modules/@types/request/index.d.ts'
[07:53:34.235] Adding entry into typings cache: 'rsvp' => '/home/munyiri/.cache/typescript/4.8/node_modules/@types/rsvp/index.d.ts'
[07:53:34.240] Adding entry into typings cache: 'shortid' => '/home/munyiri/.cache/typescript/4.8/node_modules/@types/shortid/index.d.ts'
[07:53:34.266] Adding entry into typings cache: 'testing-library__jest-dom' => '/home/munyiri/.cache/typescript/4.8/node_modules/@types/testing-library__jest-dom/index.d.ts'
[07:53:34.270] Adding entry into typings cache: 'when' => '/home/munyiri/.cache/typescript/4.8/node_modules/@types/when/index.d.ts'
[07:53:34.270] Finished processing cache location '/home/munyiri/.cache/typescript/4.8'
[07:53:34.272] Process id: 64504
[07:53:34.272] NPM location: "/usr/bin/npm" (explicit '--npmLocation' not  provided)
[07:53:34.273] validateDefaultNpmLocation: true
[07:53:34.273] Npm config file: /home/munyiri/.cache/typescript/4.8/package.json
[07:53:34.274] Updating types-registry npm package...
[07:53:34.274] Exec: "/usr/bin/npm" install --ignore-scripts types-registry@latest
[07:53:54.344]     Succeeded. stdout:
    
    changed 1 package, and audited 175 packages in 9s

5 packages are looking for funding
  run `npm fund` for details

found 0 vulnerabilities

[07:53:54.345] Updated types-registry npm package
[07:54:18.713] Got install request {"projectName":"/dev/null/inferredProject1*","fileNames":["/home/munyiri/.emacs.d/.cache/lsp/npm/typescript/lib/node_modules/typescript/lib/lib.es5.d.ts","/home/munyiri/.emacs.d/.cache/lsp/npm/typescript/lib/node_modules/typescript/lib/lib.es2015.d.ts","/home/munyiri/.emacs.d/.cache/lsp/npm/typescript/lib/node_modules/typescript/lib/lib.es2016.d.ts","/home/munyiri/.emacs.d/.cache/lsp/npm/typescript/lib/node_modules/typescript/lib/lib.dom.d.ts","/home/munyiri/.emacs.d/.cache/lsp/npm/typescript/lib/node_modules/typescript/lib/lib.dom.iterable.d.ts","/home/munyiri/.emacs.d/.cache/lsp/npm/typescript/lib/node_modules/typescript/lib/lib.webworker.importscripts.d.ts","/home/munyiri/.emacs.d/.cache/lsp/npm/typescript/lib/node_modules/typescript/lib/lib.scripthost.d.ts","/home/munyiri/.emacs.d/.cache/lsp/npm/typescript/lib/node_modules/typescript/lib/lib.es2015.core.d.ts","/home/munyiri/.emacs.d/.cache/lsp/npm/typescript/lib/node_modules/typescript/lib/lib.es2015.collection.d.ts","/home/munyiri/.emacs.d/.cache/lsp/npm/typescript/lib/node_modules/typescript/lib/lib.es2015.generator.d.ts","/home/munyiri/.emacs.d/.cache/lsp/npm/typescript/lib/node_modules/typescript/lib/lib.es2015.iterable.d.ts","/home/munyiri/.emacs.d/.cache/lsp/npm/typescript/lib/node_modules/typescript/lib/lib.es2015.promise.d.ts","/home/munyiri/.emacs.d/.cache/lsp/npm/typescript/lib/node_modules/typescript/lib/lib.es2015.proxy.d.ts","/home/munyiri/.emacs.d/.cache/lsp/npm/typescript/lib/node_modules/typescript/lib/lib.es2015.reflect.d.ts","/home/munyiri/.emacs.d/.cache/lsp/npm/typescript/lib/node_modules/typescript/lib/lib.es2015.symbol.d.ts","/home/munyiri/.emacs.d/.cache/lsp/npm/typescript/lib/node_modules/typescript/lib/lib.es2015.symbol.wellknown.d.ts","/home/munyiri/.emacs.d/.cache/lsp/npm/typescript/lib/node_modules/typescript/lib/lib.es2016.array.include.d.ts","/home/munyiri/.emacs.d/.cache/lsp/npm/typescript/lib/node_modules/typescript/lib/lib.es2016.full.d.ts","/home/munyiri/HouseShare/src/components/Home.js"],"compilerOptions":{"module":1,"target":3,"jsx":1,"allowJs":true,"allowSyntheticDefaultImports":true,"allowNonTsExtensions":true,"noEmitForJsFiles":true,"maxNodeModuleJsDepth":2},"typeAcquisition":{"enable":true,"include":[],"exclude":[]},"unresolvedImports":[],"projectRootPath":"/home/munyiri/HouseShare","kind":"discover"}
[07:54:18.746] Loaded safelist from types map file '/home/munyiri/.emacs.d/.cache/lsp/npm/typescript/lib/node_modules/typescript/lib/typesMap.json'
[07:54:18.747] Explicitly included types: []
[07:54:18.748] Typing names in '/home/munyiri/HouseShare/package.json' dependencies: ["@react-native-community/geolocation","@reduxjs/toolkit","expo","expo-splash-screen","expo-status-bar","react","react-native","react-native-open-maps","react-redux","@babel/core","@types/react-redux"]
[07:54:18.748] Searching for typing names in /home/munyiri/HouseShare/node_modules; all files: ["/home/munyiri/HouseShare/node_modules/@react-native-community/geolocation/package.json","/home/munyiri/HouseShare/node_modules/@reduxjs/toolkit/package.json","/home/munyiri/HouseShare/node_modules/expo/package.json","/home/munyiri/HouseShare/node_modules/expo-splash-screen/package.json","/home/munyiri/HouseShare/node_modules/expo-status-bar/package.json","/home/munyiri/HouseShare/node_modules/react/package.json","/home/munyiri/HouseShare/node_modules/react-native/package.json","/home/munyiri/HouseShare/node_modules/react-native-open-maps/package.json","/home/munyiri/HouseShare/node_modules/react-redux/package.json","/home/munyiri/HouseShare/node_modules/@babel/core/package.json","/home/munyiri/HouseShare/node_modules/@types/react-redux/package.json"]
[07:54:18.751]     Package '@react-native-community/geolocation' provides its own types.
[07:54:18.753]     Package '@reduxjs/toolkit' provides its own types.
[07:54:18.759]     Package 'expo' provides its own types.
[07:54:18.760]     Package 'expo-splash-screen' provides its own types.
[07:54:18.760]     Package 'expo-status-bar' provides its own types.
[07:54:18.773]     Package 'react-native' provides its own types but they are missing.
[07:54:18.777]     Package 'react-redux' provides its own types.
[07:54:18.789]     Package '@types/react-redux' provides its own types.
[07:54:18.789]     Found package names: ["react","react-native-open-maps","@babel/core"]
[07:54:18.790] Inferred typings from unresolved imports: []
[07:54:18.790] Result: {"cachedTypingPaths":["/home/munyiri/HouseShare/node_modules/@react-native-community/geolocation/lib/typescript/index.d.ts","/home/munyiri/HouseShare/node_modules/@reduxjs/toolkit/dist/index.d.ts","/home/munyiri/HouseShare/node_modules/expo/build/Expo.d.ts","/home/munyiri/HouseShare/node_modules/expo-splash-screen/build/index.d.ts","/home/munyiri/HouseShare/node_modules/expo-status-bar/build/StatusBar.d.ts","/home/munyiri/.cache/typescript/4.8/node_modules/@types/react-native/index.d.ts","/home/munyiri/HouseShare/node_modules/react-redux/es/index.d.ts","/home/munyiri/HouseShare/node_modules/@types/react-redux/index.d.ts"],"newTypingNames":["react","react-native-open-maps","@babel/core"],"filesToWatch":["/home/munyiri/HouseShare/src/components/bower_components","/home/munyiri/HouseShare/src/components/node_modules","/home/munyiri/HouseShare/bower_components","/home/munyiri/HouseShare/package.json","/home/munyiri/HouseShare/node_modules"]}
[07:54:18.791] Finished typings discovery: {"cachedTypingPaths":["/home/munyiri/HouseShare/node_modules/@react-native-community/geolocation/lib/typescript/index.d.ts","/home/munyiri/HouseShare/node_modules/@reduxjs/toolkit/dist/index.d.ts","/home/munyiri/HouseShare/node_modules/expo/build/Expo.d.ts","/home/munyiri/HouseShare/node_modules/expo-splash-screen/build/index.d.ts","/home/munyiri/HouseShare/node_modules/expo-status-bar/build/StatusBar.d.ts","/home/munyiri/.cache/typescript/4.8/node_modules/@types/react-native/index.d.ts","/home/munyiri/HouseShare/node_modules/react-redux/es/index.d.ts","/home/munyiri/HouseShare/node_modules/@types/react-redux/index.d.ts"],"newTypingNames":["react","react-native-open-maps","@babel/core"],"filesToWatch":["/home/munyiri/HouseShare/src/components/bower_components","/home/munyiri/HouseShare/src/components/node_modules","/home/munyiri/HouseShare/bower_components","/home/munyiri/HouseShare/package.json","/home/munyiri/HouseShare/node_modules"]}
[07:54:18.791] DirectoryWatcher:: Added:: WatchInfo: /home/munyiri/HouseShare/src
[07:54:18.791] DirectoryWatcher:: Added:: WatchInfo: /home/munyiri/HouseShare/src 1 undefined Project: /dev/null/inferredProject1* watcher already invoked: false
[07:54:18.794] Elapsed:: 2.344322994351387ms DirectoryWatcher:: Added:: WatchInfo: /home/munyiri/HouseShare/src 1 undefined Project: /dev/null/inferredProject1* watcher already invoked: false
[07:54:18.794] DirectoryWatcher:: Added:: WatchInfo: /home/munyiri/HouseShare/bower_components
[07:54:18.794] DirectoryWatcher:: Added:: WatchInfo: /home/munyiri/HouseShare/bower_components 1 undefined Project: /dev/null/inferredProject1* watcher already invoked: false
[07:54:18.796] Elapsed:: 1.4247559905052185ms DirectoryWatcher:: Added:: WatchInfo: /home/munyiri/HouseShare/bower_components 1 undefined Project: /dev/null/inferredProject1* watcher already invoked: false
[07:54:18.796] FileWatcher:: Added:: WatchInfo: /home/munyiri/HouseShare/package.json
[07:54:18.796] FileWatcher:: Added:: WatchInfo: /home/munyiri/HouseShare/package.json 2000 undefined Project: /dev/null/inferredProject1* watcher already invoked: false
[07:54:18.796] DirectoryWatcher:: Added:: WatchInfo: /home/munyiri/HouseShare/node_modules
[07:54:18.796] DirectoryWatcher:: Added:: WatchInfo: /home/munyiri/HouseShare/node_modules 1 undefined Project: /dev/null/inferredProject1* watcher already invoked: false
[07:54:19.260] Elapsed:: 463.3115289956331ms DirectoryWatcher:: Added:: WatchInfo: /home/munyiri/HouseShare/node_modules 1 undefined Project: /dev/null/inferredProject1* watcher already invoked: false
[07:54:19.260] Installing typings ["react","react-native-open-maps","@babel/core"]
[07:54:19.261] 'react-native-open-maps':: Entry for package 'react-native-open-maps' does not exist in local types registry - skipping...
[07:54:19.261] '@babel/core':: 'babel__core' already has an up-to-date typing - skipping...
[07:54:19.261] Npm config file: /home/munyiri/.cache/typescript/4.8/package.json
[07:54:19.261] Sending response:
    {"kind":"event::beginInstallTypes","eventId":1,"typingsInstallerVersion":"4.8.3","projectName":"/dev/null/inferredProject1*"}
[07:54:19.262] Response has been sent.
[07:54:19.262] #1 with arguments'["@types/react@ts4.8"]'.
[07:54:19.262] Exec: "/usr/bin/npm" install --ignore-scripts @types/react@ts4.8 --save-dev --user-agent="typesInstaller/4.8.3"
[07:54:21.309]     Succeeded. stdout:
    
    changed 1 package, and audited 175 packages in 2s

5 packages are looking for funding
  run `npm fund` for details

found 0 vulnerabilities

[07:54:21.309] npm install #1 took: 2047 ms
[07:54:21.310] Installed typings ["@types/react@ts4.8"]
[07:54:21.317] Installed typing files ["/home/munyiri/.cache/typescript/4.8/node_modules/@types/react/index.d.ts"]
[07:54:21.317] Sending response:
    {"projectName":"/dev/null/inferredProject1*","typeAcquisition":{"enable":true,"include":[],"exclude":[]},"compilerOptions":{"module":1,"target":3,"jsx":1,"allowJs":true,"allowSyntheticDefaultImports":true,"allowNonTsExtensions":true,"noEmitForJsFiles":true,"maxNodeModuleJsDepth":2},"typings":["/home/munyiri/HouseShare/node_modules/@react-native-community/geolocation/lib/typescript/index.d.ts","/home/munyiri/HouseShare/node_modules/@reduxjs/toolkit/dist/index.d.ts","/home/munyiri/HouseShare/node_modules/expo/build/Expo.d.ts","/home/munyiri/HouseShare/node_modules/expo-splash-screen/build/index.d.ts","/home/munyiri/HouseShare/node_modules/expo-status-bar/build/StatusBar.d.ts","/home/munyiri/.cache/typescript/4.8/node_modules/@types/react-native/index.d.ts","/home/munyiri/HouseShare/node_modules/react-redux/es/index.d.ts","/home/munyiri/HouseShare/node_modules/@types/react-redux/index.d.ts","/home/munyiri/.cache/typescript/4.8/node_modules/@types/react/index.d.ts"],"unresolvedImports":[],"kind":"action::set"}
[07:54:21.317] Response has been sent.
[07:54:21.317] Sending response:
    {"kind":"event::endInstallTypes","eventId":1,"projectName":"/dev/null/inferredProject1*","packagesToInstall":["@types/react@ts4.8"],"installSuccess":true,"typingsInstallerVersion":"4.8.3"}
[07:54:21.317] Response has been sent.
[07:54:22.155] Got install request {"projectName":"/dev/null/inferredProject1*","fileNames":["/home/munyiri/.emacs.d/.cache/lsp/npm/typescript/lib/node_modules/typescript/lib/lib.es5.d.ts","/home/munyiri/.emacs.d/.cache/lsp/npm/typescript/lib/node_modules/typescript/lib/lib.es2015.d.ts","/home/munyiri/.emacs.d/.cache/lsp/npm/typescript/lib/node_modules/typescript/lib/lib.es2016.d.ts","/home/munyiri/.emacs.d/.cache/lsp/npm/typescript/lib/node_modules/typescript/lib/lib.dom.d.ts","/home/munyiri/.emacs.d/.cache/lsp/npm/typescript/lib/node_modules/typescript/lib/lib.dom.iterable.d.ts","/home/munyiri/.emacs.d/.cache/lsp/npm/typescript/lib/node_modules/typescript/lib/lib.webworker.importscripts.d.ts","/home/munyiri/.emacs.d/.cache/lsp/npm/typescript/lib/node_modules/typescript/lib/lib.scripthost.d.ts","/home/munyiri/.emacs.d/.cache/lsp/npm/typescript/lib/node_modules/typescript/lib/lib.es2015.core.d.ts","/home/munyiri/.emacs.d/.cache/lsp/npm/typescript/lib/node_modules/typescript/lib/lib.es2015.collection.d.ts","/home/munyiri/.emacs.d/.cache/lsp/npm/typescript/lib/node_modules/typescript/lib/lib.es2015.generator.d.ts","/home/munyiri/.emacs.d/.cache/lsp/npm/typescript/lib/node_modules/typescript/lib/lib.es2015.iterable.d.ts","/home/munyiri/.emacs.d/.cache/lsp/npm/typescript/lib/node_modules/typescript/lib/lib.es2015.promise.d.ts","/home/munyiri/.emacs.d/.cache/lsp/npm/typescript/lib/node_modules/typescript/lib/lib.es2015.proxy.d.ts","/home/munyiri/.emacs.d/.cache/lsp/npm/typescript/lib/node_modules/typescript/lib/lib.es2015.reflect.d.ts","/home/munyiri/.emacs.d/.cache/lsp/npm/typescript/lib/node_modules/typescript/lib/lib.es2015.symbol.d.ts","/home/munyiri/.emacs.d/.cache/lsp/npm/typescript/lib/node_modules/typescript/lib/lib.es2015.symbol.wellknown.d.ts","/home/munyiri/.emacs.d/.cache/lsp/npm/typescript/lib/node_modules/typescript/lib/lib.es2016.array.include.d.ts","/home/munyiri/.emacs.d/.cache/lsp/npm/typescript/lib/node_modules/typescript/lib/lib.es2016.full.d.ts","/home/munyiri/.cache/typescript/4.8/node_modules/@types/react/index.d.ts","/home/munyiri/HouseShare/node_modules/react-redux/es/index.d.ts","/home/munyiri/HouseShare/node_modules/@react-native-community/geolocation/lib/typescript/index.d.ts","/home/munyiri/HouseShare/src/components/Home.js","/home/munyiri/.cache/typescript/4.8/node_modules/@types/react-native/modules/BatchedBridge.d.ts","/home/munyiri/.cache/typescript/4.8/node_modules/@types/react-native/modules/Codegen.d.ts","/home/munyiri/.cache/typescript/4.8/node_modules/@types/react-native/modules/Devtools.d.ts","/home/munyiri/.cache/typescript/4.8/node_modules/@types/react-native/modules/globals.d.ts","/home/munyiri/.cache/typescript/4.8/node_modules/@types/react-native/modules/LaunchScreen.d.ts","/home/munyiri/.cache/typescript/4.8/node_modules/@types/react-native/index.d.ts","/home/munyiri/.cache/typescript/4.8/node_modules/@types/react/global.d.ts","/home/munyiri/HouseShare/node_modules/@reduxjs/toolkit/dist/index.d.ts","/home/munyiri/HouseShare/node_modules/@types/react-redux/index.d.ts","/home/munyiri/HouseShare/node_modules/expo-splash-screen/build/index.d.ts","/home/munyiri/HouseShare/node_modules/expo-status-bar/build/StatusBar.d.ts","/home/munyiri/HouseShare/node_modules/expo/build/Expo.d.ts"],"compilerOptions":{"module":1,"target":3,"jsx":1,"allowJs":true,"allowSyntheticDefaultImports":true,"allowNonTsExtensions":true,"noEmitForJsFiles":true,"maxNodeModuleJsDepth":2},"typeAcquisition":{"enable":true,"include":[],"exclude":[]},"unresolvedImports":["react-native"],"projectRootPath":"/home/munyiri/HouseShare","kind":"discover"}
[07:54:22.155] Explicitly included types: []
[07:54:22.156] Typing names in '/home/munyiri/HouseShare/package.json' dependencies: ["@react-native-community/geolocation","@reduxjs/toolkit","expo","expo-splash-screen","expo-status-bar","react","react-native","react-native-open-maps","react-redux","@babel/core","@types/react-redux"]
[07:54:22.156] Searching for typing names in /home/munyiri/HouseShare/node_modules; all files: ["/home/munyiri/HouseShare/node_modules/@react-native-community/geolocation/package.json","/home/munyiri/HouseShare/node_modules/@reduxjs/toolkit/package.json","/home/munyiri/HouseShare/node_modules/expo/package.json","/home/munyiri/HouseShare/node_modules/expo-splash-screen/package.json","/home/munyiri/HouseShare/node_modules/expo-status-bar/package.json","/home/munyiri/HouseShare/node_modules/react/package.json","/home/munyiri/HouseShare/node_modules/react-native/package.json","/home/munyiri/HouseShare/node_modules/react-native-open-maps/package.json","/home/munyiri/HouseShare/node_modules/react-redux/package.json","/home/munyiri/HouseShare/node_modules/@babel/core/package.json","/home/munyiri/HouseShare/node_modules/@types/react-redux/package.json"]
[07:54:22.158]     Package '@react-native-community/geolocation' provides its own types.
[07:54:22.160]     Package '@reduxjs/toolkit' provides its own types.
[07:54:22.165]     Package 'expo' provides its own types.
[07:54:22.166]     Package 'expo-splash-screen' provides its own types.
[07:54:22.167]     Package 'expo-status-bar' provides its own types.
[07:54:22.177]     Package 'react-native' provides its own types but they are missing.
[07:54:22.181]     Package 'react-redux' provides its own types.
[07:54:22.184]     Package '@types/react-redux' provides its own types.
[07:54:22.184]     Found package names: ["react","react-native-open-maps","@babel/core"]
[07:54:22.185] Inferred typings from unresolved imports: ["react-native"]
[07:54:22.186] Result: {"cachedTypingPaths":["/home/munyiri/HouseShare/node_modules/@react-native-community/geolocation/lib/typescript/index.d.ts","/home/munyiri/HouseShare/node_modules/@reduxjs/toolkit/dist/index.d.ts","/home/munyiri/HouseShare/node_modules/expo/build/Expo.d.ts","/home/munyiri/HouseShare/node_modules/expo-splash-screen/build/index.d.ts","/home/munyiri/HouseShare/node_modules/expo-status-bar/build/StatusBar.d.ts","/home/munyiri/.cache/typescript/4.8/node_modules/@types/react/index.d.ts","/home/munyiri/.cache/typescript/4.8/node_modules/@types/react-native/index.d.ts","/home/munyiri/HouseShare/node_modules/react-redux/es/index.d.ts","/home/munyiri/HouseShare/node_modules/@types/react-redux/index.d.ts"],"newTypingNames":["react-native-open-maps","@babel/core"],"filesToWatch":["/home/munyiri/HouseShare/src/components/bower_components","/home/munyiri/HouseShare/src/components/node_modules","/home/munyiri/HouseShare/bower_components","/home/munyiri/HouseShare/package.json","/home/munyiri/HouseShare/node_modules"]}
[07:54:22.186] Finished typings discovery: {"cachedTypingPaths":["/home/munyiri/HouseShare/node_modules/@react-native-community/geolocation/lib/typescript/index.d.ts","/home/munyiri/HouseShare/node_modules/@reduxjs/toolkit/dist/index.d.ts","/home/munyiri/HouseShare/node_modules/expo/build/Expo.d.ts","/home/munyiri/HouseShare/node_modules/expo-splash-screen/build/index.d.ts","/home/munyiri/HouseShare/node_modules/expo-status-bar/build/StatusBar.d.ts","/home/munyiri/.cache/typescript/4.8/node_modules/@types/react/index.d.ts","/home/munyiri/.cache/typescript/4.8/node_modules/@types/react-native/index.d.ts","/home/munyiri/HouseShare/node_modules/react-redux/es/index.d.ts","/home/munyiri/HouseShare/node_modules/@types/react-redux/index.d.ts"],"newTypingNames":["react-native-open-maps","@babel/core"],"filesToWatch":["/home/munyiri/HouseShare/src/components/bower_components","/home/munyiri/HouseShare/src/components/node_modules","/home/munyiri/HouseShare/bower_components","/home/munyiri/HouseShare/package.json","/home/munyiri/HouseShare/node_modules"]}
[07:54:22.186] Installing typings ["react-native-open-maps","@babel/core"]
[07:54:22.186] 'react-native-open-maps':: Entry for package 'react-native-open-maps' does not exist in local types registry - skipping...
[07:54:22.187] '@babel/core':: 'babel__core' already has an up-to-date typing - skipping...
[07:54:22.187] All typings are known to be missing or invalid - no need to install more typings
[07:54:22.187] Sending response:
    {"projectName":"/dev/null/inferredProject1*","typeAcquisition":{"enable":true,"include":[],"exclude":[]},"compilerOptions":{"module":1,"target":3,"jsx":1,"allowJs":true,"allowSyntheticDefaultImports":true,"allowNonTsExtensions":true,"noEmitForJsFiles":true,"maxNodeModuleJsDepth":2},"typings":["/home/munyiri/HouseShare/node_modules/@react-native-community/geolocation/lib/typescript/index.d.ts","/home/munyiri/HouseShare/node_modules/@reduxjs/toolkit/dist/index.d.ts","/home/munyiri/HouseShare/node_modules/expo/build/Expo.d.ts","/home/munyiri/HouseShare/node_modules/expo-splash-screen/build/index.d.ts","/home/munyiri/HouseShare/node_modules/expo-status-bar/build/StatusBar.d.ts","/home/munyiri/.cache/typescript/4.8/node_modules/@types/react/index.d.ts","/home/munyiri/.cache/typescript/4.8/node_modules/@types/react-native/index.d.ts","/home/munyiri/HouseShare/node_modules/react-redux/es/index.d.ts","/home/munyiri/HouseShare/node_modules/@types/react-redux/index.d.ts"],"unresolvedImports":["react-native"],"kind":"action::set"}
[07:54:22.187] Response has been sent.
[07:54:24.010] Got install request {"projectName":"/dev/null/inferredProject1*","fileNames":["/home/munyiri/.emacs.d/.cache/lsp/npm/typescript/lib/node_modules/typescript/lib/lib.es5.d.ts","/home/munyiri/.emacs.d/.cache/lsp/npm/typescript/lib/node_modules/typescript/lib/lib.es2015.d.ts","/home/munyiri/.emacs.d/.cache/lsp/npm/typescript/lib/node_modules/typescript/lib/lib.es2016.d.ts","/home/munyiri/.emacs.d/.cache/lsp/npm/typescript/lib/node_modules/typescript/lib/lib.dom.d.ts","/home/munyiri/.emacs.d/.cache/lsp/npm/typescript/lib/node_modules/typescript/lib/lib.dom.iterable.d.ts","/home/munyiri/.emacs.d/.cache/lsp/npm/typescript/lib/node_modules/typescript/lib/lib.webworker.importscripts.d.ts","/home/munyiri/.emacs.d/.cache/lsp/npm/typescript/lib/node_modules/typescript/lib/lib.scripthost.d.ts","/home/munyiri/.emacs.d/.cache/lsp/npm/typescript/lib/node_modules/typescript/lib/lib.es2015.core.d.ts","/home/munyiri/.emacs.d/.cache/lsp/npm/typescript/lib/node_modules/typescript/lib/lib.es2015.collection.d.ts","/home/munyiri/.emacs.d/.cache/lsp/npm/typescript/lib/node_modules/typescript/lib/lib.es2015.generator.d.ts","/home/munyiri/.emacs.d/.cache/lsp/npm/typescript/lib/node_modules/typescript/lib/lib.es2015.iterable.d.ts","/home/munyiri/.emacs.d/.cache/lsp/npm/typescript/lib/node_modules/typescript/lib/lib.es2015.promise.d.ts","/home/munyiri/.emacs.d/.cache/lsp/npm/typescript/lib/node_modules/typescript/lib/lib.es2015.proxy.d.ts","/home/munyiri/.emacs.d/.cache/lsp/npm/typescript/lib/node_modules/typescript/lib/lib.es2015.reflect.d.ts","/home/munyiri/.emacs.d/.cache/lsp/npm/typescript/lib/node_modules/typescript/lib/lib.es2015.symbol.d.ts","/home/munyiri/.emacs.d/.cache/lsp/npm/typescript/lib/node_modules/typescript/lib/lib.es2015.symbol.wellknown.d.ts","/home/munyiri/.emacs.d/.cache/lsp/npm/typescript/lib/node_modules/typescript/lib/lib.es2016.array.include.d.ts","/home/munyiri/.emacs.d/.cache/lsp/npm/typescript/lib/node_modules/typescript/lib/lib.es2016.full.d.ts","/home/munyiri/.cache/typescript/4.8/node_modules/@types/react/index.d.ts","/home/munyiri/HouseShare/node_modules/react-redux/es/index.d.ts","/home/munyiri/HouseShare/node_modules/@react-native-community/geolocation/lib/typescript/index.d.ts","/home/munyiri/HouseShare/src/components/Home.js","/home/munyiri/.cache/typescript/4.8/node_modules/@types/react-native/modules/BatchedBridge.d.ts","/home/munyiri/.cache/typescript/4.8/node_modules/@types/react-native/modules/Codegen.d.ts","/home/munyiri/.cache/typescript/4.8/node_modules/@types/react-native/modules/Devtools.d.ts","/home/munyiri/.cache/typescript/4.8/node_modules/@types/react-native/modules/globals.d.ts","/home/munyiri/.cache/typescript/4.8/node_modules/@types/react-native/modules/LaunchScreen.d.ts","/home/munyiri/.cache/typescript/4.8/node_modules/@types/react-native/index.d.ts","/home/munyiri/.cache/typescript/4.8/node_modules/@types/react/global.d.ts","/home/munyiri/HouseShare/node_modules/@reduxjs/toolkit/dist/index.d.ts","/home/munyiri/HouseShare/node_modules/@types/react-redux/index.d.ts","/home/munyiri/HouseShare/node_modules/expo-splash-screen/build/index.d.ts","/home/munyiri/HouseShare/node_modules/expo-status-bar/build/StatusBar.d.ts","/home/munyiri/HouseShare/node_modules/expo/build/Expo.d.ts"],"compilerOptions":{"module":1,"target":3,"jsx":1,"allowJs":true,"allowSyntheticDefaultImports":true,"allowNonTsExtensions":true,"noEmitForJsFiles":true,"maxNodeModuleJsDepth":2},"typeAcquisition":{"enable":true,"include":[],"exclude":[]},"unresolvedImports":["react-native"],"projectRootPath":"/home/munyiri/HouseShare","kind":"discover"}
[07:54:24.010] Explicitly included types: []
[07:54:24.010] Typing names in '/home/munyiri/HouseShare/package.json' dependencies: ["@react-native-community/geolocation","@reduxjs/toolkit","expo","expo-splash-screen","expo-status-bar","react","react-native","react-native-open-maps","react-redux","@babel/core","@types/react-redux"]
[07:54:24.011] Searching for typing names in /home/munyiri/HouseShare/node_modules; all files: ["/home/munyiri/HouseShare/node_modules/@react-native-community/geolocation/package.json","/home/munyiri/HouseShare/node_modules/@reduxjs/toolkit/package.json","/home/munyiri/HouseShare/node_modules/expo/package.json","/home/munyiri/HouseShare/node_modules/expo-splash-screen/package.json","/home/munyiri/HouseShare/node_modules/expo-status-bar/package.json","/home/munyiri/HouseShare/node_modules/react/package.json","/home/munyiri/HouseShare/node_modules/react-native/package.json","/home/munyiri/HouseShare/node_modules/react-native-open-maps/package.json","/home/munyiri/HouseShare/node_modules/react-redux/package.json","/home/munyiri/HouseShare/node_modules/@babel/core/package.json","/home/munyiri/HouseShare/node_modules/@types/react-redux/package.json"]
[07:54:24.015]     Package '@react-native-community/geolocation' provides its own types.
[07:54:24.017]     Package '@reduxjs/toolkit' provides its own types.
[07:54:24.017]     Package 'expo' provides its own types.
[07:54:24.020]     Package 'expo-splash-screen' provides its own types.
[07:54:24.020]     Package 'expo-status-bar' provides its own types.
[07:54:24.022]     Package 'react-native' provides its own types but they are missing.
[07:54:24.025]     Package 'react-redux' provides its own types.
[07:54:24.028]     Package '@types/react-redux' provides its own types.
[07:54:24.028]     Found package names: ["react","react-native-open-maps","@babel/core"]
[07:54:24.028] Inferred typings from unresolved imports: ["react-native"]
[07:54:24.028] Result: {"cachedTypingPaths":["/home/munyiri/HouseShare/node_modules/@react-native-community/geolocation/lib/typescript/index.d.ts","/home/munyiri/HouseShare/node_modules/@reduxjs/toolkit/dist/index.d.ts","/home/munyiri/HouseShare/node_modules/expo/build/Expo.d.ts","/home/munyiri/HouseShare/node_modules/expo-splash-screen/build/index.d.ts","/home/munyiri/HouseShare/node_modules/expo-status-bar/build/StatusBar.d.ts","/home/munyiri/.cache/typescript/4.8/node_modules/@types/react/index.d.ts","/home/munyiri/.cache/typescript/4.8/node_modules/@types/react-native/index.d.ts","/home/munyiri/HouseShare/node_modules/react-redux/es/index.d.ts","/home/munyiri/HouseShare/node_modules/@types/react-redux/index.d.ts"],"newTypingNames":["react-native-open-maps","@babel/core"],"filesToWatch":["/home/munyiri/HouseShare/src/components/bower_components","/home/munyiri/HouseShare/src/components/node_modules","/home/munyiri/HouseShare/bower_components","/home/munyiri/HouseShare/package.json","/home/munyiri/HouseShare/node_modules"]}
[07:54:24.028] Finished typings discovery: {"cachedTypingPaths":["/home/munyiri/HouseShare/node_modules/@react-native-community/geolocation/lib/typescript/index.d.ts","/home/munyiri/HouseShare/node_modules/@reduxjs/toolkit/dist/index.d.ts","/home/munyiri/HouseShare/node_modules/expo/build/Expo.d.ts","/home/munyiri/HouseShare/node_modules/expo-splash-screen/build/index.d.ts","/home/munyiri/HouseShare/node_modules/expo-status-bar/build/StatusBar.d.ts","/home/munyiri/.cache/typescript/4.8/node_modules/@types/react/index.d.ts","/home/munyiri/.cache/typescript/4.8/node_modules/@types/react-native/index.d.ts","/home/munyiri/HouseShare/node_modules/react-redux/es/index.d.ts","/home/munyiri/HouseShare/node_modules/@types/react-redux/index.d.ts"],"newTypingNames":["react-native-open-maps","@babel/core"],"filesToWatch":["/home/munyiri/HouseShare/src/components/bower_components","/home/munyiri/HouseShare/src/components/node_modules","/home/munyiri/HouseShare/bower_components","/home/munyiri/HouseShare/package.json","/home/munyiri/HouseShare/node_modules"]}
[07:54:24.028] Installing typings ["react-native-open-maps","@babel/core"]
[07:54:24.028] 'react-native-open-maps':: Entry for package 'react-native-open-maps' does not exist in local types registry - skipping...
[07:54:24.028] '@babel/core':: 'babel__core' already has an up-to-date typing - skipping...
[07:54:24.028] All typings are known to be missing or invalid - no need to install more typings
[07:54:24.028] Sending response:
    {"projectName":"/dev/null/inferredProject1*","typeAcquisition":{"enable":true,"include":[],"exclude":[]},"compilerOptions":{"module":1,"target":3,"jsx":1,"allowJs":true,"allowSyntheticDefaultImports":true,"allowNonTsExtensions":true,"noEmitForJsFiles":true,"maxNodeModuleJsDepth":2},"typings":["/home/munyiri/HouseShare/node_modules/@react-native-community/geolocation/lib/typescript/index.d.ts","/home/munyiri/HouseShare/node_modules/@reduxjs/toolkit/dist/index.d.ts","/home/munyiri/HouseShare/node_modules/expo/build/Expo.d.ts","/home/munyiri/HouseShare/node_modules/expo-splash-screen/build/index.d.ts","/home/munyiri/HouseShare/node_modules/expo-status-bar/build/StatusBar.d.ts","/home/munyiri/.cache/typescript/4.8/node_modules/@types/react/index.d.ts","/home/munyiri/.cache/typescript/4.8/node_modules/@types/react-native/index.d.ts","/home/munyiri/HouseShare/node_modules/react-redux/es/index.d.ts","/home/munyiri/HouseShare/node_modules/@types/react-redux/index.d.ts"],"unresolvedImports":["react-native"],"kind":"action::set"}
[07:54:24.029] Response has been sent.
